[1.630s] Invoking command in '/mnt/c/Users/Administrator/Documents/SLAM/Autonomous-Robot-Mapping-Localization-with-ROS-2-and-SLAM-1/navbot/build/navbot_localization': CMAKE_PREFIX_PATH=${CMAKE_PREFIX_PATH}:/opt/ros/jazzy /usr/bin/cmake /mnt/c/Users/Administrator/Documents/SLAM/Autonomous-Robot-Mapping-Localization-with-ROS-2-and-SLAM-1/navbot/src/navbot_localization -DCMAKE_INSTALL_PREFIX=/mnt/c/Users/Administrator/Documents/SLAM/Autonomous-Robot-Mapping-Localization-with-ROS-2-and-SLAM-1/navbot/install/navbot_localization
[2.505s] -- The C compiler identification is GNU 13.3.0
[4.710s] -- The CXX compiler identification is GNU 13.3.0
[7.258s] -- Detecting C compiler ABI info
[9.650s] -- Detecting C compiler ABI info - done
[9.768s] -- Check for working C compiler: /usr/bin/cc - skipped
[9.771s] -- Detecting C compile features
[9.773s] -- Detecting C compile features - done
[10.312s] -- Detecting CXX compiler ABI info
[13.555s] -- Detecting CXX compiler ABI info - done
[13.670s] -- Check for working CXX compiler: /usr/bin/c++ - skipped
[13.676s] -- Detecting CXX compile features
[13.679s] -- Detecting CXX compile features - done
[13.900s] -- Found ament_cmake: 2.5.5 (/opt/ros/jazzy/share/ament_cmake/cmake)
[20.520s] -- Found Python3: /usr/bin/python3 (found version "3.12.3") found components: Interpreter 
[25.788s] -- Found rclcpp: 28.1.16 (/opt/ros/jazzy/share/rclcpp/cmake)
[28.446s] -- Found rosidl_generator_c: 4.6.7 (/opt/ros/jazzy/share/rosidl_generator_c/cmake)
[28.987s] -- Found rosidl_generator_cpp: 4.6.7 (/opt/ros/jazzy/share/rosidl_generator_cpp/cmake)
[29.421s] -- Using all available rosidl_typesupport_c: rosidl_typesupport_fastrtps_c;rosidl_typesupport_introspection_c
[29.844s] -- Using all available rosidl_typesupport_cpp: rosidl_typesupport_fastrtps_cpp;rosidl_typesupport_introspection_cpp
[31.624s] -- Found rmw_implementation_cmake: 7.3.3 (/opt/ros/jazzy/share/rmw_implementation_cmake/cmake)
[31.846s] -- Found rmw_fastrtps_cpp: 8.4.3 (/opt/ros/jazzy/share/rmw_fastrtps_cpp/cmake)
[33.419s] -- Found OpenSSL: /usr/lib/x86_64-linux-gnu/libcrypto.so (found version "3.0.13")  
[34.080s] -- Found FastRTPS: /opt/ros/jazzy/include (Required is at least version "2.13") 
[34.486s] -- Using RMW implementation 'rmw_fastrtps_cpp' as default
[36.713s] -- Found rclpy: 7.1.9 (/opt/ros/jazzy/share/rclpy/cmake)
[36.923s] -- Found nav_msgs: 5.3.6 (/opt/ros/jazzy/share/nav_msgs/cmake)
[37.816s] -- Found sensor_msgs: 5.3.6 (/opt/ros/jazzy/share/sensor_msgs/cmake)
[38.051s] -- Found tf2: 0.36.19 (/opt/ros/jazzy/share/tf2/cmake)
[39.239s] -- Found ament_lint_auto: 0.17.4 (/opt/ros/jazzy/share/ament_lint_auto/cmake)
[42.353s] -- Added test 'cppcheck' to perform static code analysis on C / C++ code
[42.355s] -- Configured cppcheck include dirs: /mnt/c/Users/Administrator/Documents/SLAM/Autonomous-Robot-Mapping-Localization-with-ROS-2-and-SLAM-1/navbot/src/navbot_localization/include
[42.357s] -- Configured cppcheck exclude dirs and/or files: 
[42.508s] -- Added test 'flake8' to check Python code syntax and style conventions
[42.510s] -- Configured 'flake8' exclude dirs and/or files: 
[42.794s] -- Added test 'lint_cmake' to check CMake code style
[42.935s] -- Added test 'pep257' to check Python code against some of the docstring style conventions in PEP 257
[43.791s] -- Added test 'uncrustify' to check C / C++ code style
[43.793s] -- Configured uncrustify additional arguments: 
[43.940s] -- Added test 'xmllint' to check XML markup files
[44.203s] -- Configuring done (42.5s)
[45.277s] -- Generating done (0.9s)
[45.869s] -- Build files have been written to: /mnt/c/Users/Administrator/Documents/SLAM/Autonomous-Robot-Mapping-Localization-with-ROS-2-and-SLAM-1/navbot/build/navbot_localization
