[0.762s] DEBUG:colcon:Command line arguments: ['/usr/bin/colcon', 'build', '--packages-select', 'navbot_cpp_examples']
[0.762s] DEBUG:colcon:Parsed command line arguments: Namespace(log_base=None, log_level=None, verb_name='build', build_base='build', install_base='install', merge_install=False, symlink_install=False, test_result_base=None, continue_on_error=False, executor='parallel', parallel_workers=8, event_handlers=None, ignore_user_meta=False, metas=['./colcon.meta'], base_paths=['.'], packages_ignore=None, packages_ignore_regex=None, paths=None, packages_up_to=None, packages_up_to_regex=None, packages_above=None, packages_above_and_dependencies=None, packages_above_depth=None, packages_select_by_dep=None, packages_skip_by_dep=None, packages_skip_up_to=None, packages_select_build_failed=False, packages_skip_build_finished=False, packages_select_test_failures=False, packages_skip_test_passed=False, packages_select=['navbot_cpp_examples'], packages_skip=None, packages_select_regex=None, packages_skip_regex=None, packages_start=None, packages_end=None, cmake_args=None, cmake_target=None, cmake_target_skip_unavailable=False, cmake_clean_cache=False, cmake_clean_first=False, cmake_force_configure=False, ament_cmake_args=None, catkin_cmake_args=None, catkin_skip_building_tests=False, verb_parser=<colcon_defaults.argument_parser.defaults.DefaultArgumentsDecorator object at 0x7cc04c30e8d0>, verb_extension=<colcon_core.verb.build.BuildVerb object at 0x7cc04c30e5a0>, main=<bound method BuildVerb.main of <colcon_core.verb.build.BuildVerb object at 0x7cc04c30e5a0>>)
[0.902s] Level 1:colcon.colcon_core.package_discovery:discover_packages(colcon_meta) check parameters
[0.902s] Level 1:colcon.colcon_core.package_discovery:discover_packages(recursive) check parameters
[0.903s] Level 1:colcon.colcon_core.package_discovery:discover_packages(ignore) check parameters
[0.903s] Level 1:colcon.colcon_core.package_discovery:discover_packages(path) check parameters
[0.903s] Level 1:colcon.colcon_core.package_discovery:discover_packages(colcon_meta) discover
[0.904s] Level 1:colcon.colcon_core.package_discovery:discover_packages(recursive) discover
[0.904s] INFO:colcon.colcon_core.package_discovery:Crawling recursively for packages in '/mnt/c/Users/Administrator/Documents/SLAM/Autonomous-Robot-Mapping-Localization-with-ROS-2-and-SLAM-1/navbot'
[0.906s] Level 1:colcon.colcon_core.package_identification:_identify(.) by extensions ['ignore', 'ignore_ament_install']
[0.906s] Level 1:colcon.colcon_core.package_identification:_identify(.) by extension 'ignore'
[0.906s] Level 1:colcon.colcon_core.package_identification:_identify(.) by extension 'ignore_ament_install'
[0.907s] Level 1:colcon.colcon_core.package_identification:_identify(.) by extensions ['colcon_pkg']
[0.907s] Level 1:colcon.colcon_core.package_identification:_identify(.) by extension 'colcon_pkg'
[0.908s] Level 1:colcon.colcon_core.package_identification:_identify(.) by extensions ['colcon_meta']
[0.908s] Level 1:colcon.colcon_core.package_identification:_identify(.) by extension 'colcon_meta'
[0.908s] Level 1:colcon.colcon_core.package_identification:_identify(.) by extensions ['ros']
[0.909s] Level 1:colcon.colcon_core.package_identification:_identify(.) by extension 'ros'
[1.028s] Level 1:colcon.colcon_core.package_identification:_identify(.) by extensions ['cmake', 'python']
[1.029s] Level 1:colcon.colcon_core.package_identification:_identify(.) by extension 'cmake'
[1.030s] Level 1:colcon.colcon_core.package_identification:_identify(.) by extension 'python'
[1.031s] Level 1:colcon.colcon_core.package_identification:_identify(.) by extensions ['python_setup_py']
[1.032s] Level 1:colcon.colcon_core.package_identification:_identify(.) by extension 'python_setup_py'
[1.036s] Level 1:colcon.colcon_core.package_identification:_identify(build) by extensions ['ignore', 'ignore_ament_install']
[1.036s] Level 1:colcon.colcon_core.package_identification:_identify(build) by extension 'ignore'
[1.038s] Level 1:colcon.colcon_core.package_identification:_identify(build) ignored
[1.041s] Level 1:colcon.colcon_core.package_identification:_identify(install) by extensions ['ignore', 'ignore_ament_install']
[1.042s] Level 1:colcon.colcon_core.package_identification:_identify(install) by extension 'ignore'
[1.045s] Level 1:colcon.colcon_core.package_identification:_identify(install) ignored
[1.052s] Level 1:colcon.colcon_core.package_identification:_identify(log) by extensions ['ignore', 'ignore_ament_install']
[1.053s] Level 1:colcon.colcon_core.package_identification:_identify(log) by extension 'ignore'
[1.054s] Level 1:colcon.colcon_core.package_identification:_identify(log) ignored
[1.056s] Level 1:colcon.colcon_core.package_identification:_identify(src) by extensions ['ignore', 'ignore_ament_install']
[1.057s] Level 1:colcon.colcon_core.package_identification:_identify(src) by extension 'ignore'
[1.058s] Level 1:colcon.colcon_core.package_identification:_identify(src) by extension 'ignore_ament_install'
[1.061s] Level 1:colcon.colcon_core.package_identification:_identify(src) by extensions ['colcon_pkg']
[1.062s] Level 1:colcon.colcon_core.package_identification:_identify(src) by extension 'colcon_pkg'
[1.064s] Level 1:colcon.colcon_core.package_identification:_identify(src) by extensions ['colcon_meta']
[1.064s] Level 1:colcon.colcon_core.package_identification:_identify(src) by extension 'colcon_meta'
[1.066s] Level 1:colcon.colcon_core.package_identification:_identify(src) by extensions ['ros']
[1.066s] Level 1:colcon.colcon_core.package_identification:_identify(src) by extension 'ros'
[1.070s] Level 1:colcon.colcon_core.package_identification:_identify(src) by extensions ['cmake', 'python']
[1.071s] Level 1:colcon.colcon_core.package_identification:_identify(src) by extension 'cmake'
[1.072s] Level 1:colcon.colcon_core.package_identification:_identify(src) by extension 'python'
[1.074s] Level 1:colcon.colcon_core.package_identification:_identify(src) by extensions ['python_setup_py']
[1.074s] Level 1:colcon.colcon_core.package_identification:_identify(src) by extension 'python_setup_py'
[1.084s] Level 1:colcon.colcon_core.package_identification:_identify(src/navbot_bringup) by extensions ['ignore', 'ignore_ament_install']
[1.084s] Level 1:colcon.colcon_core.package_identification:_identify(src/navbot_bringup) by extension 'ignore'
[1.086s] Level 1:colcon.colcon_core.package_identification:_identify(src/navbot_bringup) by extension 'ignore_ament_install'
[1.089s] Level 1:colcon.colcon_core.package_identification:_identify(src/navbot_bringup) by extensions ['colcon_pkg']
[1.089s] Level 1:colcon.colcon_core.package_identification:_identify(src/navbot_bringup) by extension 'colcon_pkg'
[1.092s] Level 1:colcon.colcon_core.package_identification:_identify(src/navbot_bringup) by extensions ['colcon_meta']
[1.092s] Level 1:colcon.colcon_core.package_identification:_identify(src/navbot_bringup) by extension 'colcon_meta'
[1.096s] Level 1:colcon.colcon_core.package_identification:_identify(src/navbot_bringup) by extensions ['ros']
[1.097s] Level 1:colcon.colcon_core.package_identification:_identify(src/navbot_bringup) by extension 'ros'
[1.124s] DEBUG:colcon.colcon_core.package_identification:Package 'src/navbot_bringup' with type 'ros.ament_cmake' and name 'navbot_bringup'
[1.138s] Level 1:colcon.colcon_core.package_identification:_identify(src/navbot_controller) by extensions ['ignore', 'ignore_ament_install']
[1.139s] Level 1:colcon.colcon_core.package_identification:_identify(src/navbot_controller) by extension 'ignore'
[1.141s] Level 1:colcon.colcon_core.package_identification:_identify(src/navbot_controller) by extension 'ignore_ament_install'
[1.146s] Level 1:colcon.colcon_core.package_identification:_identify(src/navbot_controller) by extensions ['colcon_pkg']
[1.146s] Level 1:colcon.colcon_core.package_identification:_identify(src/navbot_controller) by extension 'colcon_pkg'
[1.149s] Level 1:colcon.colcon_core.package_identification:_identify(src/navbot_controller) by extensions ['colcon_meta']
[1.149s] Level 1:colcon.colcon_core.package_identification:_identify(src/navbot_controller) by extension 'colcon_meta'
[1.151s] Level 1:colcon.colcon_core.package_identification:_identify(src/navbot_controller) by extensions ['ros']
[1.151s] Level 1:colcon.colcon_core.package_identification:_identify(src/navbot_controller) by extension 'ros'
[1.169s] DEBUG:colcon.colcon_core.package_identification:Package 'src/navbot_controller' with type 'ros.ament_cmake' and name 'navbot_controller'
[1.173s] Level 1:colcon.colcon_core.package_identification:_identify(src/navbot_cpp_examples) by extensions ['ignore', 'ignore_ament_install']
[1.174s] Level 1:colcon.colcon_core.package_identification:_identify(src/navbot_cpp_examples) by extension 'ignore'
[1.175s] Level 1:colcon.colcon_core.package_identification:_identify(src/navbot_cpp_examples) by extension 'ignore_ament_install'
[1.178s] Level 1:colcon.colcon_core.package_identification:_identify(src/navbot_cpp_examples) by extensions ['colcon_pkg']
[1.178s] Level 1:colcon.colcon_core.package_identification:_identify(src/navbot_cpp_examples) by extension 'colcon_pkg'
[1.179s] Level 1:colcon.colcon_core.package_identification:_identify(src/navbot_cpp_examples) by extensions ['colcon_meta']
[1.180s] Level 1:colcon.colcon_core.package_identification:_identify(src/navbot_cpp_examples) by extension 'colcon_meta'
[1.181s] Level 1:colcon.colcon_core.package_identification:_identify(src/navbot_cpp_examples) by extensions ['ros']
[1.182s] Level 1:colcon.colcon_core.package_identification:_identify(src/navbot_cpp_examples) by extension 'ros'
[1.198s] DEBUG:colcon.colcon_core.package_identification:Package 'src/navbot_cpp_examples' with type 'ros.ament_cmake' and name 'navbot_cpp_examples'
[1.202s] Level 1:colcon.colcon_core.package_identification:_identify(src/navbot_descriptions) by extensions ['ignore', 'ignore_ament_install']
[1.202s] Level 1:colcon.colcon_core.package_identification:_identify(src/navbot_descriptions) by extension 'ignore'
[1.204s] Level 1:colcon.colcon_core.package_identification:_identify(src/navbot_descriptions) by extension 'ignore_ament_install'
[1.206s] Level 1:colcon.colcon_core.package_identification:_identify(src/navbot_descriptions) by extensions ['colcon_pkg']
[1.206s] Level 1:colcon.colcon_core.package_identification:_identify(src/navbot_descriptions) by extension 'colcon_pkg'
[1.207s] Level 1:colcon.colcon_core.package_identification:_identify(src/navbot_descriptions) by extensions ['colcon_meta']
[1.207s] Level 1:colcon.colcon_core.package_identification:_identify(src/navbot_descriptions) by extension 'colcon_meta'
[1.209s] Level 1:colcon.colcon_core.package_identification:_identify(src/navbot_descriptions) by extensions ['ros']
[1.210s] Level 1:colcon.colcon_core.package_identification:_identify(src/navbot_descriptions) by extension 'ros'
[1.228s] DEBUG:colcon.colcon_core.package_identification:Package 'src/navbot_descriptions' with type 'ros.ament_cmake' and name 'navbot_descriptions'
[1.234s] Level 1:colcon.colcon_core.package_identification:_identify(src/navbot_examples) by extensions ['ignore', 'ignore_ament_install']
[1.234s] Level 1:colcon.colcon_core.package_identification:_identify(src/navbot_examples) by extension 'ignore'
[1.235s] Level 1:colcon.colcon_core.package_identification:_identify(src/navbot_examples) by extension 'ignore_ament_install'
[1.237s] Level 1:colcon.colcon_core.package_identification:_identify(src/navbot_examples) by extensions ['colcon_pkg']
[1.237s] Level 1:colcon.colcon_core.package_identification:_identify(src/navbot_examples) by extension 'colcon_pkg'
[1.238s] Level 1:colcon.colcon_core.package_identification:_identify(src/navbot_examples) by extensions ['colcon_meta']
[1.239s] Level 1:colcon.colcon_core.package_identification:_identify(src/navbot_examples) by extension 'colcon_meta'
[1.240s] Level 1:colcon.colcon_core.package_identification:_identify(src/navbot_examples) by extensions ['ros']
[1.241s] Level 1:colcon.colcon_core.package_identification:_identify(src/navbot_examples) by extension 'ros'
[1.256s] DEBUG:colcon.colcon_core.package_identification:Package 'src/navbot_examples' with type 'ros.ament_python' and name 'navbot_examples'
[1.261s] Level 1:colcon.colcon_core.package_identification:_identify(src/navbot_firmware) by extensions ['ignore', 'ignore_ament_install']
[1.262s] Level 1:colcon.colcon_core.package_identification:_identify(src/navbot_firmware) by extension 'ignore'
[1.265s] Level 1:colcon.colcon_core.package_identification:_identify(src/navbot_firmware) by extension 'ignore_ament_install'
[1.267s] Level 1:colcon.colcon_core.package_identification:_identify(src/navbot_firmware) by extensions ['colcon_pkg']
[1.267s] Level 1:colcon.colcon_core.package_identification:_identify(src/navbot_firmware) by extension 'colcon_pkg'
[1.268s] Level 1:colcon.colcon_core.package_identification:_identify(src/navbot_firmware) by extensions ['colcon_meta']
[1.269s] Level 1:colcon.colcon_core.package_identification:_identify(src/navbot_firmware) by extension 'colcon_meta'
[1.270s] Level 1:colcon.colcon_core.package_identification:_identify(src/navbot_firmware) by extensions ['ros']
[1.270s] Level 1:colcon.colcon_core.package_identification:_identify(src/navbot_firmware) by extension 'ros'
[1.286s] DEBUG:colcon.colcon_core.package_identification:Package 'src/navbot_firmware' with type 'ros.ament_cmake' and name 'navbot_firmware'
[1.289s] Level 1:colcon.colcon_core.package_identification:_identify(src/navbot_localization) by extensions ['ignore', 'ignore_ament_install']
[1.289s] Level 1:colcon.colcon_core.package_identification:_identify(src/navbot_localization) by extension 'ignore'
[1.290s] Level 1:colcon.colcon_core.package_identification:_identify(src/navbot_localization) by extension 'ignore_ament_install'
[1.294s] Level 1:colcon.colcon_core.package_identification:_identify(src/navbot_localization) by extensions ['colcon_pkg']
[1.295s] Level 1:colcon.colcon_core.package_identification:_identify(src/navbot_localization) by extension 'colcon_pkg'
[1.297s] Level 1:colcon.colcon_core.package_identification:_identify(src/navbot_localization) by extensions ['colcon_meta']
[1.298s] Level 1:colcon.colcon_core.package_identification:_identify(src/navbot_localization) by extension 'colcon_meta'
[1.301s] Level 1:colcon.colcon_core.package_identification:_identify(src/navbot_localization) by extensions ['ros']
[1.301s] Level 1:colcon.colcon_core.package_identification:_identify(src/navbot_localization) by extension 'ros'
[1.318s] DEBUG:colcon.colcon_core.package_identification:Package 'src/navbot_localization' with type 'ros.ament_cmake' and name 'navbot_localization'
[1.323s] Level 1:colcon.colcon_core.package_identification:_identify(src/navbot_msgs) by extensions ['ignore', 'ignore_ament_install']
[1.323s] Level 1:colcon.colcon_core.package_identification:_identify(src/navbot_msgs) by extension 'ignore'
[1.327s] Level 1:colcon.colcon_core.package_identification:_identify(src/navbot_msgs) by extension 'ignore_ament_install'
[1.332s] Level 1:colcon.colcon_core.package_identification:_identify(src/navbot_msgs) by extensions ['colcon_pkg']
[1.333s] Level 1:colcon.colcon_core.package_identification:_identify(src/navbot_msgs) by extension 'colcon_pkg'
[1.335s] Level 1:colcon.colcon_core.package_identification:_identify(src/navbot_msgs) by extensions ['colcon_meta']
[1.335s] Level 1:colcon.colcon_core.package_identification:_identify(src/navbot_msgs) by extension 'colcon_meta'
[1.338s] Level 1:colcon.colcon_core.package_identification:_identify(src/navbot_msgs) by extensions ['ros']
[1.339s] Level 1:colcon.colcon_core.package_identification:_identify(src/navbot_msgs) by extension 'ros'
[1.355s] DEBUG:colcon.colcon_core.package_identification:Package 'src/navbot_msgs' with type 'ros.ament_cmake' and name 'navbot_msgs'
[1.361s] Level 1:colcon.colcon_core.package_identification:_identify(src/navbot_utils) by extensions ['ignore', 'ignore_ament_install']
[1.361s] Level 1:colcon.colcon_core.package_identification:_identify(src/navbot_utils) by extension 'ignore'
[1.363s] Level 1:colcon.colcon_core.package_identification:_identify(src/navbot_utils) by extension 'ignore_ament_install'
[1.365s] Level 1:colcon.colcon_core.package_identification:_identify(src/navbot_utils) by extensions ['colcon_pkg']
[1.365s] Level 1:colcon.colcon_core.package_identification:_identify(src/navbot_utils) by extension 'colcon_pkg'
[1.367s] Level 1:colcon.colcon_core.package_identification:_identify(src/navbot_utils) by extensions ['colcon_meta']
[1.367s] Level 1:colcon.colcon_core.package_identification:_identify(src/navbot_utils) by extension 'colcon_meta'
[1.369s] Level 1:colcon.colcon_core.package_identification:_identify(src/navbot_utils) by extensions ['ros']
[1.369s] Level 1:colcon.colcon_core.package_identification:_identify(src/navbot_utils) by extension 'ros'
[1.387s] DEBUG:colcon.colcon_core.package_identification:Package 'src/navbot_utils' with type 'ros.ament_cmake' and name 'navbot_utils'
[1.387s] Level 1:colcon.colcon_core.package_discovery:discover_packages(recursive) using defaults
[1.388s] Level 1:colcon.colcon_core.package_discovery:discover_packages(ignore) discover
[1.388s] Level 1:colcon.colcon_core.package_discovery:discover_packages(ignore) using defaults
[1.388s] Level 1:colcon.colcon_core.package_discovery:discover_packages(path) discover
[1.388s] Level 1:colcon.colcon_core.package_discovery:discover_packages(path) using defaults
[1.574s] INFO:colcon.colcon_core.package_selection:Skipping not selected package 'navbot_bringup' in 'src/navbot_bringup'
[1.574s] INFO:colcon.colcon_core.package_selection:Skipping not selected package 'navbot_controller' in 'src/navbot_controller'
[1.575s] INFO:colcon.colcon_core.package_selection:Skipping not selected package 'navbot_descriptions' in 'src/navbot_descriptions'
[1.575s] INFO:colcon.colcon_core.package_selection:Skipping not selected package 'navbot_examples' in 'src/navbot_examples'
[1.576s] INFO:colcon.colcon_core.package_selection:Skipping not selected package 'navbot_firmware' in 'src/navbot_firmware'
[1.577s] INFO:colcon.colcon_core.package_selection:Skipping not selected package 'navbot_localization' in 'src/navbot_localization'
[1.577s] INFO:colcon.colcon_core.package_selection:Skipping not selected package 'navbot_msgs' in 'src/navbot_msgs'
[1.577s] INFO:colcon.colcon_core.package_selection:Skipping not selected package 'navbot_utils' in 'src/navbot_utils'
[1.578s] Level 5:colcon.colcon_core.verb:set package 'navbot_cpp_examples' build argument 'cmake_args' from command line to 'None'
[1.578s] Level 5:colcon.colcon_core.verb:set package 'navbot_cpp_examples' build argument 'cmake_target' from command line to 'None'
[1.578s] Level 5:colcon.colcon_core.verb:set package 'navbot_cpp_examples' build argument 'cmake_target_skip_unavailable' from command line to 'False'
[1.579s] Level 5:colcon.colcon_core.verb:set package 'navbot_cpp_examples' build argument 'cmake_clean_cache' from command line to 'False'
[1.580s] Level 5:colcon.colcon_core.verb:set package 'navbot_cpp_examples' build argument 'cmake_clean_first' from command line to 'False'
[1.580s] Level 5:colcon.colcon_core.verb:set package 'navbot_cpp_examples' build argument 'cmake_force_configure' from command line to 'False'
[1.581s] Level 5:colcon.colcon_core.verb:set package 'navbot_cpp_examples' build argument 'ament_cmake_args' from command line to 'None'
[1.581s] Level 5:colcon.colcon_core.verb:set package 'navbot_cpp_examples' build argument 'catkin_cmake_args' from command line to 'None'
[1.581s] Level 5:colcon.colcon_core.verb:set package 'navbot_cpp_examples' build argument 'catkin_skip_building_tests' from command line to 'False'
[1.582s] DEBUG:colcon.colcon_core.verb:Building package 'navbot_cpp_examples' with the following arguments: {'ament_cmake_args': None, 'build_base': '/mnt/c/Users/Administrator/Documents/SLAM/Autonomous-Robot-Mapping-Localization-with-ROS-2-and-SLAM-1/navbot/build/navbot_cpp_examples', 'catkin_cmake_args': None, 'catkin_skip_building_tests': False, 'cmake_args': None, 'cmake_clean_cache': False, 'cmake_clean_first': False, 'cmake_force_configure': False, 'cmake_target': None, 'cmake_target_skip_unavailable': False, 'install_base': '/mnt/c/Users/Administrator/Documents/SLAM/Autonomous-Robot-Mapping-Localization-with-ROS-2-and-SLAM-1/navbot/install/navbot_cpp_examples', 'merge_install': False, 'path': '/mnt/c/Users/Administrator/Documents/SLAM/Autonomous-Robot-Mapping-Localization-with-ROS-2-and-SLAM-1/navbot/src/navbot_cpp_examples', 'symlink_install': False, 'test_result_base': None}
[1.582s] INFO:colcon.colcon_core.executor:Executing jobs using 'parallel' executor
[1.584s] DEBUG:colcon.colcon_parallel_executor.executor.parallel:run_until_complete
[1.585s] INFO:colcon.colcon_ros.task.ament_cmake.build:Building ROS package in '/mnt/c/Users/Administrator/Documents/SLAM/Autonomous-Robot-Mapping-Localization-with-ROS-2-and-SLAM-1/navbot/src/navbot_cpp_examples' with build type 'ament_cmake'
[1.585s] INFO:colcon.colcon_cmake.task.cmake.build:Building CMake package in '/mnt/c/Users/Administrator/Documents/SLAM/Autonomous-Robot-Mapping-Localization-with-ROS-2-and-SLAM-1/navbot/src/navbot_cpp_examples'
[1.607s] INFO:colcon.colcon_core.plugin_system:Skipping extension 'colcon_core.shell.bat': Not used on non-Windows systems
[1.609s] DEBUG:colcon.colcon_core.shell:Skip shell extension 'dsv' for command environment
[1.902s] DEBUG:colcon.colcon_core.event_handler.log_command:Invoking command in '/mnt/c/Users/Administrator/Documents/SLAM/Autonomous-Robot-Mapping-Localization-with-ROS-2-and-SLAM-1/navbot/build/navbot_cpp_examples': CMAKE_PREFIX_PATH=${CMAKE_PREFIX_PATH}:/mnt/c/Users/Administrator/Documents/SLAM/Autonomous-Robot-Mapping-Localization-with-ROS-2-and-SLAM-1/navbot/install/navbot_examples:/opt/ros/jazzy /usr/bin/cmake --build /mnt/c/Users/Administrator/Documents/SLAM/Autonomous-Robot-Mapping-Localization-with-ROS-2-and-SLAM-1/navbot/build/navbot_cpp_examples -- -j8 -l8
[11.345s] DEBUG:colcon.colcon_core.event_handler.log_command:Invoked command in '/mnt/c/Users/Administrator/Documents/SLAM/Autonomous-Robot-Mapping-Localization-with-ROS-2-and-SLAM-1/navbot/build/navbot_cpp_examples' returned '2': CMAKE_PREFIX_PATH=${CMAKE_PREFIX_PATH}:/mnt/c/Users/Administrator/Documents/SLAM/Autonomous-Robot-Mapping-Localization-with-ROS-2-and-SLAM-1/navbot/install/navbot_examples:/opt/ros/jazzy /usr/bin/cmake --build /mnt/c/Users/Administrator/Documents/SLAM/Autonomous-Robot-Mapping-Localization-with-ROS-2-and-SLAM-1/navbot/build/navbot_cpp_examples -- -j8 -l8
[11.364s] Level 1:colcon.colcon_core.environment:create_environment_scripts_only(navbot_cpp_examples)
[11.386s] Level 1:colcon.colcon_core.environment:checking '/mnt/c/Users/Administrator/Documents/SLAM/Autonomous-Robot-Mapping-Localization-with-ROS-2-and-SLAM-1/navbot/install/navbot_cpp_examples' for CMake module files
[11.508s] Level 1:colcon.colcon_core.environment:checking '/mnt/c/Users/Administrator/Documents/SLAM/Autonomous-Robot-Mapping-Localization-with-ROS-2-and-SLAM-1/navbot/install/navbot_cpp_examples' for CMake config files
[11.614s] Level 1:colcon.colcon_core.shell:create_environment_hook('navbot_cpp_examples', 'cmake_prefix_path')
[11.614s] INFO:colcon.colcon_core.shell:Creating environment descriptor '/mnt/c/Users/Administrator/Documents/SLAM/Autonomous-Robot-Mapping-Localization-with-ROS-2-and-SLAM-1/navbot/install/navbot_cpp_examples/share/navbot_cpp_examples/hook/cmake_prefix_path.dsv'
[11.631s] INFO:colcon.colcon_core.shell:Creating environment hook '/mnt/c/Users/Administrator/Documents/SLAM/Autonomous-Robot-Mapping-Localization-with-ROS-2-and-SLAM-1/navbot/install/navbot_cpp_examples/share/navbot_cpp_examples/hook/cmake_prefix_path.sh'
[11.650s] Level 1:colcon.colcon_core.environment:checking '/mnt/c/Users/Administrator/Documents/SLAM/Autonomous-Robot-Mapping-Localization-with-ROS-2-and-SLAM-1/navbot/install/navbot_cpp_examples/lib'
[11.655s] Level 1:colcon.colcon_core.environment:checking '/mnt/c/Users/Administrator/Documents/SLAM/Autonomous-Robot-Mapping-Localization-with-ROS-2-and-SLAM-1/navbot/install/navbot_cpp_examples/bin'
[11.657s] Level 1:colcon.colcon_core.environment:checking '/mnt/c/Users/Administrator/Documents/SLAM/Autonomous-Robot-Mapping-Localization-with-ROS-2-and-SLAM-1/navbot/install/navbot_cpp_examples/lib/pkgconfig/navbot_cpp_examples.pc'
[11.672s] Level 1:colcon.colcon_core.environment:checking '/mnt/c/Users/Administrator/Documents/SLAM/Autonomous-Robot-Mapping-Localization-with-ROS-2-and-SLAM-1/navbot/install/navbot_cpp_examples/lib/python3.12/site-packages'
[11.676s] Level 1:colcon.colcon_core.environment:checking '/mnt/c/Users/Administrator/Documents/SLAM/Autonomous-Robot-Mapping-Localization-with-ROS-2-and-SLAM-1/navbot/install/navbot_cpp_examples/bin'
[11.679s] INFO:colcon.colcon_core.shell:Creating package descriptor '/mnt/c/Users/Administrator/Documents/SLAM/Autonomous-Robot-Mapping-Localization-with-ROS-2-and-SLAM-1/navbot/install/navbot_cpp_examples/share/navbot_cpp_examples/package.dsv'
[11.691s] INFO:colcon.colcon_core.shell:Creating package script '/mnt/c/Users/Administrator/Documents/SLAM/Autonomous-Robot-Mapping-Localization-with-ROS-2-and-SLAM-1/navbot/install/navbot_cpp_examples/share/navbot_cpp_examples/package.sh'
[11.705s] INFO:colcon.colcon_core.shell:Creating package script '/mnt/c/Users/Administrator/Documents/SLAM/Autonomous-Robot-Mapping-Localization-with-ROS-2-and-SLAM-1/navbot/install/navbot_cpp_examples/share/navbot_cpp_examples/package.bash'
[11.718s] INFO:colcon.colcon_core.shell:Creating package script '/mnt/c/Users/Administrator/Documents/SLAM/Autonomous-Robot-Mapping-Localization-with-ROS-2-and-SLAM-1/navbot/install/navbot_cpp_examples/share/navbot_cpp_examples/package.zsh'
[11.737s] Level 1:colcon.colcon_core.environment:create_file_with_runtime_dependencies(/mnt/c/Users/Administrator/Documents/SLAM/Autonomous-Robot-Mapping-Localization-with-ROS-2-and-SLAM-1/navbot/install/navbot_cpp_examples/share/colcon-core/packages/navbot_cpp_examples)
[11.751s] DEBUG:colcon.colcon_parallel_executor.executor.parallel:closing loop
[11.752s] DEBUG:colcon.colcon_parallel_executor.executor.parallel:loop closed
[11.752s] DEBUG:colcon.colcon_parallel_executor.executor.parallel:run_until_complete finished with '2'
[11.753s] DEBUG:colcon.colcon_core.event_reactor:joining thread
[11.940s] INFO:colcon.colcon_core.plugin_system:Skipping extension 'colcon_notification.desktop_notification.notify_send': Could not find 'notify-send'
[11.940s] INFO:colcon.colcon_core.plugin_system:Skipping extension 'colcon_notification.desktop_notification.terminal_notifier': Not used on non-Darwin systems
[11.940s] INFO:colcon.colcon_core.plugin_system:Skipping extension 'colcon_notification.desktop_notification.win32': Not used on non-Windows systems
[11.940s] INFO:colcon.colcon_notification.desktop_notification:Sending desktop notification using 'notify2'
[11.942s] DEBUG:colcon.colcon_notification.desktop_notification.notify2:Failed to initialize notify2: org.freedesktop.DBus.Error.ServiceUnknown: The name org.freedesktop.Notifications was not provided by any .service files
[11.942s] DEBUG:colcon.colcon_core.event_reactor:joined thread
[11.943s] INFO:colcon.colcon_core.shell:Creating prefix script '/mnt/c/Users/Administrator/Documents/SLAM/Autonomous-Robot-Mapping-Localization-with-ROS-2-and-SLAM-1/navbot/install/local_setup.sh'
[11.949s] INFO:colcon.colcon_core.shell:Creating prefix util module '/mnt/c/Users/Administrator/Documents/SLAM/Autonomous-Robot-Mapping-Localization-with-ROS-2-and-SLAM-1/navbot/install/_local_setup_util_sh.py'
[11.957s] INFO:colcon.colcon_core.shell:Creating prefix chain script '/mnt/c/Users/Administrator/Documents/SLAM/Autonomous-Robot-Mapping-Localization-with-ROS-2-and-SLAM-1/navbot/install/setup.sh'
[12.045s] INFO:colcon.colcon_core.shell:Creating prefix script '/mnt/c/Users/Administrator/Documents/SLAM/Autonomous-Robot-Mapping-Localization-with-ROS-2-and-SLAM-1/navbot/install/local_setup.bash'
[12.051s] INFO:colcon.colcon_core.shell:Creating prefix chain script '/mnt/c/Users/Administrator/Documents/SLAM/Autonomous-Robot-Mapping-Localization-with-ROS-2-and-SLAM-1/navbot/install/setup.bash'
[12.137s] INFO:colcon.colcon_core.shell:Creating prefix script '/mnt/c/Users/Administrator/Documents/SLAM/Autonomous-Robot-Mapping-Localization-with-ROS-2-and-SLAM-1/navbot/install/local_setup.zsh'
[12.144s] INFO:colcon.colcon_core.shell:Creating prefix chain script '/mnt/c/Users/Administrator/Documents/SLAM/Autonomous-Robot-Mapping-Localization-with-ROS-2-and-SLAM-1/navbot/install/setup.zsh'
