[1.480s] Invoking command in '/mnt/c/Users/Administrator/Documents/SLAM/Autonomous-Robot-Mapping-Localization-with-ROS-2-and-SLAM-1/navbot/build/navbot_cpp_examples': CMAKE_PREFIX_PATH=${CMAKE_PREFIX_PATH}:/mnt/c/Users/Administrator/Documents/SLAM/Autonomous-Robot-Mapping-Localization-with-ROS-2-and-SLAM-1/navbot/install/navbot_examples:/opt/ros/jazzy /usr/bin/cmake --build /mnt/c/Users/Administrator/Documents/SLAM/Autonomous-Robot-Mapping-Localization-with-ROS-2-and-SLAM-1/navbot/build/navbot_cpp_examples -- -j8 -l8
[3.909s] [ 33%] Built target simple_parameter
[3.911s] [ 66%] Built target simple_turtlesim_kinematics
[3.913s] [ 83%] [32mBuilding CXX object CMakeFiles/simple_tf_kinematics.dir/src/simple_tf_kinematics.cpp.o[0m
[13.714s] [01m[K/mnt/c/Users/Administrator/Documents/SLAM/Autonomous-Robot-Mapping-Localization-with-ROS-2-and-SLAM-1/navbot/src/navbot_cpp_examples/src/simple_tf_kinematics.cpp:[m[K In constructor ‘[01m[KSimpleTfKinematics::[01;32m[KSimpleTfKinematics[m[K(const std::string&)[m[K’:
[13.718s] [01m[K/mnt/c/Users/Administrator/Documents/SLAM/Autonomous-Robot-Mapping-Localization-with-ROS-2-and-SLAM-1/navbot/src/navbot_cpp_examples/src/simple_tf_kinematics.cpp:12:56:[m[K [01;31m[Kerror: [m[K‘[01m[KTransformedBroadcaster[m[K’ is not a member of ‘[01m[Ktf2_ros[m[K’; did you mean ‘[01m[KTransformBroadcaster[m[K’?
[13.721s]    12 |     dynamic_tf_broadcaster_ =std::make_unique<tf2_ros::[01;31m[KTransformedBroadcaster[m[K>(*this);
[13.722s]       |                                                        [01;31m[K^~~~~~~~~~~~~~~~~~~~~~[m[K
[13.725s]       |                                                        [32m[KTransformBroadcaster[m[K
[13.726s] [01m[K/mnt/c/Users/Administrator/Documents/SLAM/Autonomous-Robot-Mapping-Localization-with-ROS-2-and-SLAM-1/navbot/src/navbot_cpp_examples/src/simple_tf_kinematics.cpp:12:79:[m[K [01;31m[Kerror: [m[Kno matching function for call to ‘[01m[Kmake_unique<<expression error> >(SimpleTfKinematics&)[m[K’
[13.730s]    12 |     dynamic_tf_broadcaster_ =[01;31m[Kstd::make_unique<tf2_ros::TransformedBroadcaster>(*this)[m[K;
[13.732s]       |                              [01;31m[K~~~~~~~~~~~~~~~~~~~~~~~~~~~~~~~~~~~~~~~~~~~~~~~~~^~~~~~~[m[K
[13.735s] In file included from [01m[K/usr/include/c++/13/memory:78[m[K,
[13.737s]                  from [01m[K/opt/ros/jazzy/include/rclcpp/rclcpp/rclcpp.hpp:169[m[K,
[13.739s]                  from [01m[K/mnt/c/Users/Administrator/Documents/SLAM/Autonomous-Robot-Mapping-Localization-with-ROS-2-and-SLAM-1/navbot/src/navbot_cpp_examples/include/navbot_cpp_examples/simple_tf_kinematics.hpp:4[m[K,
[13.740s]                  from [01m[K/mnt/c/Users/Administrator/Documents/SLAM/Autonomous-Robot-Mapping-Localization-with-ROS-2-and-SLAM-1/navbot/src/navbot_cpp_examples/src/simple_tf_kinematics.cpp:1[m[K:
[13.741s] [01m[K/usr/include/c++/13/bits/unique_ptr.h:1069:5:[m[K [01;36m[Knote: [m[Kcandidate: ‘[01m[Ktemplate<class _Tp, class ... _Args> std::__detail::__unique_ptr_t<_Tp> std::[01;32m[Kmake_unique[m[K(_Args&& ...)[m[K’
[13.743s]  1069 |     [01;36m[Kmake_unique[m[K(_Args&&... __args)
[13.746s]       |     [01;36m[K^~~~~~~~~~~[m[K
[13.748s] [01m[K/usr/include/c++/13/bits/unique_ptr.h:1069:5:[m[K [01;36m[Knote: [m[K  template argument deduction/substitution failed:
[13.750s] [01m[K/mnt/c/Users/Administrator/Documents/SLAM/Autonomous-Robot-Mapping-Localization-with-ROS-2-and-SLAM-1/navbot/src/navbot_cpp_examples/src/simple_tf_kinematics.cpp:12:79:[m[K [01;31m[Kerror: [m[Ktemplate argument 1 is invalid
[13.752s]    12 |     dynamic_tf_broadcaster_ =[01;31m[Kstd::make_unique<tf2_ros::TransformedBroadcaster>(*this)[m[K;
[13.754s]       |                              [01;31m[K~~~~~~~~~~~~~~~~~~~~~~~~~~~~~~~~~~~~~~~~~~~~~~~~~^~~~~~~[m[K
[13.755s] [01m[K/usr/include/c++/13/bits/unique_ptr.h:1084:5:[m[K [01;36m[Knote: [m[Kcandidate: ‘[01m[Ktemplate<class _Tp> std::__detail::__unique_ptr_array_t<_Tp> std::[01;32m[Kmake_unique[m[K(size_t)[m[K’
[13.757s]  1084 |     [01;36m[Kmake_unique[m[K(size_t __num)
[13.758s]       |     [01;36m[K^~~~~~~~~~~[m[K
[13.760s] [01m[K/usr/include/c++/13/bits/unique_ptr.h:1084:5:[m[K [01;36m[Knote: [m[K  template argument deduction/substitution failed:
[13.762s] [01m[K/mnt/c/Users/Administrator/Documents/SLAM/Autonomous-Robot-Mapping-Localization-with-ROS-2-and-SLAM-1/navbot/src/navbot_cpp_examples/src/simple_tf_kinematics.cpp:12:79:[m[K [01;31m[Kerror: [m[Ktemplate argument 1 is invalid
[13.765s]    12 |     dynamic_tf_broadcaster_ =[01;31m[Kstd::make_unique<tf2_ros::TransformedBroadcaster>(*this)[m[K;
[13.767s]       |                              [01;31m[K~~~~~~~~~~~~~~~~~~~~~~~~~~~~~~~~~~~~~~~~~~~~~~~~~^~~~~~~[m[K
[13.769s] [01m[K/usr/include/c++/13/bits/unique_ptr.h:1094:5:[m[K [01;36m[Knote: [m[Kcandidate: ‘[01m[Ktemplate<class _Tp, class ... _Args> std::__detail::__invalid_make_unique_t<_Tp> std::[01;32m[Kmake_unique[m[K(_Args&& ...)[m[K’ (deleted)
[13.771s]  1094 |     [01;36m[Kmake_unique[m[K(_Args&&...) = delete;
[13.772s]       |     [01;36m[K^~~~~~~~~~~[m[K
[13.774s] [01m[K/usr/include/c++/13/bits/unique_ptr.h:1094:5:[m[K [01;36m[Knote: [m[K  template argument deduction/substitution failed:
[13.776s] [01m[K/mnt/c/Users/Administrator/Documents/SLAM/Autonomous-Robot-Mapping-Localization-with-ROS-2-and-SLAM-1/navbot/src/navbot_cpp_examples/src/simple_tf_kinematics.cpp:12:79:[m[K [01;31m[Kerror: [m[Ktemplate argument 1 is invalid
[13.786s]    12 |     dynamic_tf_broadcaster_ =[01;31m[Kstd::make_unique<tf2_ros::TransformedBroadcaster>(*this)[m[K;
[13.788s]       |                              [01;31m[K~~~~~~~~~~~~~~~~~~~~~~~~~~~~~~~~~~~~~~~~~~~~~~~~~^~~~~~~[m[K
[13.790s] [01m[K/mnt/c/Users/Administrator/Documents/SLAM/Autonomous-Robot-Mapping-Localization-with-ROS-2-and-SLAM-1/navbot/src/navbot_cpp_examples/src/simple_tf_kinematics.cpp:30:69:[m[K [01;31m[Kerror: [m[K‘[01m[KtimerCallback[m[K’ is not a member of ‘[01m[KSimpleTfKinematics[m[K’
[13.792s]    30 |     timer_ = create_wall_timer(0.1s, std::bind(&SimpleTfKinematics::[01;31m[KtimerCallback[m[K, this));
[13.794s]       |                                                                     [01;31m[K^~~~~~~~~~~~~[m[K
[13.798s] [01m[K/mnt/c/Users/Administrator/Documents/SLAM/Autonomous-Robot-Mapping-Localization-with-ROS-2-and-SLAM-1/navbot/src/navbot_cpp_examples/src/simple_tf_kinematics.cpp:[m[K At global scope:
[13.800s] [01m[K/mnt/c/Users/Administrator/Documents/SLAM/Autonomous-Robot-Mapping-Localization-with-ROS-2-and-SLAM-1/navbot/src/navbot_cpp_examples/src/simple_tf_kinematics.cpp:34:6:[m[K [01;31m[Kerror: [m[Kno declaration matches ‘[01m[Kvoid SimpleTfKinematics::[01;32m[KtimerCallback[m[K()[m[K’
[13.802s]    34 | void [01;31m[KSimpleTfKinematics[m[K::timerCallback()
[13.805s]       |      [01;31m[K^~~~~~~~~~~~~~~~~~[m[K
[13.807s] [01m[K/mnt/c/Users/Administrator/Documents/SLAM/Autonomous-Robot-Mapping-Localization-with-ROS-2-and-SLAM-1/navbot/src/navbot_cpp_examples/src/simple_tf_kinematics.cpp:34:6:[m[K [01;36m[Knote: [m[Kno functions named ‘[01m[Kvoid SimpleTfKinematics::[01;32m[KtimerCallback[m[K()[m[K’
[13.812s] [01m[K/mnt/c/Users/Administrator/Documents/SLAM/Autonomous-Robot-Mapping-Localization-with-ROS-2-and-SLAM-1/navbot/src/navbot_cpp_examples/include/navbot_cpp_examples/simple_tf_kinematics.hpp:11:7:[m[K [01;36m[Knote: [m[K‘[01m[Kclass SimpleTfKinematics[m[K’ defined here
[13.815s]    11 | class [01;36m[KSimpleTfKinematics[m[K : public rclcpp::Node
[13.816s]       |       [01;36m[K^~~~~~~~~~~~~~~~~~[m[K
[17.215s] gmake[2]: *** [CMakeFiles/simple_tf_kinematics.dir/build.make:76: CMakeFiles/simple_tf_kinematics.dir/src/simple_tf_kinematics.cpp.o] Error 1
[17.219s] gmake[1]: *** [CMakeFiles/Makefile2:193: CMakeFiles/simple_tf_kinematics.dir/all] Error 2
[17.220s] gmake: *** [Makefile:146: all] Error 2
[17.223s] Invoked command in '/mnt/c/Users/Administrator/Documents/SLAM/Autonomous-Robot-Mapping-Localization-with-ROS-2-and-SLAM-1/navbot/build/navbot_cpp_examples' returned '2': CMAKE_PREFIX_PATH=${CMAKE_PREFIX_PATH}:/mnt/c/Users/Administrator/Documents/SLAM/Autonomous-Robot-Mapping-Localization-with-ROS-2-and-SLAM-1/navbot/install/navbot_examples:/opt/ros/jazzy /usr/bin/cmake --build /mnt/c/Users/Administrator/Documents/SLAM/Autonomous-Robot-Mapping-Localization-with-ROS-2-and-SLAM-1/navbot/build/navbot_cpp_examples -- -j8 -l8
