[0.877s] Invoking command in '/mnt/c/Users/Administrator/Documents/SLAM/Autonomous-Robot-Mapping-Localization-with-ROS-2-and-SLAM-1/navbot/build/navbot_localization': CMAKE_PREFIX_PATH=${CMAKE_PREFIX_PATH}:/mnt/c/Users/Administrator/Documents/SLAM/Autonomous-Robot-Mapping-Localization-with-ROS-2-and-SLAM-1/navbot/install/navbot_examples:/opt/ros/jazzy /usr/bin/cmake --build /mnt/c/Users/Administrator/Documents/SLAM/Autonomous-Robot-Mapping-Localization-with-ROS-2-and-SLAM-1/navbot/build/navbot_localization -- -j8 -l8
[1.752s] -- Found ament_cmake: 2.5.5 (/opt/ros/jazzy/share/ament_cmake/cmake)
[8.228s] -- Found rclcpp: 28.1.16 (/opt/ros/jazzy/share/rclcpp/cmake)
[9.020s] -- Found rosidl_generator_c: 4.6.7 (/opt/ros/jazzy/share/rosidl_generator_c/cmake)
[9.093s] -- Found rosidl_generator_cpp: 4.6.7 (/opt/ros/jazzy/share/rosidl_generator_cpp/cmake)
[9.225s] -- Using all available rosidl_typesupport_c: rosidl_typesupport_fastrtps_c;rosidl_typesupport_introspection_c
[9.367s] -- Using all available rosidl_typesupport_cpp: rosidl_typesupport_fastrtps_cpp;rosidl_typesupport_introspection_cpp
[9.733s] -- Found rmw_implementation_cmake: 7.3.3 (/opt/ros/jazzy/share/rmw_implementation_cmake/cmake)
[9.790s] -- Found rmw_fastrtps_cpp: 8.4.3 (/opt/ros/jazzy/share/rmw_fastrtps_cpp/cmake)
[10.975s] -- Using RMW implementation 'rmw_fastrtps_cpp' as default
[11.865s] -- Found rclpy: 7.1.9 (/opt/ros/jazzy/share/rclpy/cmake)
[11.869s] -- Found nav_msgs: 5.3.6 (/opt/ros/jazzy/share/nav_msgs/cmake)
[12.074s] -- Found sensor_msgs: 5.3.6 (/opt/ros/jazzy/share/sensor_msgs/cmake)
[12.166s] -- Found tf2: 0.36.19 (/opt/ros/jazzy/share/tf2/cmake)
[13.581s] -- Found ament_lint_auto: 0.17.4 (/opt/ros/jazzy/share/ament_lint_auto/cmake)
[15.854s] -- Added test 'cppcheck' to perform static code analysis on C / C++ code
[15.855s] -- Configured cppcheck include dirs: /mnt/c/Users/Administrator/Documents/SLAM/Autonomous-Robot-Mapping-Localization-with-ROS-2-and-SLAM-1/navbot/src/navbot_localization/include
[15.856s] -- Configured cppcheck exclude dirs and/or files: 
[15.956s] -- Added test 'flake8' to check Python code syntax and style conventions
[15.959s] -- Configured 'flake8' exclude dirs and/or files: 
[16.157s] -- Added test 'lint_cmake' to check CMake code style
[16.259s] -- Added test 'pep257' to check Python code against some of the docstring style conventions in PEP 257
[17.087s] -- Added test 'uncrustify' to check C / C++ code style
[17.088s] -- Configured uncrustify additional arguments: 
[17.213s] -- Added test 'xmllint' to check XML markup files
[17.309s] -- Configuring done (15.9s)
[18.051s] -- Generating done (0.6s)
[18.468s] -- Build files have been written to: /mnt/c/Users/Administrator/Documents/SLAM/Autonomous-Robot-Mapping-Localization-with-ROS-2-and-SLAM-1/navbot/build/navbot_localization
[19.781s] [  0%] Built target ament_cmake_python_copy_navbot_localization
[20.391s] [ 50%] Built target kalman_filter
[20.471s] [100%] Built target odometry_motion_model
[22.485s] running egg_info
[22.595s] writing navbot_localization.egg-info/PKG-INFO
[22.600s] writing dependency_links to navbot_localization.egg-info/dependency_links.txt
[22.607s] writing top-level names to navbot_localization.egg-info/top_level.txt
[22.840s] reading manifest file 'navbot_localization.egg-info/SOURCES.txt'
[22.880s] writing manifest file 'navbot_localization.egg-info/SOURCES.txt'
[23.019s] [100%] Built target ament_cmake_python_build_navbot_localization_egg
[23.127s] Invoked command in '/mnt/c/Users/Administrator/Documents/SLAM/Autonomous-Robot-Mapping-Localization-with-ROS-2-and-SLAM-1/navbot/build/navbot_localization' returned '0': CMAKE_PREFIX_PATH=${CMAKE_PREFIX_PATH}:/mnt/c/Users/Administrator/Documents/SLAM/Autonomous-Robot-Mapping-Localization-with-ROS-2-and-SLAM-1/navbot/install/navbot_examples:/opt/ros/jazzy /usr/bin/cmake --build /mnt/c/Users/Administrator/Documents/SLAM/Autonomous-Robot-Mapping-Localization-with-ROS-2-and-SLAM-1/navbot/build/navbot_localization -- -j8 -l8
[23.162s] Invoking command in '/mnt/c/Users/Administrator/Documents/SLAM/Autonomous-Robot-Mapping-Localization-with-ROS-2-and-SLAM-1/navbot/build/navbot_localization': CMAKE_PREFIX_PATH=${CMAKE_PREFIX_PATH}:/mnt/c/Users/Administrator/Documents/SLAM/Autonomous-Robot-Mapping-Localization-with-ROS-2-and-SLAM-1/navbot/install/navbot_examples:/opt/ros/jazzy /usr/bin/cmake --install /mnt/c/Users/Administrator/Documents/SLAM/Autonomous-Robot-Mapping-Localization-with-ROS-2-and-SLAM-1/navbot/build/navbot_localization
[23.275s] -- Install configuration: ""
[23.299s] -- Up-to-date: /mnt/c/Users/Administrator/Documents/SLAM/Autonomous-Robot-Mapping-Localization-with-ROS-2-and-SLAM-1/navbot/install/navbot_localization/share/navbot_localization/environment/pythonpath.sh
[23.342s] -- Up-to-date: /mnt/c/Users/Administrator/Documents/SLAM/Autonomous-Robot-Mapping-Localization-with-ROS-2-and-SLAM-1/navbot/install/navbot_localization/share/navbot_localization/environment/pythonpath.dsv
[23.379s] -- Up-to-date: /mnt/c/Users/Administrator/Documents/SLAM/Autonomous-Robot-Mapping-Localization-with-ROS-2-and-SLAM-1/navbot/install/navbot_localization/lib/python3.12/site-packages/navbot_localization-0.0.0-py3.12.egg-info
[23.430s] -- Installing: /mnt/c/Users/Administrator/Documents/SLAM/Autonomous-Robot-Mapping-Localization-with-ROS-2-and-SLAM-1/navbot/install/navbot_localization/lib/python3.12/site-packages/navbot_localization-0.0.0-py3.12.egg-info/dependency_links.txt
[23.585s] -- Installing: /mnt/c/Users/Administrator/Documents/SLAM/Autonomous-Robot-Mapping-Localization-with-ROS-2-and-SLAM-1/navbot/install/navbot_localization/lib/python3.12/site-packages/navbot_localization-0.0.0-py3.12.egg-info/PKG-INFO
[23.726s] -- Installing: /mnt/c/Users/Administrator/Documents/SLAM/Autonomous-Robot-Mapping-Localization-with-ROS-2-and-SLAM-1/navbot/install/navbot_localization/lib/python3.12/site-packages/navbot_localization-0.0.0-py3.12.egg-info/SOURCES.txt
[23.863s] -- Installing: /mnt/c/Users/Administrator/Documents/SLAM/Autonomous-Robot-Mapping-Localization-with-ROS-2-and-SLAM-1/navbot/install/navbot_localization/lib/python3.12/site-packages/navbot_localization-0.0.0-py3.12.egg-info/top_level.txt
[23.966s] -- Up-to-date: /mnt/c/Users/Administrator/Documents/SLAM/Autonomous-Robot-Mapping-Localization-with-ROS-2-and-SLAM-1/navbot/install/navbot_localization/lib/python3.12/site-packages/navbot_localization
[24.001s] -- Installing: /mnt/c/Users/Administrator/Documents/SLAM/Autonomous-Robot-Mapping-Localization-with-ROS-2-and-SLAM-1/navbot/install/navbot_localization/lib/python3.12/site-packages/navbot_localization/imu_republisher.py
[24.105s] -- Up-to-date: /mnt/c/Users/Administrator/Documents/SLAM/Autonomous-Robot-Mapping-Localization-with-ROS-2-and-SLAM-1/navbot/install/navbot_localization/lib/python3.12/site-packages/navbot_localization/kalman_filter.py
[24.131s] -- Up-to-date: /mnt/c/Users/Administrator/Documents/SLAM/Autonomous-Robot-Mapping-Localization-with-ROS-2-and-SLAM-1/navbot/install/navbot_localization/lib/python3.12/site-packages/navbot_localization/odometry_motion_model.py
[24.161s] -- Up-to-date: /mnt/c/Users/Administrator/Documents/SLAM/Autonomous-Robot-Mapping-Localization-with-ROS-2-and-SLAM-1/navbot/install/navbot_localization/lib/python3.12/site-packages/navbot_localization/__init__.py
[25.229s] Listing '/mnt/c/Users/Administrator/Documents/SLAM/Autonomous-Robot-Mapping-Localization-with-ROS-2-and-SLAM-1/navbot/install/navbot_localization/lib/python3.12/site-packages/navbot_localization'...
[25.231s] Compiling '/mnt/c/Users/Administrator/Documents/SLAM/Autonomous-Robot-Mapping-Localization-with-ROS-2-and-SLAM-1/navbot/install/navbot_localization/lib/python3.12/site-packages/navbot_localization/imu_republisher.py'...
[25.278s] Compiling '/mnt/c/Users/Administrator/Documents/SLAM/Autonomous-Robot-Mapping-Localization-with-ROS-2-and-SLAM-1/navbot/install/navbot_localization/lib/python3.12/site-packages/navbot_localization/kalman_filter.py'...
[25.331s] ***   File "/mnt/c/Users/Administrator/Documents/SLAM/Autonomous-Robot-Mapping-Localization-with-ROS-2-and-SLAM-1/navbot/install/navbot_localization/lib/python3.12/site-packages/navbot_localization/kalman_filter.py", line 60
[25.336s]     self.mean_ = (self.measurement_variance_ * self.mean_ + self.variance_ * self.imu_angular_z_) \ 
[25.339s]                                                                                                    ^
[25.341s] SyntaxError: unexpected character after line continuation character
[25.343s] 
[25.370s] -- Up-to-date: /mnt/c/Users/Administrator/Documents/SLAM/Autonomous-Robot-Mapping-Localization-with-ROS-2-and-SLAM-1/navbot/install/navbot_localization/include/include
[25.449s] -- Up-to-date: /mnt/c/Users/Administrator/Documents/SLAM/Autonomous-Robot-Mapping-Localization-with-ROS-2-and-SLAM-1/navbot/install/navbot_localization/include/include/navbot_localization
[25.491s] -- Up-to-date: /mnt/c/Users/Administrator/Documents/SLAM/Autonomous-Robot-Mapping-Localization-with-ROS-2-and-SLAM-1/navbot/install/navbot_localization/include/include/navbot_localization/kalman_filter.hpp
[25.527s] -- Up-to-date: /mnt/c/Users/Administrator/Documents/SLAM/Autonomous-Robot-Mapping-Localization-with-ROS-2-and-SLAM-1/navbot/install/navbot_localization/include/include/navbot_localization/odometry_motion_model.hpp
[25.590s] -- Up-to-date: /mnt/c/Users/Administrator/Documents/SLAM/Autonomous-Robot-Mapping-Localization-with-ROS-2-and-SLAM-1/navbot/install/navbot_localization/lib/navbot_localization/kalman_filter
[25.688s] -- Up-to-date: /mnt/c/Users/Administrator/Documents/SLAM/Autonomous-Robot-Mapping-Localization-with-ROS-2-and-SLAM-1/navbot/install/navbot_localization/lib/navbot_localization/odometry_motion_model
[25.738s] -- Up-to-date: /mnt/c/Users/Administrator/Documents/SLAM/Autonomous-Robot-Mapping-Localization-with-ROS-2-and-SLAM-1/navbot/install/navbot_localization/share/navbot_localization/launch
[25.758s] -- Up-to-date: /mnt/c/Users/Administrator/Documents/SLAM/Autonomous-Robot-Mapping-Localization-with-ROS-2-and-SLAM-1/navbot/install/navbot_localization/share/navbot_localization/config
[25.791s] -- Up-to-date: /mnt/c/Users/Administrator/Documents/SLAM/Autonomous-Robot-Mapping-Localization-with-ROS-2-and-SLAM-1/navbot/install/navbot_localization/lib/navbot_localization/kalman_filter.py
[25.812s] -- Installing: /mnt/c/Users/Administrator/Documents/SLAM/Autonomous-Robot-Mapping-Localization-with-ROS-2-and-SLAM-1/navbot/install/navbot_localization/lib/navbot_localization/imu_republisher.py
[25.884s] -- Up-to-date: /mnt/c/Users/Administrator/Documents/SLAM/Autonomous-Robot-Mapping-Localization-with-ROS-2-and-SLAM-1/navbot/install/navbot_localization/lib/navbot_localization/odometry_motion_model.py
[25.916s] -- Up-to-date: /mnt/c/Users/Administrator/Documents/SLAM/Autonomous-Robot-Mapping-Localization-with-ROS-2-and-SLAM-1/navbot/install/navbot_localization/share/ament_index/resource_index/package_run_dependencies/navbot_localization
[25.954s] -- Up-to-date: /mnt/c/Users/Administrator/Documents/SLAM/Autonomous-Robot-Mapping-Localization-with-ROS-2-and-SLAM-1/navbot/install/navbot_localization/share/ament_index/resource_index/parent_prefix_path/navbot_localization
[25.973s] -- Up-to-date: /mnt/c/Users/Administrator/Documents/SLAM/Autonomous-Robot-Mapping-Localization-with-ROS-2-and-SLAM-1/navbot/install/navbot_localization/share/navbot_localization/environment/ament_prefix_path.sh
[26.000s] -- Up-to-date: /mnt/c/Users/Administrator/Documents/SLAM/Autonomous-Robot-Mapping-Localization-with-ROS-2-and-SLAM-1/navbot/install/navbot_localization/share/navbot_localization/environment/ament_prefix_path.dsv
[26.017s] -- Up-to-date: /mnt/c/Users/Administrator/Documents/SLAM/Autonomous-Robot-Mapping-Localization-with-ROS-2-and-SLAM-1/navbot/install/navbot_localization/share/navbot_localization/environment/path.sh
[26.039s] -- Up-to-date: /mnt/c/Users/Administrator/Documents/SLAM/Autonomous-Robot-Mapping-Localization-with-ROS-2-and-SLAM-1/navbot/install/navbot_localization/share/navbot_localization/environment/path.dsv
[26.066s] -- Up-to-date: /mnt/c/Users/Administrator/Documents/SLAM/Autonomous-Robot-Mapping-Localization-with-ROS-2-and-SLAM-1/navbot/install/navbot_localization/share/navbot_localization/local_setup.bash
[26.087s] -- Up-to-date: /mnt/c/Users/Administrator/Documents/SLAM/Autonomous-Robot-Mapping-Localization-with-ROS-2-and-SLAM-1/navbot/install/navbot_localization/share/navbot_localization/local_setup.sh
[26.106s] -- Up-to-date: /mnt/c/Users/Administrator/Documents/SLAM/Autonomous-Robot-Mapping-Localization-with-ROS-2-and-SLAM-1/navbot/install/navbot_localization/share/navbot_localization/local_setup.zsh
[26.126s] -- Up-to-date: /mnt/c/Users/Administrator/Documents/SLAM/Autonomous-Robot-Mapping-Localization-with-ROS-2-and-SLAM-1/navbot/install/navbot_localization/share/navbot_localization/local_setup.dsv
[26.145s] -- Installing: /mnt/c/Users/Administrator/Documents/SLAM/Autonomous-Robot-Mapping-Localization-with-ROS-2-and-SLAM-1/navbot/install/navbot_localization/share/navbot_localization/package.dsv
[26.228s] -- Up-to-date: /mnt/c/Users/Administrator/Documents/SLAM/Autonomous-Robot-Mapping-Localization-with-ROS-2-and-SLAM-1/navbot/install/navbot_localization/share/ament_index/resource_index/packages/navbot_localization
[26.250s] -- Up-to-date: /mnt/c/Users/Administrator/Documents/SLAM/Autonomous-Robot-Mapping-Localization-with-ROS-2-and-SLAM-1/navbot/install/navbot_localization/share/navbot_localization/cmake/navbot_localizationConfig.cmake
[26.269s] -- Up-to-date: /mnt/c/Users/Administrator/Documents/SLAM/Autonomous-Robot-Mapping-Localization-with-ROS-2-and-SLAM-1/navbot/install/navbot_localization/share/navbot_localization/cmake/navbot_localizationConfig-version.cmake
[26.289s] -- Up-to-date: /mnt/c/Users/Administrator/Documents/SLAM/Autonomous-Robot-Mapping-Localization-with-ROS-2-and-SLAM-1/navbot/install/navbot_localization/share/navbot_localization/package.xml
[26.301s] Invoked command in '/mnt/c/Users/Administrator/Documents/SLAM/Autonomous-Robot-Mapping-Localization-with-ROS-2-and-SLAM-1/navbot/build/navbot_localization' returned '0': CMAKE_PREFIX_PATH=${CMAKE_PREFIX_PATH}:/mnt/c/Users/Administrator/Documents/SLAM/Autonomous-Robot-Mapping-Localization-with-ROS-2-and-SLAM-1/navbot/install/navbot_examples:/opt/ros/jazzy /usr/bin/cmake --install /mnt/c/Users/Administrator/Documents/SLAM/Autonomous-Robot-Mapping-Localization-with-ROS-2-and-SLAM-1/navbot/build/navbot_localization
