[0.540s] Invoking command in '/mnt/c/Users/Administrator/Documents/SLAM/Autonomous-Robot-Mapping-Localization-with-ROS-2-and-SLAM-1/navbot/build/navbot_utils': CMAKE_PREFIX_PATH=${CMAKE_PREFIX_PATH}:/opt/ros/jazzy /usr/bin/cmake --build /mnt/c/Users/Administrator/Documents/SLAM/Autonomous-Robot-Mapping-Localization-with-ROS-2-and-SLAM-1/navbot/build/navbot_utils -- -j8 -l8
[3.251s] [  0%] Built target ament_cmake_python_copy_navbot_utils
[3.468s] [100%] Built target safety_stop
[4.389s] running egg_info
[4.507s] writing navbot_utils.egg-info/PKG-INFO
[4.550s] writing dependency_links to navbot_utils.egg-info/dependency_links.txt
[4.570s] writing top-level names to navbot_utils.egg-info/top_level.txt
[4.929s] reading manifest file 'navbot_utils.egg-info/SOURCES.txt'
[5.150s] writing manifest file 'navbot_utils.egg-info/SOURCES.txt'
[5.338s] [100%] Built target ament_cmake_python_build_navbot_utils_egg
[6.730s] Invoked command in '/mnt/c/Users/Administrator/Documents/SLAM/Autonomous-Robot-Mapping-Localization-with-ROS-2-and-SLAM-1/navbot/build/navbot_utils' returned '0': CMAKE_PREFIX_PATH=${CMAKE_PREFIX_PATH}:/opt/ros/jazzy /usr/bin/cmake --build /mnt/c/Users/Administrator/Documents/SLAM/Autonomous-Robot-Mapping-Localization-with-ROS-2-and-SLAM-1/navbot/build/navbot_utils -- -j8 -l8
[6.757s] Invoking command in '/mnt/c/Users/Administrator/Documents/SLAM/Autonomous-Robot-Mapping-Localization-with-ROS-2-and-SLAM-1/navbot/build/navbot_utils': CMAKE_PREFIX_PATH=${CMAKE_PREFIX_PATH}:/opt/ros/jazzy /usr/bin/cmake --install /mnt/c/Users/Administrator/Documents/SLAM/Autonomous-Robot-Mapping-Localization-with-ROS-2-and-SLAM-1/navbot/build/navbot_utils
[6.787s] -- Install configuration: ""
[6.821s] -- Up-to-date: /mnt/c/Users/Administrator/Documents/SLAM/Autonomous-Robot-Mapping-Localization-with-ROS-2-and-SLAM-1/navbot/install/navbot_utils/share/navbot_utils/environment/pythonpath.sh
[6.863s] -- Up-to-date: /mnt/c/Users/Administrator/Documents/SLAM/Autonomous-Robot-Mapping-Localization-with-ROS-2-and-SLAM-1/navbot/install/navbot_utils/share/navbot_utils/environment/pythonpath.dsv
[6.893s] -- Up-to-date: /mnt/c/Users/Administrator/Documents/SLAM/Autonomous-Robot-Mapping-Localization-with-ROS-2-and-SLAM-1/navbot/install/navbot_utils/lib/python3.12/site-packages/navbot_utils-0.0.0-py3.12.egg-info
[6.951s] -- Installing: /mnt/c/Users/Administrator/Documents/SLAM/Autonomous-Robot-Mapping-Localization-with-ROS-2-and-SLAM-1/navbot/install/navbot_utils/lib/python3.12/site-packages/navbot_utils-0.0.0-py3.12.egg-info/dependency_links.txt
[7.129s] -- Installing: /mnt/c/Users/Administrator/Documents/SLAM/Autonomous-Robot-Mapping-Localization-with-ROS-2-and-SLAM-1/navbot/install/navbot_utils/lib/python3.12/site-packages/navbot_utils-0.0.0-py3.12.egg-info/PKG-INFO
[7.633s] -- Installing: /mnt/c/Users/Administrator/Documents/SLAM/Autonomous-Robot-Mapping-Localization-with-ROS-2-and-SLAM-1/navbot/install/navbot_utils/lib/python3.12/site-packages/navbot_utils-0.0.0-py3.12.egg-info/SOURCES.txt
[7.832s] -- Installing: /mnt/c/Users/Administrator/Documents/SLAM/Autonomous-Robot-Mapping-Localization-with-ROS-2-and-SLAM-1/navbot/install/navbot_utils/lib/python3.12/site-packages/navbot_utils-0.0.0-py3.12.egg-info/top_level.txt
[8.014s] -- Up-to-date: /mnt/c/Users/Administrator/Documents/SLAM/Autonomous-Robot-Mapping-Localization-with-ROS-2-and-SLAM-1/navbot/install/navbot_utils/lib/python3.12/site-packages/navbot_utils
[8.068s] -- Up-to-date: /mnt/c/Users/Administrator/Documents/SLAM/Autonomous-Robot-Mapping-Localization-with-ROS-2-and-SLAM-1/navbot/install/navbot_utils/lib/python3.12/site-packages/navbot_utils/practicing_node.py
[8.104s] -- Up-to-date: /mnt/c/Users/Administrator/Documents/SLAM/Autonomous-Robot-Mapping-Localization-with-ROS-2-and-SLAM-1/navbot/install/navbot_utils/lib/python3.12/site-packages/navbot_utils/safety_stop.py
[8.148s] -- Up-to-date: /mnt/c/Users/Administrator/Documents/SLAM/Autonomous-Robot-Mapping-Localization-with-ROS-2-and-SLAM-1/navbot/install/navbot_utils/lib/python3.12/site-packages/navbot_utils/__init__.py
[8.371s] Listing '/mnt/c/Users/Administrator/Documents/SLAM/Autonomous-Robot-Mapping-Localization-with-ROS-2-and-SLAM-1/navbot/install/navbot_utils/lib/python3.12/site-packages/navbot_utils'...
[8.373s] Compiling '/mnt/c/Users/Administrator/Documents/SLAM/Autonomous-Robot-Mapping-Localization-with-ROS-2-and-SLAM-1/navbot/install/navbot_utils/lib/python3.12/site-packages/navbot_utils/safety_stop.py'...
[8.375s] ***   File "/mnt/c/Users/Administrator/Documents/SLAM/Autonomous-Robot-Mapping-Localization-with-ROS-2-and-SLAM-1/navbot/install/navbot_utils/lib/python3.12/site-packages/navbot_utils/safety_stop.py", line 41
[8.376s]     elif self self.state == State.FREE:
[8.378s]               ^^^^
[8.380s] SyntaxError: invalid syntax
[8.382s] 
[8.461s] -- Up-to-date: /mnt/c/Users/Administrator/Documents/SLAM/Autonomous-Robot-Mapping-Localization-with-ROS-2-and-SLAM-1/navbot/install/navbot_utils/lib/navbot_utils/safety_stop
[8.563s] -- Up-to-date: /mnt/c/Users/Administrator/Documents/SLAM/Autonomous-Robot-Mapping-Localization-with-ROS-2-and-SLAM-1/navbot/install/navbot_utils/lib/navbot_utils/safety_stop.py
[8.593s] -- Up-to-date: /mnt/c/Users/Administrator/Documents/SLAM/Autonomous-Robot-Mapping-Localization-with-ROS-2-and-SLAM-1/navbot/install/navbot_utils/lib/navbot_utils/practicing_node.py
[8.647s] -- Up-to-date: /mnt/c/Users/Administrator/Documents/SLAM/Autonomous-Robot-Mapping-Localization-with-ROS-2-and-SLAM-1/navbot/install/navbot_utils/share/ament_index/resource_index/package_run_dependencies/navbot_utils
[8.714s] -- Up-to-date: /mnt/c/Users/Administrator/Documents/SLAM/Autonomous-Robot-Mapping-Localization-with-ROS-2-and-SLAM-1/navbot/install/navbot_utils/share/ament_index/resource_index/parent_prefix_path/navbot_utils
[8.743s] -- Up-to-date: /mnt/c/Users/Administrator/Documents/SLAM/Autonomous-Robot-Mapping-Localization-with-ROS-2-and-SLAM-1/navbot/install/navbot_utils/share/navbot_utils/environment/ament_prefix_path.sh
[8.775s] -- Up-to-date: /mnt/c/Users/Administrator/Documents/SLAM/Autonomous-Robot-Mapping-Localization-with-ROS-2-and-SLAM-1/navbot/install/navbot_utils/share/navbot_utils/environment/ament_prefix_path.dsv
[8.797s] -- Up-to-date: /mnt/c/Users/Administrator/Documents/SLAM/Autonomous-Robot-Mapping-Localization-with-ROS-2-and-SLAM-1/navbot/install/navbot_utils/share/navbot_utils/environment/path.sh
[8.828s] -- Up-to-date: /mnt/c/Users/Administrator/Documents/SLAM/Autonomous-Robot-Mapping-Localization-with-ROS-2-and-SLAM-1/navbot/install/navbot_utils/share/navbot_utils/environment/path.dsv
[8.860s] -- Up-to-date: /mnt/c/Users/Administrator/Documents/SLAM/Autonomous-Robot-Mapping-Localization-with-ROS-2-and-SLAM-1/navbot/install/navbot_utils/share/navbot_utils/local_setup.bash
[8.887s] -- Up-to-date: /mnt/c/Users/Administrator/Documents/SLAM/Autonomous-Robot-Mapping-Localization-with-ROS-2-and-SLAM-1/navbot/install/navbot_utils/share/navbot_utils/local_setup.sh
[8.910s] -- Up-to-date: /mnt/c/Users/Administrator/Documents/SLAM/Autonomous-Robot-Mapping-Localization-with-ROS-2-and-SLAM-1/navbot/install/navbot_utils/share/navbot_utils/local_setup.zsh
[8.939s] -- Up-to-date: /mnt/c/Users/Administrator/Documents/SLAM/Autonomous-Robot-Mapping-Localization-with-ROS-2-and-SLAM-1/navbot/install/navbot_utils/share/navbot_utils/local_setup.dsv
[8.967s] -- Installing: /mnt/c/Users/Administrator/Documents/SLAM/Autonomous-Robot-Mapping-Localization-with-ROS-2-and-SLAM-1/navbot/install/navbot_utils/share/navbot_utils/package.dsv
[9.146s] -- Up-to-date: /mnt/c/Users/Administrator/Documents/SLAM/Autonomous-Robot-Mapping-Localization-with-ROS-2-and-SLAM-1/navbot/install/navbot_utils/share/ament_index/resource_index/packages/navbot_utils
[9.177s] -- Up-to-date: /mnt/c/Users/Administrator/Documents/SLAM/Autonomous-Robot-Mapping-Localization-with-ROS-2-and-SLAM-1/navbot/install/navbot_utils/share/navbot_utils/cmake/navbot_utilsConfig.cmake
[9.201s] -- Up-to-date: /mnt/c/Users/Administrator/Documents/SLAM/Autonomous-Robot-Mapping-Localization-with-ROS-2-and-SLAM-1/navbot/install/navbot_utils/share/navbot_utils/cmake/navbot_utilsConfig-version.cmake
[9.234s] -- Up-to-date: /mnt/c/Users/Administrator/Documents/SLAM/Autonomous-Robot-Mapping-Localization-with-ROS-2-and-SLAM-1/navbot/install/navbot_utils/share/navbot_utils/package.xml
[9.250s] Invoked command in '/mnt/c/Users/Administrator/Documents/SLAM/Autonomous-Robot-Mapping-Localization-with-ROS-2-and-SLAM-1/navbot/build/navbot_utils' returned '0': CMAKE_PREFIX_PATH=${CMAKE_PREFIX_PATH}:/opt/ros/jazzy /usr/bin/cmake --install /mnt/c/Users/Administrator/Documents/SLAM/Autonomous-Robot-Mapping-Localization-with-ROS-2-and-SLAM-1/navbot/build/navbot_utils
