[0.916s] Invoking command in '/mnt/c/Users/Administrator/Documents/SLAM/Autonomous-Robot-Mapping-Localization-with-ROS-2-and-SLAM-1/navbot/build/navbot_firmware': CMAKE_PREFIX_PATH=${CMAKE_PREFIX_PATH}:/mnt/c/Users/Administrator/Documents/SLAM/Autonomous-Robot-Mapping-Localization-with-ROS-2-and-SLAM-1/navbot/install/navbot_examples:/opt/ros/jazzy /usr/bin/cmake --build /mnt/c/Users/Administrator/Documents/SLAM/Autonomous-Robot-Mapping-Localization-with-ROS-2-and-SLAM-1/navbot/build/navbot_firmware -- -j8 -l8
[1.920s] Invoked command in '/mnt/c/Users/Administrator/Documents/SLAM/Autonomous-Robot-Mapping-Localization-with-ROS-2-and-SLAM-1/navbot/build/navbot_firmware' returned '0': CMAKE_PREFIX_PATH=${CMAKE_PREFIX_PATH}:/mnt/c/Users/Administrator/Documents/SLAM/Autonomous-Robot-Mapping-Localization-with-ROS-2-and-SLAM-1/navbot/install/navbot_examples:/opt/ros/jazzy /usr/bin/cmake --build /mnt/c/Users/Administrator/Documents/SLAM/Autonomous-Robot-Mapping-Localization-with-ROS-2-and-SLAM-1/navbot/build/navbot_firmware -- -j8 -l8
[2.022s] Invoking command in '/mnt/c/Users/Administrator/Documents/SLAM/Autonomous-Robot-Mapping-Localization-with-ROS-2-and-SLAM-1/navbot/build/navbot_firmware': CMAKE_PREFIX_PATH=${CMAKE_PREFIX_PATH}:/mnt/c/Users/Administrator/Documents/SLAM/Autonomous-Robot-Mapping-Localization-with-ROS-2-and-SLAM-1/navbot/install/navbot_examples:/opt/ros/jazzy /usr/bin/cmake --install /mnt/c/Users/Administrator/Documents/SLAM/Autonomous-Robot-Mapping-Localization-with-ROS-2-and-SLAM-1/navbot/build/navbot_firmware
[3.772s] -- Install configuration: ""
[3.775s] -- Up-to-date: /mnt/c/Users/Administrator/Documents/SLAM/Autonomous-Robot-Mapping-Localization-with-ROS-2-and-SLAM-1/navbot/install/navbot_firmware/share/ament_index/resource_index/package_run_dependencies/navbot_firmware
[3.777s] -- Up-to-date: /mnt/c/Users/Administrator/Documents/SLAM/Autonomous-Robot-Mapping-Localization-with-ROS-2-and-SLAM-1/navbot/install/navbot_firmware/share/ament_index/resource_index/parent_prefix_path/navbot_firmware
[3.779s] -- Up-to-date: /mnt/c/Users/Administrator/Documents/SLAM/Autonomous-Robot-Mapping-Localization-with-ROS-2-and-SLAM-1/navbot/install/navbot_firmware/share/navbot_firmware/environment/ament_prefix_path.sh
[3.783s] -- Up-to-date: /mnt/c/Users/Administrator/Documents/SLAM/Autonomous-Robot-Mapping-Localization-with-ROS-2-and-SLAM-1/navbot/install/navbot_firmware/share/navbot_firmware/environment/ament_prefix_path.dsv
[3.786s] -- Up-to-date: /mnt/c/Users/Administrator/Documents/SLAM/Autonomous-Robot-Mapping-Localization-with-ROS-2-and-SLAM-1/navbot/install/navbot_firmware/share/navbot_firmware/environment/path.sh
[3.789s] -- Up-to-date: /mnt/c/Users/Administrator/Documents/SLAM/Autonomous-Robot-Mapping-Localization-with-ROS-2-and-SLAM-1/navbot/install/navbot_firmware/share/navbot_firmware/environment/path.dsv
[3.793s] -- Up-to-date: /mnt/c/Users/Administrator/Documents/SLAM/Autonomous-Robot-Mapping-Localization-with-ROS-2-and-SLAM-1/navbot/install/navbot_firmware/share/navbot_firmware/local_setup.bash
[3.795s] -- Up-to-date: /mnt/c/Users/Administrator/Documents/SLAM/Autonomous-Robot-Mapping-Localization-with-ROS-2-and-SLAM-1/navbot/install/navbot_firmware/share/navbot_firmware/local_setup.sh
[3.797s] -- Up-to-date: /mnt/c/Users/Administrator/Documents/SLAM/Autonomous-Robot-Mapping-Localization-with-ROS-2-and-SLAM-1/navbot/install/navbot_firmware/share/navbot_firmware/local_setup.zsh
[3.799s] -- Up-to-date: /mnt/c/Users/Administrator/Documents/SLAM/Autonomous-Robot-Mapping-Localization-with-ROS-2-and-SLAM-1/navbot/install/navbot_firmware/share/navbot_firmware/local_setup.dsv
[3.801s] -- Installing: /mnt/c/Users/Administrator/Documents/SLAM/Autonomous-Robot-Mapping-Localization-with-ROS-2-and-SLAM-1/navbot/install/navbot_firmware/share/navbot_firmware/package.dsv
[3.808s] -- Up-to-date: /mnt/c/Users/Administrator/Documents/SLAM/Autonomous-Robot-Mapping-Localization-with-ROS-2-and-SLAM-1/navbot/install/navbot_firmware/share/ament_index/resource_index/packages/navbot_firmware
[3.905s] -- Up-to-date: /mnt/c/Users/Administrator/Documents/SLAM/Autonomous-Robot-Mapping-Localization-with-ROS-2-and-SLAM-1/navbot/install/navbot_firmware/share/navbot_firmware/cmake/navbot_firmwareConfig.cmake
[3.968s] -- Up-to-date: /mnt/c/Users/Administrator/Documents/SLAM/Autonomous-Robot-Mapping-Localization-with-ROS-2-and-SLAM-1/navbot/install/navbot_firmware/share/navbot_firmware/cmake/navbot_firmwareConfig-version.cmake
[4.049s] -- Up-to-date: /mnt/c/Users/Administrator/Documents/SLAM/Autonomous-Robot-Mapping-Localization-with-ROS-2-and-SLAM-1/navbot/install/navbot_firmware/share/navbot_firmware/package.xml
[5.628s] Invoked command in '/mnt/c/Users/Administrator/Documents/SLAM/Autonomous-Robot-Mapping-Localization-with-ROS-2-and-SLAM-1/navbot/build/navbot_firmware' returned '0': CMAKE_PREFIX_PATH=${CMAKE_PREFIX_PATH}:/mnt/c/Users/Administrator/Documents/SLAM/Autonomous-Robot-Mapping-Localization-with-ROS-2-and-SLAM-1/navbot/install/navbot_examples:/opt/ros/jazzy /usr/bin/cmake --install /mnt/c/Users/Administrator/Documents/SLAM/Autonomous-Robot-Mapping-Localization-with-ROS-2-and-SLAM-1/navbot/build/navbot_firmware
