-- Found ament_cmake: 2.5.5 (/opt/ros/jazzy/share/ament_cmake/cmake)
-- Found rclcpp: 28.1.16 (/opt/ros/jazzy/share/rclcpp/cmake)
-- Found rosidl_generator_c: 4.6.7 (/opt/ros/jazzy/share/rosidl_generator_c/cmake)
-- Found rosidl_generator_cpp: 4.6.7 (/opt/ros/jazzy/share/rosidl_generator_cpp/cmake)
-- Using all available rosidl_typesupport_c: rosidl_typesupport_fastrtps_c;rosidl_typesupport_introspection_c
-- Using all available rosidl_typesupport_cpp: rosidl_typesupport_fastrtps_cpp;rosidl_typesupport_introspection_cpp
-- Found rmw_implementation_cmake: 7.3.3 (/opt/ros/jazzy/share/rmw_implementation_cmake/cmake)
-- Found rmw_fastrtps_cpp: 8.4.3 (/opt/ros/jazzy/share/rmw_fastrtps_cpp/cmake)
-- Using RMW implementation 'rmw_fastrtps_cpp' as default
-- Found rclpy: 7.1.9 (/opt/ros/jazzy/share/rclpy/cmake)
-- Found geometry_msgs: 5.3.6 (/opt/ros/jazzy/share/geometry_msgs/cmake)
-- Found sensor_msgs: 5.3.6 (/opt/ros/jazzy/share/sensor_msgs/cmake)
-- Found nav_msgs: 5.3.6 (/opt/ros/jazzy/share/nav_msgs/cmake)
-- Found tf2_ros: 0.36.19 (/opt/ros/jazzy/share/tf2_ros/cmake)
-- Found ament_lint_auto: 0.17.4 (/opt/ros/jazzy/share/ament_lint_auto/cmake)
-- Added test 'cppcheck' to perform static code analysis on C / C++ code
-- Configured cppcheck include dirs: /mnt/c/Users/Administrator/Documents/SLAM/Autonomous-Robot-Mapping-Localization-with-ROS-2-and-SLAM-1/navbot/src/navbot_controller/include
-- Configured cppcheck exclude dirs and/or files: 
-- Added test 'flake8' to check Python code syntax and style conventions
-- Configured 'flake8' exclude dirs and/or files: 
-- Added test 'lint_cmake' to check CMake code style
-- Added test 'pep257' to check Python code against some of the docstring style conventions in PEP 257
-- Added test 'uncrustify' to check C / C++ code style
-- Configured uncrustify additional arguments: 
-- Added test 'xmllint' to check XML markup files
-- Configuring done (10.2s)
-- Generating done (0.7s)
-- Build files have been written to: /mnt/c/Users/Administrator/Documents/SLAM/Autonomous-Robot-Mapping-Localization-with-ROS-2-and-SLAM-1/navbot/build/navbot_controller
[  0%] Built target ament_cmake_python_copy_navbot_controller
[ 50%] Built target twist_relay
[ 75%] [32mBuilding CXX object CMakeFiles/simple_controller.dir/src/simple_controller.cpp.o[0m
running egg_info
writing navbot_controller.egg-info/PKG-INFO
writing dependency_links to navbot_controller.egg-info/dependency_links.txt
writing top-level names to navbot_controller.egg-info/top_level.txt
reading manifest file 'navbot_controller.egg-info/SOURCES.txt'
writing manifest file 'navbot_controller.egg-info/SOURCES.txt'
[ 75%] Built target ament_cmake_python_build_navbot_controller_egg
In file included from [01m[K/mnt/c/Users/Administrator/Documents/SLAM/Autonomous-Robot-Mapping-Localization-with-ROS-2-and-SLAM-1/navbot/src/navbot_controller/src/simple_controller.cpp:1[m[K:
[01m[K/mnt/c/Users/Administrator/Documents/SLAM/Autonomous-Robot-Mapping-Localization-with-ROS-2-and-SLAM-1/navbot/src/navbot_controller/include/simple_controller.hpp:9:10:[m[K [01;31m[Kfatal error: [m[Knav_msgs/msg/Odometry.hpp: No such file or directory
    9 | #include [01;31m[K<nav_msgs/msg/Odometry.hpp>[m[K
      |          [01;31m[K^~~~~~~~~~~~~~~~~~~~~~~~~~~[m[K
compilation terminated.
gmake[2]: *** [CMakeFiles/simple_controller.dir/build.make:76: CMakeFiles/simple_controller.dir/src/simple_controller.cpp.o] Error 1
gmake[1]: *** [CMakeFiles/Makefile2:142: CMakeFiles/simple_controller.dir/all] Error 2
gmake: *** [Makefile:146: all] Error 2
