[0.346s] Invoking command in '/mnt/c/Users/Administrator/Documents/SLAM/Autonomous-Robot-Mapping-Localization-with-ROS-2-and-SLAM-1/navbot/build/navbot_controller': CMAKE_PREFIX_PATH=${CMAKE_PREFIX_PATH}:/mnt/c/Users/Administrator/Documents/SLAM/Autonomous-Robot-Mapping-Localization-with-ROS-2-and-SLAM-1/navbot/install/navbot_examples:/opt/ros/jazzy /usr/bin/cmake --build /mnt/c/Users/Administrator/Documents/SLAM/Autonomous-Robot-Mapping-Localization-with-ROS-2-and-SLAM-1/navbot/build/navbot_controller -- -j8 -l8
[0.898s] -- Found ament_cmake: 2.5.5 (/opt/ros/jazzy/share/ament_cmake/cmake)
[4.119s] -- Found rclcpp: 28.1.16 (/opt/ros/jazzy/share/rclcpp/cmake)
[4.578s] -- Found rosidl_generator_c: 4.6.7 (/opt/ros/jazzy/share/rosidl_generator_c/cmake)
[4.633s] -- Found rosidl_generator_cpp: 4.6.7 (/opt/ros/jazzy/share/rosidl_generator_cpp/cmake)
[4.784s] -- Using all available rosidl_typesupport_c: rosidl_typesupport_fastrtps_c;rosidl_typesupport_introspection_c
[4.879s] -- Using all available rosidl_typesupport_cpp: rosidl_typesupport_fastrtps_cpp;rosidl_typesupport_introspection_cpp
[5.135s] -- Found rmw_implementation_cmake: 7.3.3 (/opt/ros/jazzy/share/rmw_implementation_cmake/cmake)
[5.176s] -- Found rmw_fastrtps_cpp: 8.4.3 (/opt/ros/jazzy/share/rmw_fastrtps_cpp/cmake)
[5.920s] -- Using RMW implementation 'rmw_fastrtps_cpp' as default
[6.406s] -- Found rclpy: 7.1.9 (/opt/ros/jazzy/share/rclpy/cmake)
[6.409s] -- Found geometry_msgs: 5.3.6 (/opt/ros/jazzy/share/geometry_msgs/cmake)
[6.495s] -- Found sensor_msgs: 5.3.6 (/opt/ros/jazzy/share/sensor_msgs/cmake)
[6.556s] -- Found nav_msgs: 5.3.6 (/opt/ros/jazzy/share/nav_msgs/cmake)
[6.609s] -- Found tf2_ros: 0.36.19 (/opt/ros/jazzy/share/tf2_ros/cmake)
[7.013s] -- Found ament_lint_auto: 0.17.4 (/opt/ros/jazzy/share/ament_lint_auto/cmake)
[9.391s] -- Added test 'cppcheck' to perform static code analysis on C / C++ code
[9.392s] -- Configured cppcheck include dirs: /mnt/c/Users/Administrator/Documents/SLAM/Autonomous-Robot-Mapping-Localization-with-ROS-2-and-SLAM-1/navbot/src/navbot_controller/include
[9.393s] -- Configured cppcheck exclude dirs and/or files: 
[9.513s] -- Added test 'flake8' to check Python code syntax and style conventions
[9.514s] -- Configured 'flake8' exclude dirs and/or files: 
[9.748s] -- Added test 'lint_cmake' to check CMake code style
[9.858s] -- Added test 'pep257' to check Python code against some of the docstring style conventions in PEP 257
[10.806s] -- Added test 'uncrustify' to check C / C++ code style
[10.807s] -- Configured uncrustify additional arguments: 
[10.918s] -- Added test 'xmllint' to check XML markup files
[11.011s] -- Configuring done (10.2s)
[11.814s] -- Generating done (0.7s)
[12.229s] -- Build files have been written to: /mnt/c/Users/Administrator/Documents/SLAM/Autonomous-Robot-Mapping-Localization-with-ROS-2-and-SLAM-1/navbot/build/navbot_controller
[13.150s] [  0%] Built target ament_cmake_python_copy_navbot_controller
[13.462s] [ 50%] Built target twist_relay
[13.596s] [ 75%] [32mBuilding CXX object CMakeFiles/simple_controller.dir/src/simple_controller.cpp.o[0m
[15.171s] running egg_info
[15.232s] writing navbot_controller.egg-info/PKG-INFO
[15.237s] writing dependency_links to navbot_controller.egg-info/dependency_links.txt
[15.244s] writing top-level names to navbot_controller.egg-info/top_level.txt
[15.484s] reading manifest file 'navbot_controller.egg-info/SOURCES.txt'
[15.527s] writing manifest file 'navbot_controller.egg-info/SOURCES.txt'
[15.696s] [ 75%] Built target ament_cmake_python_build_navbot_controller_egg
[16.036s] In file included from [01m[K/mnt/c/Users/Administrator/Documents/SLAM/Autonomous-Robot-Mapping-Localization-with-ROS-2-and-SLAM-1/navbot/src/navbot_controller/src/simple_controller.cpp:1[m[K:
[16.037s] [01m[K/mnt/c/Users/Administrator/Documents/SLAM/Autonomous-Robot-Mapping-Localization-with-ROS-2-and-SLAM-1/navbot/src/navbot_controller/include/simple_controller.hpp:9:10:[m[K [01;31m[Kfatal error: [m[Knav_msgs/msg/Odometry.hpp: No such file or directory
[16.039s]     9 | #include [01;31m[K<nav_msgs/msg/Odometry.hpp>[m[K
[16.040s]       |          [01;31m[K^~~~~~~~~~~~~~~~~~~~~~~~~~~[m[K
[16.041s] compilation terminated.
[16.047s] gmake[2]: *** [CMakeFiles/simple_controller.dir/build.make:76: CMakeFiles/simple_controller.dir/src/simple_controller.cpp.o] Error 1
[16.050s] gmake[1]: *** [CMakeFiles/Makefile2:142: CMakeFiles/simple_controller.dir/all] Error 2
[16.051s] gmake: *** [Makefile:146: all] Error 2
[16.055s] Invoked command in '/mnt/c/Users/Administrator/Documents/SLAM/Autonomous-Robot-Mapping-Localization-with-ROS-2-and-SLAM-1/navbot/build/navbot_controller' returned '2': CMAKE_PREFIX_PATH=${CMAKE_PREFIX_PATH}:/mnt/c/Users/Administrator/Documents/SLAM/Autonomous-Robot-Mapping-Localization-with-ROS-2-and-SLAM-1/navbot/install/navbot_examples:/opt/ros/jazzy /usr/bin/cmake --build /mnt/c/Users/Administrator/Documents/SLAM/Autonomous-Robot-Mapping-Localization-with-ROS-2-and-SLAM-1/navbot/build/navbot_controller -- -j8 -l8
