[11.473s] Invoking command in '/mnt/c/Users/Administrator/Documents/SLAM/Autonomous-Robot-Mapping-Localization-with-ROS-2-and-SLAM-1/navbot/src/navbot_examples': PYTHONPATH=/mnt/c/Users/Administrator/Documents/SLAM/Autonomous-Robot-Mapping-Localization-with-ROS-2-and-SLAM-1/navbot/build/navbot_examples/prefix_override:/usr/lib/python3/dist-packages/colcon_core/task/python/colcon_distutils_commands:/mnt/c/Users/Administrator/Documents/SLAM/Autonomous-Robot-Mapping-Localization-with-ROS-2-and-SLAM-1/navbot/install/navbot_examples/lib/python3.12/site-packages:${PYTHONPATH} /usr/bin/python3 -W ignore:setup.py install is deprecated -W ignore:easy_install command is deprecated setup.py egg_info --egg-base ../../build/navbot_examples build --build-base /mnt/c/Users/Administrator/Documents/SLAM/Autonomous-Robot-Mapping-Localization-with-ROS-2-and-SLAM-1/navbot/build/navbot_examples/build install --record /mnt/c/Users/Administrator/Documents/SLAM/Autonomous-Robot-Mapping-Localization-with-ROS-2-and-SLAM-1/navbot/build/navbot_examples/install.log --single-version-externally-managed install_data
[14.743s] running egg_info
[15.042s] writing ../../build/navbot_examples/navbot_examples.egg-info/PKG-INFO
[15.078s] writing dependency_links to ../../build/navbot_examples/navbot_examples.egg-info/dependency_links.txt
[15.115s] writing entry points to ../../build/navbot_examples/navbot_examples.egg-info/entry_points.txt
[15.126s] writing requirements to ../../build/navbot_examples/navbot_examples.egg-info/requires.txt
[15.139s] writing top-level names to ../../build/navbot_examples/navbot_examples.egg-info/top_level.txt
[15.446s] reading manifest file '../../build/navbot_examples/navbot_examples.egg-info/SOURCES.txt'
[15.608s] writing manifest file '../../build/navbot_examples/navbot_examples.egg-info/SOURCES.txt'
[15.616s] running build
[15.617s] running build_py
[15.674s] copying navbot_examples/simple_tf_kinematics.py -> /mnt/c/Users/Administrator/Documents/SLAM/Autonomous-Robot-Mapping-Localization-with-ROS-2-and-SLAM-1/navbot/build/navbot_examples/build/lib/navbot_examples
[15.823s] running install
[15.853s] running install_lib
[16.041s] copying /mnt/c/Users/Administrator/Documents/SLAM/Autonomous-Robot-Mapping-Localization-with-ROS-2-and-SLAM-1/navbot/build/navbot_examples/build/lib/navbot_examples/simple_tf_kinematics.py -> /mnt/c/Users/Administrator/Documents/SLAM/Autonomous-Robot-Mapping-Localization-with-ROS-2-and-SLAM-1/navbot/install/navbot_examples/lib/python3.12/site-packages/navbot_examples
[16.288s] byte-compiling /mnt/c/Users/Administrator/Documents/SLAM/Autonomous-Robot-Mapping-Localization-with-ROS-2-and-SLAM-1/navbot/install/navbot_examples/lib/python3.12/site-packages/navbot_examples/simple_tf_kinematics.py to simple_tf_kinematics.cpython-312.pyc
[16.469s] running install_data
[16.515s] running install_egg_info
[16.617s] removing '/mnt/c/Users/Administrator/Documents/SLAM/Autonomous-Robot-Mapping-Localization-with-ROS-2-and-SLAM-1/navbot/install/navbot_examples/lib/python3.12/site-packages/navbot_examples-0.0.0-py3.12.egg-info' (and everything under it)
[16.712s] Copying ../../build/navbot_examples/navbot_examples.egg-info to /mnt/c/Users/Administrator/Documents/SLAM/Autonomous-Robot-Mapping-Localization-with-ROS-2-and-SLAM-1/navbot/install/navbot_examples/lib/python3.12/site-packages/navbot_examples-0.0.0-py3.12.egg-info
[17.069s] running install_scripts
[18.028s] Installing simple_parameter script to /mnt/c/Users/Administrator/Documents/SLAM/Autonomous-Robot-Mapping-Localization-with-ROS-2-and-SLAM-1/navbot/install/navbot_examples/lib/navbot_examples
[18.045s] Installing simple_tf_kinematics script to /mnt/c/Users/Administrator/Documents/SLAM/Autonomous-Robot-Mapping-Localization-with-ROS-2-and-SLAM-1/navbot/install/navbot_examples/lib/navbot_examples
[18.061s] Installing simple_turtlesim_kinematics script to /mnt/c/Users/Administrator/Documents/SLAM/Autonomous-Robot-Mapping-Localization-with-ROS-2-and-SLAM-1/navbot/install/navbot_examples/lib/navbot_examples
[18.080s] Installing valen_pub script to /mnt/c/Users/Administrator/Documents/SLAM/Autonomous-Robot-Mapping-Localization-with-ROS-2-and-SLAM-1/navbot/install/navbot_examples/lib/navbot_examples
[18.096s] Installing valen_subscribing script to /mnt/c/Users/Administrator/Documents/SLAM/Autonomous-Robot-Mapping-Localization-with-ROS-2-and-SLAM-1/navbot/install/navbot_examples/lib/navbot_examples
[18.118s] writing list of installed files to '/mnt/c/Users/Administrator/Documents/SLAM/Autonomous-Robot-Mapping-Localization-with-ROS-2-and-SLAM-1/navbot/build/navbot_examples/install.log'
[18.736s] Invoked command in '/mnt/c/Users/Administrator/Documents/SLAM/Autonomous-Robot-Mapping-Localization-with-ROS-2-and-SLAM-1/navbot/src/navbot_examples' returned '0': PYTHONPATH=/mnt/c/Users/Administrator/Documents/SLAM/Autonomous-Robot-Mapping-Localization-with-ROS-2-and-SLAM-1/navbot/build/navbot_examples/prefix_override:/usr/lib/python3/dist-packages/colcon_core/task/python/colcon_distutils_commands:/mnt/c/Users/Administrator/Documents/SLAM/Autonomous-Robot-Mapping-Localization-with-ROS-2-and-SLAM-1/navbot/install/navbot_examples/lib/python3.12/site-packages:${PYTHONPATH} /usr/bin/python3 -W ignore:setup.py install is deprecated -W ignore:easy_install command is deprecated setup.py egg_info --egg-base ../../build/navbot_examples build --build-base /mnt/c/Users/Administrator/Documents/SLAM/Autonomous-Robot-Mapping-Localization-with-ROS-2-and-SLAM-1/navbot/build/navbot_examples/build install --record /mnt/c/Users/Administrator/Documents/SLAM/Autonomous-Robot-Mapping-Localization-with-ROS-2-and-SLAM-1/navbot/build/navbot_examples/install.log --single-version-externally-managed install_data
