[1.386s] Invoking command in '/mnt/c/Users/Administrator/Documents/SLAM/Autonomous-Robot-Mapping-Localization-with-ROS-2-and-SLAM-1/navbot/build/navbot_cpp_examples': CMAKE_PREFIX_PATH=${CMAKE_PREFIX_PATH}:/mnt/c/Users/Administrator/Documents/SLAM/Autonomous-Robot-Mapping-Localization-with-ROS-2-and-SLAM-1/navbot/install/navbot_examples:/opt/ros/jazzy /usr/bin/cmake --build /mnt/c/Users/Administrator/Documents/SLAM/Autonomous-Robot-Mapping-Localization-with-ROS-2-and-SLAM-1/navbot/build/navbot_cpp_examples -- -j8 -l8
[4.065s] [ 50%] Built target simple_parameter
[4.067s] [ 75%] [32mBuilding CXX object CMakeFiles/simple_turtlesim_kinematics.dir/src/simple_turtlesim_kinematics.cpp.o[0m
[11.562s] In file included from [01m[K/mnt/c/Users/Administrator/Documents/SLAM/Autonomous-Robot-Mapping-Localization-with-ROS-2-and-SLAM-1/navbot/src/navbot_cpp_examples/src/simple_turtlesim_kinematics.cpp:1[m[K:
[11.565s] [01m[K/mnt/c/Users/Administrator/Documents/SLAM/Autonomous-Robot-Mapping-Localization-with-ROS-2-and-SLAM-1/navbot/src/navbot_cpp_examples/include/navbot_cpp_examples/simple_turtle_kinematics.hpp:17:47:[m[K [01;31m[Kerror: [m[Kexpected ‘[01m[K;[m[K’ at end of member declaration
[11.566s]    17 |   rclcpp::Subscription<turtlesim::msg::Pose>[01;31m[KSharedPtr[m[K turtle1_pose_sub_;
[11.567s]       |                                             [01;31m[K^~~~~~~~~[m[K
[11.569s]       |                                                      [32m[K;[m[K
[11.570s] [01m[K/mnt/c/Users/Administrator/Documents/SLAM/Autonomous-Robot-Mapping-Localization-with-ROS-2-and-SLAM-1/navbot/src/navbot_cpp_examples/include/navbot_cpp_examples/simple_turtle_kinematics.hpp:17:57:[m[K [01;31m[Kerror: [m[K‘[01m[Kturtle1_pose_sub_[m[K’ does not name a type
[11.571s]    17 | Subscription<turtlesim::msg::Pose>SharedPtr [01;31m[Kturtle1_pose_sub_[m[K;
[11.573s]       |                                             [01;31m[K^~~~~~~~~~~~~~~~~[m[K
[11.574s] 
[11.576s] [01m[K/mnt/c/Users/Administrator/Documents/SLAM/Autonomous-Robot-Mapping-Localization-with-ROS-2-and-SLAM-1/navbot/src/navbot_cpp_examples/include/navbot_cpp_examples/simple_turtle_kinematics.hpp:18:47:[m[K [01;31m[Kerror: [m[Kexpected ‘[01m[K;[m[K’ at end of member declaration
[11.577s]    18 |   rclcpp::Subscription<turtlesim::msg::Pose>[01;31m[KSharedPtr[m[K turtle2_pose_sub_;
[11.580s]       |                                             [01;31m[K^~~~~~~~~[m[K
[11.582s]       |                                                      [32m[K;[m[K
[11.583s] [01m[K/mnt/c/Users/Administrator/Documents/SLAM/Autonomous-Robot-Mapping-Localization-with-ROS-2-and-SLAM-1/navbot/src/navbot_cpp_examples/include/navbot_cpp_examples/simple_turtle_kinematics.hpp:18:47:[m[K [01;31m[Kerror: [m[Kredeclaration of ‘[01m[Krclcpp::Subscription<turtlesim::msg::Pose_<std::allocator<void> > > SimpleTurtlesimKinematics::SharedPtr[m[K’
[11.585s] [01m[K/mnt/c/Users/Administrator/Documents/SLAM/Autonomous-Robot-Mapping-Localization-with-ROS-2-and-SLAM-1/navbot/src/navbot_cpp_examples/include/navbot_cpp_examples/simple_turtle_kinematics.hpp:17:47:[m[K [01;36m[Knote: [m[Kprevious declaration ‘[01m[Krclcpp::Subscription<turtlesim::msg::Pose_<std::allocator<void> > > SimpleTurtlesimKinematics::SharedPtr[m[K’
[11.586s]    17 |   rclcpp::Subscription<turtlesim::msg::Pose>[01;36m[KSharedPtr[m[K turtle1_pose_sub_;
[11.587s]       |                                             [01;36m[K^~~~~~~~~[m[K
[11.589s] 
[11.590s] [01m[K/mnt/c/Users/Administrator/Documents/SLAM/Autonomous-Robot-Mapping-Localization-with-ROS-2-and-SLAM-1/navbot/src/navbot_cpp_examples/include/navbot_cpp_examples/simple_turtle_kinematics.hpp:18:57:[m[K [01;31m[Kerror: [m[K‘[01m[Kturtle2_pose_sub_[m[K’ does not name a type
[11.591s]    18 | Subscription<turtlesim::msg::Pose>SharedPtr [01;31m[Kturtle2_pose_sub_[m[K;
[11.592s]       |                                             [01;31m[K^~~~~~~~~~~~~~~~~[m[K
[11.594s] 
[11.595s] [01m[K/mnt/c/Users/Administrator/Documents/SLAM/Autonomous-Robot-Mapping-Localization-with-ROS-2-and-SLAM-1/navbot/src/navbot_cpp_examples/src/simple_turtlesim_kinematics.cpp:[m[K In constructor ‘[01m[KSimpleTurtlesimKinematics::[01;32m[KSimpleTurtlesimKinematics[m[K(const std::string&)[m[K’:
[11.597s] [01m[K/mnt/c/Users/Administrator/Documents/SLAM/Autonomous-Robot-Mapping-Localization-with-ROS-2-and-SLAM-1/navbot/src/navbot_cpp_examples/src/simple_turtlesim_kinematics.cpp:5:90:[m[K [01;31m[Kerror: [m[Kno matching function for call to ‘[01m[Krclcpp::Subscription<turtlesim::msg::Pose_<std::allocator<void> > >::Subscription()[m[K’
[11.598s]     5 | rtlesimKinematics(const std::string& name) : Node(name[01;31m[K)[m[K
[11.599s]       |                                                       [01;31m[K^[m[K
[11.601s] 
[11.602s] In file included from [01m[K/opt/ros/jazzy/include/rclcpp/rclcpp/any_executable.hpp:25[m[K,
[11.604s]                  from [01m[K/opt/ros/jazzy/include/rclcpp/rclcpp/memory_strategy.hpp:25[m[K,
[11.605s]                  from [01m[K/opt/ros/jazzy/include/rclcpp/rclcpp/memory_strategies.hpp:18[m[K,
[11.607s]                  from [01m[K/opt/ros/jazzy/include/rclcpp/rclcpp/executor_options.hpp:22[m[K,
[11.609s]                  from [01m[K/opt/ros/jazzy/include/rclcpp/rclcpp/executor.hpp:38[m[K,
[11.610s]                  from [01m[K/opt/ros/jazzy/include/rclcpp/rclcpp/executors/multi_threaded_executor.hpp:25[m[K,
[11.612s]                  from [01m[K/opt/ros/jazzy/include/rclcpp/rclcpp/executors.hpp:21[m[K,
[11.613s]                  from [01m[K/opt/ros/jazzy/include/rclcpp/rclcpp/rclcpp.hpp:172[m[K,
[11.614s]                  from [01m[K/mnt/c/Users/Administrator/Documents/SLAM/Autonomous-Robot-Mapping-Localization-with-ROS-2-and-SLAM-1/navbot/src/navbot_cpp_examples/include/navbot_cpp_examples/simple_turtle_kinematics.hpp:4[m[K:
[11.616s] [01m[K/opt/ros/jazzy/include/rclcpp/rclcpp/subscription.hpp:131:3:[m[K [01;36m[Knote: [m[Kcandidate: ‘[01m[Krclcpp::Subscription<MessageT, AllocatorT, SubscribedT, ROSMessageT, MessageMemoryStrategyT>::[01;32m[KSubscription[m[K(rclcpp::node_interfaces::NodeBaseInterface*, const rosidl_message_type_support_t&, const std::string&, const rclcpp::QoS&, rclcpp::AnySubscriptionCallback<CallbackMessageT, AllocatorT>, const rclcpp::SubscriptionOptionsWithAllocator<AllocatorT>&, typename MessageMemoryStrategyT::SharedPtr, SubscriptionTopicStatisticsSharedPtr) [35m[K[with MessageT = turtlesim::msg::Pose_<std::allocator<void> >; AllocatorT = std::allocator<void>; SubscribedT = turtlesim::msg::Pose_<std::allocator<void> >; ROSMessageT = turtlesim::msg::Pose_<std::allocator<void> >; MessageMemoryStrategyT = rclcpp::message_memory_strategy::MessageMemoryStrategy<turtlesim::msg::Pose_<std::allocator<void> >, std::allocator<void> >; rosidl_message_type_support_t = rosidl_message_type_support_t; std::string = std::__cxx11::basic_string<char>; typename MessageMemoryStrategyT::SharedPtr = std::shared_ptr<rclcpp::message_memory_strategy::MessageMemoryStrategy<turtlesim::msg::Pose_<std::allocator<void> >, std::allocator<void> > >; SubscriptionTopicStatisticsSharedPtr = std::shared_ptr<rclcpp::topic_statistics::SubscriptionTopicStatistics>][m[K[m[K’
[11.618s]   131 |   [01;36m[KSubscription[m[K(
[11.620s]       |   [01;36m[K^~~~~~~~~~~~[m[K
[11.621s] [01m[K/opt/ros/jazzy/include/rclcpp/rclcpp/subscription.hpp:131:3:[m[K [01;36m[Knote: [m[K  candidate expects 8 arguments, 0 provided
[11.623s] [01m[K/mnt/c/Users/Administrator/Documents/SLAM/Autonomous-Robot-Mapping-Localization-with-ROS-2-and-SLAM-1/navbot/src/navbot_cpp_examples/src/simple_turtlesim_kinematics.cpp:7:5:[m[K [01;31m[Kerror: [m[K‘[01m[Kturtle1_pose_sub_[m[K’ was not declared in this scope
[11.625s]     7 |     [01;31m[Kturtle1_pose_sub_[m[K = create_subscription<turtlesim::msg::Pose>("/turtle1/pose", 10,
[11.626s]       |     [01;31m[K^~~~~~~~~~~~~~~~~[m[K
[11.644s] [01m[K/mnt/c/Users/Administrator/Documents/SLAM/Autonomous-Robot-Mapping-Localization-with-ROS-2-and-SLAM-1/navbot/src/navbot_cpp_examples/src/simple_turtlesim_kinematics.cpp:9:5:[m[K [01;31m[Kerror: [m[K‘[01m[Kturtle2_pose_sub_[m[K’ was not declared in this scope
[11.646s]     9 |     [01;31m[Kturtle2_pose_sub_[m[K = create_subscription<turtlesim::msg::Pose>("/turtle2/pose", 10,
[11.648s]       |     [01;31m[K^~~~~~~~~~~~~~~~~[m[K
[15.952s] gmake[2]: *** [CMakeFiles/simple_turtlesim_kinematics.dir/build.make:76: CMakeFiles/simple_turtlesim_kinematics.dir/src/simple_turtlesim_kinematics.cpp.o] Error 1
[15.954s] gmake[1]: *** [CMakeFiles/Makefile2:165: CMakeFiles/simple_turtlesim_kinematics.dir/all] Error 2
[15.955s] gmake: *** [Makefile:146: all] Error 2
[15.959s] Invoked command in '/mnt/c/Users/Administrator/Documents/SLAM/Autonomous-Robot-Mapping-Localization-with-ROS-2-and-SLAM-1/navbot/build/navbot_cpp_examples' returned '2': CMAKE_PREFIX_PATH=${CMAKE_PREFIX_PATH}:/mnt/c/Users/Administrator/Documents/SLAM/Autonomous-Robot-Mapping-Localization-with-ROS-2-and-SLAM-1/navbot/install/navbot_examples:/opt/ros/jazzy /usr/bin/cmake --build /mnt/c/Users/Administrator/Documents/SLAM/Autonomous-Robot-Mapping-Localization-with-ROS-2-and-SLAM-1/navbot/build/navbot_cpp_examples -- -j8 -l8
