[1.778s] Invoking command in '/mnt/c/Users/Administrator/Documents/SLAM/Autonomous-Robot-Mapping-Localization-with-ROS-2-and-SLAM-1/navbot/build/navbot_msgs': CMAKE_PREFIX_PATH=${CMAKE_PREFIX_PATH}:/mnt/c/Users/Administrator/Documents/SLAM/Autonomous-Robot-Mapping-Localization-with-ROS-2-and-SLAM-1/navbot/install/navbot_examples:/opt/ros/jazzy /usr/bin/cmake --build /mnt/c/Users/Administrator/Documents/SLAM/Autonomous-Robot-Mapping-Localization-with-ROS-2-and-SLAM-1/navbot/build/navbot_msgs -- -j8 -l8
[3.190s] [  2%] Built target navbot_msgs__rosidl_generator_type_description
[3.806s] [  5%] Built target navbot_msgs__cpp
[4.288s] [ 20%] Built target navbot_msgs__rosidl_generator_c
[4.929s] [ 20%] Built target ament_cmake_python_copy_navbot_msgs
[5.164s] [ 35%] Built target navbot_msgs__rosidl_typesupport_c
[5.177s] [ 38%] Built target navbot_msgs__rosidl_typesupport_cpp
[5.255s] [ 50%] Built target navbot_msgs__rosidl_typesupport_introspection_c
[5.292s] [ 55%] Built target navbot_msgs__rosidl_typesupport_introspection_cpp
[5.372s] [ 64%] Built target navbot_msgs__rosidl_typesupport_fastrtps_c
[5.407s] [ 73%] Built target navbot_msgs__rosidl_typesupport_fastrtps_cpp
[5.853s] [ 73%] Built target navbot_msgs
[6.405s] [ 76%] Built target navbot_msgs__py
[6.862s] [ 82%] Built target navbot_msgs__rosidl_generator_py
[7.508s] [ 91%] Built target navbot_msgs_s__rosidl_typesupport_introspection_c
[7.522s] [ 94%] Built target navbot_msgs_s__rosidl_typesupport_c
[7.602s] [100%] Built target navbot_msgs_s__rosidl_typesupport_fastrtps_c
[8.411s] running egg_info
[8.520s] writing navbot_msgs.egg-info/PKG-INFO
[8.527s] writing dependency_links to navbot_msgs.egg-info/dependency_links.txt
[8.536s] writing top-level names to navbot_msgs.egg-info/top_level.txt
[8.942s] reading manifest file 'navbot_msgs.egg-info/SOURCES.txt'
[9.017s] writing manifest file 'navbot_msgs.egg-info/SOURCES.txt'
[9.228s] [100%] Built target ament_cmake_python_build_navbot_msgs_egg
[9.660s] Invoked command in '/mnt/c/Users/Administrator/Documents/SLAM/Autonomous-Robot-Mapping-Localization-with-ROS-2-and-SLAM-1/navbot/build/navbot_msgs' returned '0': CMAKE_PREFIX_PATH=${CMAKE_PREFIX_PATH}:/mnt/c/Users/Administrator/Documents/SLAM/Autonomous-Robot-Mapping-Localization-with-ROS-2-and-SLAM-1/navbot/install/navbot_examples:/opt/ros/jazzy /usr/bin/cmake --build /mnt/c/Users/Administrator/Documents/SLAM/Autonomous-Robot-Mapping-Localization-with-ROS-2-and-SLAM-1/navbot/build/navbot_msgs -- -j8 -l8
[9.715s] Invoking command in '/mnt/c/Users/Administrator/Documents/SLAM/Autonomous-Robot-Mapping-Localization-with-ROS-2-and-SLAM-1/navbot/build/navbot_msgs': CMAKE_PREFIX_PATH=${CMAKE_PREFIX_PATH}:/mnt/c/Users/Administrator/Documents/SLAM/Autonomous-Robot-Mapping-Localization-with-ROS-2-and-SLAM-1/navbot/install/navbot_examples:/opt/ros/jazzy /usr/bin/cmake --install /mnt/c/Users/Administrator/Documents/SLAM/Autonomous-Robot-Mapping-Localization-with-ROS-2-and-SLAM-1/navbot/build/navbot_msgs
[9.828s] -- Install configuration: ""
[9.877s] -- Up-to-date: /mnt/c/Users/Administrator/Documents/SLAM/Autonomous-Robot-Mapping-Localization-with-ROS-2-and-SLAM-1/navbot/install/navbot_msgs/share/ament_index/resource_index/rosidl_interfaces/navbot_msgs
[9.932s] -- Up-to-date: /mnt/c/Users/Administrator/Documents/SLAM/Autonomous-Robot-Mapping-Localization-with-ROS-2-and-SLAM-1/navbot/install/navbot_msgs/share/navbot_msgs/srv/AddTwoInts.json
[9.961s] -- Up-to-date: /mnt/c/Users/Administrator/Documents/SLAM/Autonomous-Robot-Mapping-Localization-with-ROS-2-and-SLAM-1/navbot/install/navbot_msgs/include/navbot_msgs/navbot_msgs
[10.011s] -- Up-to-date: /mnt/c/Users/Administrator/Documents/SLAM/Autonomous-Robot-Mapping-Localization-with-ROS-2-and-SLAM-1/navbot/install/navbot_msgs/include/navbot_msgs/navbot_msgs/msg
[10.080s] -- Up-to-date: /mnt/c/Users/Administrator/Documents/SLAM/Autonomous-Robot-Mapping-Localization-with-ROS-2-and-SLAM-1/navbot/install/navbot_msgs/include/navbot_msgs/navbot_msgs/msg/rosidl_generator_c__visibility_control.h
[10.131s] -- Up-to-date: /mnt/c/Users/Administrator/Documents/SLAM/Autonomous-Robot-Mapping-Localization-with-ROS-2-and-SLAM-1/navbot/install/navbot_msgs/include/navbot_msgs/navbot_msgs/srv
[10.213s] -- Up-to-date: /mnt/c/Users/Administrator/Documents/SLAM/Autonomous-Robot-Mapping-Localization-with-ROS-2-and-SLAM-1/navbot/install/navbot_msgs/include/navbot_msgs/navbot_msgs/srv/add_two_ints.h
[10.268s] -- Up-to-date: /mnt/c/Users/Administrator/Documents/SLAM/Autonomous-Robot-Mapping-Localization-with-ROS-2-and-SLAM-1/navbot/install/navbot_msgs/include/navbot_msgs/navbot_msgs/srv/detail
[10.339s] -- Up-to-date: /mnt/c/Users/Administrator/Documents/SLAM/Autonomous-Robot-Mapping-Localization-with-ROS-2-and-SLAM-1/navbot/install/navbot_msgs/include/navbot_msgs/navbot_msgs/srv/detail/add_two_ints__description.c
[10.392s] -- Up-to-date: /mnt/c/Users/Administrator/Documents/SLAM/Autonomous-Robot-Mapping-Localization-with-ROS-2-and-SLAM-1/navbot/install/navbot_msgs/include/navbot_msgs/navbot_msgs/srv/detail/add_two_ints__functions.c
[10.445s] -- Up-to-date: /mnt/c/Users/Administrator/Documents/SLAM/Autonomous-Robot-Mapping-Localization-with-ROS-2-and-SLAM-1/navbot/install/navbot_msgs/include/navbot_msgs/navbot_msgs/srv/detail/add_two_ints__functions.h
[10.507s] -- Up-to-date: /mnt/c/Users/Administrator/Documents/SLAM/Autonomous-Robot-Mapping-Localization-with-ROS-2-and-SLAM-1/navbot/install/navbot_msgs/include/navbot_msgs/navbot_msgs/srv/detail/add_two_ints__struct.h
[10.562s] -- Installing: /mnt/c/Users/Administrator/Documents/SLAM/Autonomous-Robot-Mapping-Localization-with-ROS-2-and-SLAM-1/navbot/install/navbot_msgs/include/navbot_msgs/navbot_msgs/srv/detail/add_two_ints__type_support.c
[10.741s] -- Up-to-date: /mnt/c/Users/Administrator/Documents/SLAM/Autonomous-Robot-Mapping-Localization-with-ROS-2-and-SLAM-1/navbot/install/navbot_msgs/include/navbot_msgs/navbot_msgs/srv/detail/add_two_ints__type_support.h
[10.769s] -- Up-to-date: /mnt/c/Users/Administrator/Documents/SLAM/Autonomous-Robot-Mapping-Localization-with-ROS-2-and-SLAM-1/navbot/install/navbot_msgs/share/navbot_msgs/environment/library_path.sh
[10.808s] -- Up-to-date: /mnt/c/Users/Administrator/Documents/SLAM/Autonomous-Robot-Mapping-Localization-with-ROS-2-and-SLAM-1/navbot/install/navbot_msgs/share/navbot_msgs/environment/library_path.dsv
[10.879s] -- Up-to-date: /mnt/c/Users/Administrator/Documents/SLAM/Autonomous-Robot-Mapping-Localization-with-ROS-2-and-SLAM-1/navbot/install/navbot_msgs/lib/libnavbot_msgs__rosidl_generator_c.so
[10.946s] -- Up-to-date: /mnt/c/Users/Administrator/Documents/SLAM/Autonomous-Robot-Mapping-Localization-with-ROS-2-and-SLAM-1/navbot/install/navbot_msgs/include/navbot_msgs/navbot_msgs
[10.997s] -- Up-to-date: /mnt/c/Users/Administrator/Documents/SLAM/Autonomous-Robot-Mapping-Localization-with-ROS-2-and-SLAM-1/navbot/install/navbot_msgs/include/navbot_msgs/navbot_msgs/msg
[11.045s] -- Up-to-date: /mnt/c/Users/Administrator/Documents/SLAM/Autonomous-Robot-Mapping-Localization-with-ROS-2-and-SLAM-1/navbot/install/navbot_msgs/include/navbot_msgs/navbot_msgs/msg/rosidl_typesupport_fastrtps_c__visibility_control.h
[11.088s] -- Up-to-date: /mnt/c/Users/Administrator/Documents/SLAM/Autonomous-Robot-Mapping-Localization-with-ROS-2-and-SLAM-1/navbot/install/navbot_msgs/include/navbot_msgs/navbot_msgs/srv
[11.147s] -- Up-to-date: /mnt/c/Users/Administrator/Documents/SLAM/Autonomous-Robot-Mapping-Localization-with-ROS-2-and-SLAM-1/navbot/install/navbot_msgs/include/navbot_msgs/navbot_msgs/srv/detail
[11.216s] -- Up-to-date: /mnt/c/Users/Administrator/Documents/SLAM/Autonomous-Robot-Mapping-Localization-with-ROS-2-and-SLAM-1/navbot/install/navbot_msgs/include/navbot_msgs/navbot_msgs/srv/detail/add_two_ints__rosidl_typesupport_fastrtps_c.h
[11.296s] -- Up-to-date: /mnt/c/Users/Administrator/Documents/SLAM/Autonomous-Robot-Mapping-Localization-with-ROS-2-and-SLAM-1/navbot/install/navbot_msgs/lib/libnavbot_msgs__rosidl_typesupport_fastrtps_c.so
[11.373s] -- Up-to-date: /mnt/c/Users/Administrator/Documents/SLAM/Autonomous-Robot-Mapping-Localization-with-ROS-2-and-SLAM-1/navbot/install/navbot_msgs/include/navbot_msgs/navbot_msgs
[11.415s] -- Up-to-date: /mnt/c/Users/Administrator/Documents/SLAM/Autonomous-Robot-Mapping-Localization-with-ROS-2-and-SLAM-1/navbot/install/navbot_msgs/include/navbot_msgs/navbot_msgs/msg
[11.474s] -- Up-to-date: /mnt/c/Users/Administrator/Documents/SLAM/Autonomous-Robot-Mapping-Localization-with-ROS-2-and-SLAM-1/navbot/install/navbot_msgs/include/navbot_msgs/navbot_msgs/msg/rosidl_generator_cpp__visibility_control.hpp
[11.511s] -- Up-to-date: /mnt/c/Users/Administrator/Documents/SLAM/Autonomous-Robot-Mapping-Localization-with-ROS-2-and-SLAM-1/navbot/install/navbot_msgs/include/navbot_msgs/navbot_msgs/srv
[11.566s] -- Up-to-date: /mnt/c/Users/Administrator/Documents/SLAM/Autonomous-Robot-Mapping-Localization-with-ROS-2-and-SLAM-1/navbot/install/navbot_msgs/include/navbot_msgs/navbot_msgs/srv/add_two_ints.hpp
[11.609s] -- Up-to-date: /mnt/c/Users/Administrator/Documents/SLAM/Autonomous-Robot-Mapping-Localization-with-ROS-2-and-SLAM-1/navbot/install/navbot_msgs/include/navbot_msgs/navbot_msgs/srv/detail
[11.677s] -- Up-to-date: /mnt/c/Users/Administrator/Documents/SLAM/Autonomous-Robot-Mapping-Localization-with-ROS-2-and-SLAM-1/navbot/install/navbot_msgs/include/navbot_msgs/navbot_msgs/srv/detail/add_two_ints__builder.hpp
[11.726s] -- Up-to-date: /mnt/c/Users/Administrator/Documents/SLAM/Autonomous-Robot-Mapping-Localization-with-ROS-2-and-SLAM-1/navbot/install/navbot_msgs/include/navbot_msgs/navbot_msgs/srv/detail/add_two_ints__struct.hpp
[11.777s] -- Up-to-date: /mnt/c/Users/Administrator/Documents/SLAM/Autonomous-Robot-Mapping-Localization-with-ROS-2-and-SLAM-1/navbot/install/navbot_msgs/include/navbot_msgs/navbot_msgs/srv/detail/add_two_ints__traits.hpp
[11.827s] -- Up-to-date: /mnt/c/Users/Administrator/Documents/SLAM/Autonomous-Robot-Mapping-Localization-with-ROS-2-and-SLAM-1/navbot/install/navbot_msgs/include/navbot_msgs/navbot_msgs/srv/detail/add_two_ints__type_support.hpp
[11.858s] -- Up-to-date: /mnt/c/Users/Administrator/Documents/SLAM/Autonomous-Robot-Mapping-Localization-with-ROS-2-and-SLAM-1/navbot/install/navbot_msgs/include/navbot_msgs/navbot_msgs
[11.918s] -- Up-to-date: /mnt/c/Users/Administrator/Documents/SLAM/Autonomous-Robot-Mapping-Localization-with-ROS-2-and-SLAM-1/navbot/install/navbot_msgs/include/navbot_msgs/navbot_msgs/msg
[11.958s] -- Up-to-date: /mnt/c/Users/Administrator/Documents/SLAM/Autonomous-Robot-Mapping-Localization-with-ROS-2-and-SLAM-1/navbot/install/navbot_msgs/include/navbot_msgs/navbot_msgs/msg/rosidl_typesupport_fastrtps_cpp__visibility_control.h
[12.008s] -- Up-to-date: /mnt/c/Users/Administrator/Documents/SLAM/Autonomous-Robot-Mapping-Localization-with-ROS-2-and-SLAM-1/navbot/install/navbot_msgs/include/navbot_msgs/navbot_msgs/srv
[12.076s] -- Up-to-date: /mnt/c/Users/Administrator/Documents/SLAM/Autonomous-Robot-Mapping-Localization-with-ROS-2-and-SLAM-1/navbot/install/navbot_msgs/include/navbot_msgs/navbot_msgs/srv/detail
[12.151s] -- Up-to-date: /mnt/c/Users/Administrator/Documents/SLAM/Autonomous-Robot-Mapping-Localization-with-ROS-2-and-SLAM-1/navbot/install/navbot_msgs/include/navbot_msgs/navbot_msgs/srv/detail/add_two_ints__rosidl_typesupport_fastrtps_cpp.hpp
[12.212s] -- Up-to-date: /mnt/c/Users/Administrator/Documents/SLAM/Autonomous-Robot-Mapping-Localization-with-ROS-2-and-SLAM-1/navbot/install/navbot_msgs/include/navbot_msgs/navbot_msgs/srv/detail/dds_fastrtps
[12.318s] -- Up-to-date: /mnt/c/Users/Administrator/Documents/SLAM/Autonomous-Robot-Mapping-Localization-with-ROS-2-and-SLAM-1/navbot/install/navbot_msgs/lib/libnavbot_msgs__rosidl_typesupport_fastrtps_cpp.so
[12.430s] -- Up-to-date: /mnt/c/Users/Administrator/Documents/SLAM/Autonomous-Robot-Mapping-Localization-with-ROS-2-and-SLAM-1/navbot/install/navbot_msgs/include/navbot_msgs/navbot_msgs
[12.481s] -- Up-to-date: /mnt/c/Users/Administrator/Documents/SLAM/Autonomous-Robot-Mapping-Localization-with-ROS-2-and-SLAM-1/navbot/install/navbot_msgs/include/navbot_msgs/navbot_msgs/msg
[12.541s] -- Up-to-date: /mnt/c/Users/Administrator/Documents/SLAM/Autonomous-Robot-Mapping-Localization-with-ROS-2-and-SLAM-1/navbot/install/navbot_msgs/include/navbot_msgs/navbot_msgs/msg/rosidl_typesupport_introspection_c__visibility_control.h
[12.579s] -- Up-to-date: /mnt/c/Users/Administrator/Documents/SLAM/Autonomous-Robot-Mapping-Localization-with-ROS-2-and-SLAM-1/navbot/install/navbot_msgs/include/navbot_msgs/navbot_msgs/srv
[12.642s] -- Up-to-date: /mnt/c/Users/Administrator/Documents/SLAM/Autonomous-Robot-Mapping-Localization-with-ROS-2-and-SLAM-1/navbot/install/navbot_msgs/include/navbot_msgs/navbot_msgs/srv/detail
[12.721s] -- Up-to-date: /mnt/c/Users/Administrator/Documents/SLAM/Autonomous-Robot-Mapping-Localization-with-ROS-2-and-SLAM-1/navbot/install/navbot_msgs/include/navbot_msgs/navbot_msgs/srv/detail/add_two_ints__rosidl_typesupport_introspection_c.h
[12.777s] -- Installing: /mnt/c/Users/Administrator/Documents/SLAM/Autonomous-Robot-Mapping-Localization-with-ROS-2-and-SLAM-1/navbot/install/navbot_msgs/include/navbot_msgs/navbot_msgs/srv/detail/add_two_ints__type_support.c
[12.988s] -- Up-to-date: /mnt/c/Users/Administrator/Documents/SLAM/Autonomous-Robot-Mapping-Localization-with-ROS-2-and-SLAM-1/navbot/install/navbot_msgs/lib/libnavbot_msgs__rosidl_typesupport_introspection_c.so
[13.109s] -- Up-to-date: /mnt/c/Users/Administrator/Documents/SLAM/Autonomous-Robot-Mapping-Localization-with-ROS-2-and-SLAM-1/navbot/install/navbot_msgs/lib/libnavbot_msgs__rosidl_typesupport_c.so
[13.184s] -- Up-to-date: /mnt/c/Users/Administrator/Documents/SLAM/Autonomous-Robot-Mapping-Localization-with-ROS-2-and-SLAM-1/navbot/install/navbot_msgs/include/navbot_msgs/navbot_msgs
[13.226s] -- Up-to-date: /mnt/c/Users/Administrator/Documents/SLAM/Autonomous-Robot-Mapping-Localization-with-ROS-2-and-SLAM-1/navbot/install/navbot_msgs/include/navbot_msgs/navbot_msgs/srv
[13.273s] -- Up-to-date: /mnt/c/Users/Administrator/Documents/SLAM/Autonomous-Robot-Mapping-Localization-with-ROS-2-and-SLAM-1/navbot/install/navbot_msgs/include/navbot_msgs/navbot_msgs/srv/detail
[13.334s] -- Up-to-date: /mnt/c/Users/Administrator/Documents/SLAM/Autonomous-Robot-Mapping-Localization-with-ROS-2-and-SLAM-1/navbot/install/navbot_msgs/include/navbot_msgs/navbot_msgs/srv/detail/add_two_ints__rosidl_typesupport_introspection_cpp.hpp
[13.423s] -- Up-to-date: /mnt/c/Users/Administrator/Documents/SLAM/Autonomous-Robot-Mapping-Localization-with-ROS-2-and-SLAM-1/navbot/install/navbot_msgs/include/navbot_msgs/navbot_msgs/srv/detail/add_two_ints__type_support.cpp
[13.499s] -- Up-to-date: /mnt/c/Users/Administrator/Documents/SLAM/Autonomous-Robot-Mapping-Localization-with-ROS-2-and-SLAM-1/navbot/install/navbot_msgs/lib/libnavbot_msgs__rosidl_typesupport_introspection_cpp.so
[13.600s] -- Up-to-date: /mnt/c/Users/Administrator/Documents/SLAM/Autonomous-Robot-Mapping-Localization-with-ROS-2-and-SLAM-1/navbot/install/navbot_msgs/lib/libnavbot_msgs__rosidl_typesupport_cpp.so
[13.662s] -- Up-to-date: /mnt/c/Users/Administrator/Documents/SLAM/Autonomous-Robot-Mapping-Localization-with-ROS-2-and-SLAM-1/navbot/install/navbot_msgs/share/navbot_msgs/environment/pythonpath.sh
[13.689s] -- Up-to-date: /mnt/c/Users/Administrator/Documents/SLAM/Autonomous-Robot-Mapping-Localization-with-ROS-2-and-SLAM-1/navbot/install/navbot_msgs/share/navbot_msgs/environment/pythonpath.dsv
[13.717s] -- Up-to-date: /mnt/c/Users/Administrator/Documents/SLAM/Autonomous-Robot-Mapping-Localization-with-ROS-2-and-SLAM-1/navbot/install/navbot_msgs/lib/python3.12/site-packages/navbot_msgs-0.0.0-py3.12.egg-info
[13.760s] -- Installing: /mnt/c/Users/Administrator/Documents/SLAM/Autonomous-Robot-Mapping-Localization-with-ROS-2-and-SLAM-1/navbot/install/navbot_msgs/lib/python3.12/site-packages/navbot_msgs-0.0.0-py3.12.egg-info/dependency_links.txt
[13.875s] -- Installing: /mnt/c/Users/Administrator/Documents/SLAM/Autonomous-Robot-Mapping-Localization-with-ROS-2-and-SLAM-1/navbot/install/navbot_msgs/lib/python3.12/site-packages/navbot_msgs-0.0.0-py3.12.egg-info/PKG-INFO
[14.028s] -- Installing: /mnt/c/Users/Administrator/Documents/SLAM/Autonomous-Robot-Mapping-Localization-with-ROS-2-and-SLAM-1/navbot/install/navbot_msgs/lib/python3.12/site-packages/navbot_msgs-0.0.0-py3.12.egg-info/SOURCES.txt
[14.143s] -- Installing: /mnt/c/Users/Administrator/Documents/SLAM/Autonomous-Robot-Mapping-Localization-with-ROS-2-and-SLAM-1/navbot/install/navbot_msgs/lib/python3.12/site-packages/navbot_msgs-0.0.0-py3.12.egg-info/top_level.txt
[14.246s] -- Up-to-date: /mnt/c/Users/Administrator/Documents/SLAM/Autonomous-Robot-Mapping-Localization-with-ROS-2-and-SLAM-1/navbot/install/navbot_msgs/lib/python3.12/site-packages/navbot_msgs
[14.282s] -- Up-to-date: /mnt/c/Users/Administrator/Documents/SLAM/Autonomous-Robot-Mapping-Localization-with-ROS-2-and-SLAM-1/navbot/install/navbot_msgs/lib/python3.12/site-packages/navbot_msgs/navbot_msgs_s__rosidl_typesupport_c.so
[14.321s] -- Up-to-date: /mnt/c/Users/Administrator/Documents/SLAM/Autonomous-Robot-Mapping-Localization-with-ROS-2-and-SLAM-1/navbot/install/navbot_msgs/lib/python3.12/site-packages/navbot_msgs/navbot_msgs_s__rosidl_typesupport_fastrtps_c.so
[14.358s] -- Up-to-date: /mnt/c/Users/Administrator/Documents/SLAM/Autonomous-Robot-Mapping-Localization-with-ROS-2-and-SLAM-1/navbot/install/navbot_msgs/lib/python3.12/site-packages/navbot_msgs/navbot_msgs_s__rosidl_typesupport_introspection_c.so
[14.389s] -- Up-to-date: /mnt/c/Users/Administrator/Documents/SLAM/Autonomous-Robot-Mapping-Localization-with-ROS-2-and-SLAM-1/navbot/install/navbot_msgs/lib/python3.12/site-packages/navbot_msgs/srv
[14.439s] -- Up-to-date: /mnt/c/Users/Administrator/Documents/SLAM/Autonomous-Robot-Mapping-Localization-with-ROS-2-and-SLAM-1/navbot/install/navbot_msgs/lib/python3.12/site-packages/navbot_msgs/srv/_add_two_ints.py
[14.478s] -- Up-to-date: /mnt/c/Users/Administrator/Documents/SLAM/Autonomous-Robot-Mapping-Localization-with-ROS-2-and-SLAM-1/navbot/install/navbot_msgs/lib/python3.12/site-packages/navbot_msgs/srv/_add_two_ints_s.c
[14.539s] -- Up-to-date: /mnt/c/Users/Administrator/Documents/SLAM/Autonomous-Robot-Mapping-Localization-with-ROS-2-and-SLAM-1/navbot/install/navbot_msgs/lib/python3.12/site-packages/navbot_msgs/srv/__init__.py
[14.593s] -- Up-to-date: /mnt/c/Users/Administrator/Documents/SLAM/Autonomous-Robot-Mapping-Localization-with-ROS-2-and-SLAM-1/navbot/install/navbot_msgs/lib/python3.12/site-packages/navbot_msgs/_navbot_msgs_s.ep.rosidl_typesupport_c.c
[14.641s] -- Up-to-date: /mnt/c/Users/Administrator/Documents/SLAM/Autonomous-Robot-Mapping-Localization-with-ROS-2-and-SLAM-1/navbot/install/navbot_msgs/lib/python3.12/site-packages/navbot_msgs/_navbot_msgs_s.ep.rosidl_typesupport_fastrtps_c.c
[14.677s] -- Up-to-date: /mnt/c/Users/Administrator/Documents/SLAM/Autonomous-Robot-Mapping-Localization-with-ROS-2-and-SLAM-1/navbot/install/navbot_msgs/lib/python3.12/site-packages/navbot_msgs/_navbot_msgs_s.ep.rosidl_typesupport_introspection_c.c
[14.756s] -- Up-to-date: /mnt/c/Users/Administrator/Documents/SLAM/Autonomous-Robot-Mapping-Localization-with-ROS-2-and-SLAM-1/navbot/install/navbot_msgs/lib/python3.12/site-packages/navbot_msgs/__init__.py
[16.111s] Listing '/mnt/c/Users/Administrator/Documents/SLAM/Autonomous-Robot-Mapping-Localization-with-ROS-2-and-SLAM-1/navbot/install/navbot_msgs/lib/python3.12/site-packages/navbot_msgs'...
[16.113s] Listing '/mnt/c/Users/Administrator/Documents/SLAM/Autonomous-Robot-Mapping-Localization-with-ROS-2-and-SLAM-1/navbot/install/navbot_msgs/lib/python3.12/site-packages/navbot_msgs/srv'...
[16.215s] -- Up-to-date: /mnt/c/Users/Administrator/Documents/SLAM/Autonomous-Robot-Mapping-Localization-with-ROS-2-and-SLAM-1/navbot/install/navbot_msgs/lib/python3.12/site-packages/navbot_msgs/navbot_msgs_s__rosidl_typesupport_fastrtps_c.so
[16.365s] -- Up-to-date: /mnt/c/Users/Administrator/Documents/SLAM/Autonomous-Robot-Mapping-Localization-with-ROS-2-and-SLAM-1/navbot/install/navbot_msgs/lib/python3.12/site-packages/navbot_msgs/navbot_msgs_s__rosidl_typesupport_introspection_c.so
[16.489s] -- Up-to-date: /mnt/c/Users/Administrator/Documents/SLAM/Autonomous-Robot-Mapping-Localization-with-ROS-2-and-SLAM-1/navbot/install/navbot_msgs/lib/python3.12/site-packages/navbot_msgs/navbot_msgs_s__rosidl_typesupport_c.so
[16.597s] -- Up-to-date: /mnt/c/Users/Administrator/Documents/SLAM/Autonomous-Robot-Mapping-Localization-with-ROS-2-and-SLAM-1/navbot/install/navbot_msgs/lib/libnavbot_msgs__rosidl_generator_py.so
[16.685s] -- Up-to-date: /mnt/c/Users/Administrator/Documents/SLAM/Autonomous-Robot-Mapping-Localization-with-ROS-2-and-SLAM-1/navbot/install/navbot_msgs/share/navbot_msgs/srv/AddTwoInts.idl
[16.734s] -- Up-to-date: /mnt/c/Users/Administrator/Documents/SLAM/Autonomous-Robot-Mapping-Localization-with-ROS-2-and-SLAM-1/navbot/install/navbot_msgs/share/navbot_msgs/srv/AddTwoInts.srv
[16.772s] -- Up-to-date: /mnt/c/Users/Administrator/Documents/SLAM/Autonomous-Robot-Mapping-Localization-with-ROS-2-and-SLAM-1/navbot/install/navbot_msgs/share/ament_index/resource_index/package_run_dependencies/navbot_msgs
[16.813s] -- Up-to-date: /mnt/c/Users/Administrator/Documents/SLAM/Autonomous-Robot-Mapping-Localization-with-ROS-2-and-SLAM-1/navbot/install/navbot_msgs/share/ament_index/resource_index/parent_prefix_path/navbot_msgs
[16.838s] -- Up-to-date: /mnt/c/Users/Administrator/Documents/SLAM/Autonomous-Robot-Mapping-Localization-with-ROS-2-and-SLAM-1/navbot/install/navbot_msgs/share/navbot_msgs/environment/ament_prefix_path.sh
[16.865s] -- Up-to-date: /mnt/c/Users/Administrator/Documents/SLAM/Autonomous-Robot-Mapping-Localization-with-ROS-2-and-SLAM-1/navbot/install/navbot_msgs/share/navbot_msgs/environment/ament_prefix_path.dsv
[16.882s] -- Up-to-date: /mnt/c/Users/Administrator/Documents/SLAM/Autonomous-Robot-Mapping-Localization-with-ROS-2-and-SLAM-1/navbot/install/navbot_msgs/share/navbot_msgs/environment/path.sh
[16.910s] -- Up-to-date: /mnt/c/Users/Administrator/Documents/SLAM/Autonomous-Robot-Mapping-Localization-with-ROS-2-and-SLAM-1/navbot/install/navbot_msgs/share/navbot_msgs/environment/path.dsv
[16.933s] -- Up-to-date: /mnt/c/Users/Administrator/Documents/SLAM/Autonomous-Robot-Mapping-Localization-with-ROS-2-and-SLAM-1/navbot/install/navbot_msgs/share/navbot_msgs/local_setup.bash
[16.957s] -- Up-to-date: /mnt/c/Users/Administrator/Documents/SLAM/Autonomous-Robot-Mapping-Localization-with-ROS-2-and-SLAM-1/navbot/install/navbot_msgs/share/navbot_msgs/local_setup.sh
[16.977s] -- Up-to-date: /mnt/c/Users/Administrator/Documents/SLAM/Autonomous-Robot-Mapping-Localization-with-ROS-2-and-SLAM-1/navbot/install/navbot_msgs/share/navbot_msgs/local_setup.zsh
[16.997s] -- Up-to-date: /mnt/c/Users/Administrator/Documents/SLAM/Autonomous-Robot-Mapping-Localization-with-ROS-2-and-SLAM-1/navbot/install/navbot_msgs/share/navbot_msgs/local_setup.dsv
[17.020s] -- Up-to-date: /mnt/c/Users/Administrator/Documents/SLAM/Autonomous-Robot-Mapping-Localization-with-ROS-2-and-SLAM-1/navbot/install/navbot_msgs/share/navbot_msgs/package.dsv
[17.058s] -- Up-to-date: /mnt/c/Users/Administrator/Documents/SLAM/Autonomous-Robot-Mapping-Localization-with-ROS-2-and-SLAM-1/navbot/install/navbot_msgs/share/ament_index/resource_index/packages/navbot_msgs
[17.114s] -- Up-to-date: /mnt/c/Users/Administrator/Documents/SLAM/Autonomous-Robot-Mapping-Localization-with-ROS-2-and-SLAM-1/navbot/install/navbot_msgs/share/navbot_msgs/cmake/export_navbot_msgs__rosidl_generator_cExport.cmake
[17.150s] -- Up-to-date: /mnt/c/Users/Administrator/Documents/SLAM/Autonomous-Robot-Mapping-Localization-with-ROS-2-and-SLAM-1/navbot/install/navbot_msgs/share/navbot_msgs/cmake/export_navbot_msgs__rosidl_generator_cExport-noconfig.cmake
[17.201s] -- Up-to-date: /mnt/c/Users/Administrator/Documents/SLAM/Autonomous-Robot-Mapping-Localization-with-ROS-2-and-SLAM-1/navbot/install/navbot_msgs/share/navbot_msgs/cmake/export_navbot_msgs__rosidl_typesupport_fastrtps_cExport.cmake
[17.235s] -- Up-to-date: /mnt/c/Users/Administrator/Documents/SLAM/Autonomous-Robot-Mapping-Localization-with-ROS-2-and-SLAM-1/navbot/install/navbot_msgs/share/navbot_msgs/cmake/export_navbot_msgs__rosidl_typesupport_fastrtps_cExport-noconfig.cmake
[17.287s] -- Up-to-date: /mnt/c/Users/Administrator/Documents/SLAM/Autonomous-Robot-Mapping-Localization-with-ROS-2-and-SLAM-1/navbot/install/navbot_msgs/share/navbot_msgs/cmake/export_navbot_msgs__rosidl_generator_cppExport.cmake
[17.337s] -- Up-to-date: /mnt/c/Users/Administrator/Documents/SLAM/Autonomous-Robot-Mapping-Localization-with-ROS-2-and-SLAM-1/navbot/install/navbot_msgs/share/navbot_msgs/cmake/export_navbot_msgs__rosidl_typesupport_fastrtps_cppExport.cmake
[17.366s] -- Up-to-date: /mnt/c/Users/Administrator/Documents/SLAM/Autonomous-Robot-Mapping-Localization-with-ROS-2-and-SLAM-1/navbot/install/navbot_msgs/share/navbot_msgs/cmake/export_navbot_msgs__rosidl_typesupport_fastrtps_cppExport-noconfig.cmake
[17.415s] -- Up-to-date: /mnt/c/Users/Administrator/Documents/SLAM/Autonomous-Robot-Mapping-Localization-with-ROS-2-and-SLAM-1/navbot/install/navbot_msgs/share/navbot_msgs/cmake/navbot_msgs__rosidl_typesupport_introspection_cExport.cmake
[17.450s] -- Up-to-date: /mnt/c/Users/Administrator/Documents/SLAM/Autonomous-Robot-Mapping-Localization-with-ROS-2-and-SLAM-1/navbot/install/navbot_msgs/share/navbot_msgs/cmake/navbot_msgs__rosidl_typesupport_introspection_cExport-noconfig.cmake
[17.497s] -- Up-to-date: /mnt/c/Users/Administrator/Documents/SLAM/Autonomous-Robot-Mapping-Localization-with-ROS-2-and-SLAM-1/navbot/install/navbot_msgs/share/navbot_msgs/cmake/navbot_msgs__rosidl_typesupport_cExport.cmake
[17.534s] -- Up-to-date: /mnt/c/Users/Administrator/Documents/SLAM/Autonomous-Robot-Mapping-Localization-with-ROS-2-and-SLAM-1/navbot/install/navbot_msgs/share/navbot_msgs/cmake/navbot_msgs__rosidl_typesupport_cExport-noconfig.cmake
[17.583s] -- Up-to-date: /mnt/c/Users/Administrator/Documents/SLAM/Autonomous-Robot-Mapping-Localization-with-ROS-2-and-SLAM-1/navbot/install/navbot_msgs/share/navbot_msgs/cmake/navbot_msgs__rosidl_typesupport_introspection_cppExport.cmake
[17.617s] -- Up-to-date: /mnt/c/Users/Administrator/Documents/SLAM/Autonomous-Robot-Mapping-Localization-with-ROS-2-and-SLAM-1/navbot/install/navbot_msgs/share/navbot_msgs/cmake/navbot_msgs__rosidl_typesupport_introspection_cppExport-noconfig.cmake
[17.665s] -- Up-to-date: /mnt/c/Users/Administrator/Documents/SLAM/Autonomous-Robot-Mapping-Localization-with-ROS-2-and-SLAM-1/navbot/install/navbot_msgs/share/navbot_msgs/cmake/navbot_msgs__rosidl_typesupport_cppExport.cmake
[17.696s] -- Up-to-date: /mnt/c/Users/Administrator/Documents/SLAM/Autonomous-Robot-Mapping-Localization-with-ROS-2-and-SLAM-1/navbot/install/navbot_msgs/share/navbot_msgs/cmake/navbot_msgs__rosidl_typesupport_cppExport-noconfig.cmake
[17.747s] -- Up-to-date: /mnt/c/Users/Administrator/Documents/SLAM/Autonomous-Robot-Mapping-Localization-with-ROS-2-and-SLAM-1/navbot/install/navbot_msgs/share/navbot_msgs/cmake/export_navbot_msgs__rosidl_generator_pyExport.cmake
[17.778s] -- Up-to-date: /mnt/c/Users/Administrator/Documents/SLAM/Autonomous-Robot-Mapping-Localization-with-ROS-2-and-SLAM-1/navbot/install/navbot_msgs/share/navbot_msgs/cmake/export_navbot_msgs__rosidl_generator_pyExport-noconfig.cmake
[17.808s] -- Up-to-date: /mnt/c/Users/Administrator/Documents/SLAM/Autonomous-Robot-Mapping-Localization-with-ROS-2-and-SLAM-1/navbot/install/navbot_msgs/share/navbot_msgs/cmake/rosidl_cmake-extras.cmake
[17.836s] -- Up-to-date: /mnt/c/Users/Administrator/Documents/SLAM/Autonomous-Robot-Mapping-Localization-with-ROS-2-and-SLAM-1/navbot/install/navbot_msgs/share/navbot_msgs/cmake/ament_cmake_export_dependencies-extras.cmake
[17.861s] -- Up-to-date: /mnt/c/Users/Administrator/Documents/SLAM/Autonomous-Robot-Mapping-Localization-with-ROS-2-and-SLAM-1/navbot/install/navbot_msgs/share/navbot_msgs/cmake/ament_cmake_export_include_directories-extras.cmake
[17.886s] -- Up-to-date: /mnt/c/Users/Administrator/Documents/SLAM/Autonomous-Robot-Mapping-Localization-with-ROS-2-and-SLAM-1/navbot/install/navbot_msgs/share/navbot_msgs/cmake/ament_cmake_export_libraries-extras.cmake
[17.908s] -- Up-to-date: /mnt/c/Users/Administrator/Documents/SLAM/Autonomous-Robot-Mapping-Localization-with-ROS-2-and-SLAM-1/navbot/install/navbot_msgs/share/navbot_msgs/cmake/ament_cmake_export_targets-extras.cmake
[17.937s] -- Up-to-date: /mnt/c/Users/Administrator/Documents/SLAM/Autonomous-Robot-Mapping-Localization-with-ROS-2-and-SLAM-1/navbot/install/navbot_msgs/share/navbot_msgs/cmake/rosidl_cmake_export_typesupport_targets-extras.cmake
[17.964s] -- Up-to-date: /mnt/c/Users/Administrator/Documents/SLAM/Autonomous-Robot-Mapping-Localization-with-ROS-2-and-SLAM-1/navbot/install/navbot_msgs/share/navbot_msgs/cmake/rosidl_cmake_export_typesupport_libraries-extras.cmake
[17.988s] -- Up-to-date: /mnt/c/Users/Administrator/Documents/SLAM/Autonomous-Robot-Mapping-Localization-with-ROS-2-and-SLAM-1/navbot/install/navbot_msgs/share/navbot_msgs/cmake/navbot_msgsConfig.cmake
[18.008s] -- Up-to-date: /mnt/c/Users/Administrator/Documents/SLAM/Autonomous-Robot-Mapping-Localization-with-ROS-2-and-SLAM-1/navbot/install/navbot_msgs/share/navbot_msgs/cmake/navbot_msgsConfig-version.cmake
[18.035s] -- Up-to-date: /mnt/c/Users/Administrator/Documents/SLAM/Autonomous-Robot-Mapping-Localization-with-ROS-2-and-SLAM-1/navbot/install/navbot_msgs/share/navbot_msgs/package.xml
[18.057s] Invoked command in '/mnt/c/Users/Administrator/Documents/SLAM/Autonomous-Robot-Mapping-Localization-with-ROS-2-and-SLAM-1/navbot/build/navbot_msgs' returned '0': CMAKE_PREFIX_PATH=${CMAKE_PREFIX_PATH}:/mnt/c/Users/Administrator/Documents/SLAM/Autonomous-Robot-Mapping-Localization-with-ROS-2-and-SLAM-1/navbot/install/navbot_examples:/opt/ros/jazzy /usr/bin/cmake --install /mnt/c/Users/Administrator/Documents/SLAM/Autonomous-Robot-Mapping-Localization-with-ROS-2-and-SLAM-1/navbot/build/navbot_msgs
