[0.880s] Invoking command in '/mnt/c/Users/Administrator/Documents/SLAM/Autonomous-Robot-Mapping-Localization-with-ROS-2-and-SLAM-1/navbot/build/navbot_cpp_examples': CMAKE_PREFIX_PATH=/mnt/c/Users/Administrator/Documents/SLAM/Autonomous-Robot-Mapping-Localization-with-ROS-2-and-SLAM-1/navbot/install/navbot_msgs:/mnt/c/Users/Administrator/Documents/SLAM/Autonomous-Robot-Mapping-Localization-with-ROS-2-and-SLAM-1/navbot/install/navbot_utils:/mnt/c/Users/Administrator/Documents/SLAM/Autonomous-Robot-Mapping-Localization-with-ROS-2-and-SLAM-1/navbot/install/navbot_localization:/mnt/c/Users/Administrator/Documents/SLAM/Autonomous-Robot-Mapping-Localization-with-ROS-2-and-SLAM-1/navbot/install/navbot_firmware:/mnt/c/Users/Administrator/Documents/SLAM/Autonomous-Robot-Mapping-Localization-with-ROS-2-and-SLAM-1/navbot/install/navbot_descriptions:/mnt/c/Users/Administrator/Documents/SLAM/Autonomous-Robot-Mapping-Localization-with-ROS-2-and-SLAM-1/navbot/install/navbot_cpp_examples:/mnt/c/Users/Administrator/Documents/SLAM/Autonomous-Robot-Mapping-Localization-with-ROS-2-and-SLAM-1/navbot/install/navbot_controller:/mnt/c/Users/Administrator/Documents/SLAM/Autonomous-Robot-Mapping-Localization-with-ROS-2-and-SLAM-1/navbot/install/navbot_bringup:/opt/ros/jazzy/opt/gz_sim_vendor:/opt/ros/jazzy/opt/gz_sensors_vendor:/opt/ros/jazzy/opt/gz_physics_vendor:/opt/ros/jazzy/opt/sdformat_vendor:/opt/ros/jazzy/opt/gz_gui_vendor:/opt/ros/jazzy/opt/gz_transport_vendor:/opt/ros/jazzy/opt/gz_rendering_vendor:/opt/ros/jazzy/opt/gz_plugin_vendor:/opt/ros/jazzy/opt/gz_fuel_tools_vendor:/opt/ros/jazzy/opt/gz_msgs_vendor:/opt/ros/jazzy/opt/gz_common_vendor:/opt/ros/jazzy/opt/gz_math_vendor:/opt/ros/jazzy/opt/gz_utils_vendor:/opt/ros/jazzy/opt/gz_tools_vendor:/opt/ros/jazzy/opt/gz_ogre_next_vendor:/opt/ros/jazzy/opt/gz_dartsim_vendor:/opt/ros/jazzy/opt/gz_cmake_vendor:/mnt/c/Users/Administrator/Documents/SLAM/Autonomous-Robot-Mapping-Localization-with-ROS-2-and-SLAM-1/navbot/install/navbot_examples:/opt/ros/jazzy /usr/bin/cmake --build /mnt/c/Users/Administrator/Documents/SLAM/Autonomous-Robot-Mapping-Localization-with-ROS-2-and-SLAM-1/navbot/build/navbot_cpp_examples -- -j8 -l8
[2.804s] [ 40%] Built target simple_parameter
[2.806s] [ 40%] Built target simple_turtlesim_kinematics
[2.875s] [ 60%] Built target simple_service_server
[2.906s] [ 80%] Built target simple_service_client
[4.019s] [ 90%] [32mBuilding CXX object CMakeFiles/simple_tf_kinematics.dir/src/simple_tf_kinematics.cpp.o[0m
[26.440s] [01m[K/mnt/c/Users/Administrator/Documents/SLAM/Autonomous-Robot-Mapping-Localization-with-ROS-2-and-SLAM-1/navbot/src/navbot_cpp_examples/src/simple_tf_kinematics.cpp:[m[K In constructor ‘[01m[KSimpleTfKinematics::[01;32m[KSimpleTfKinematics[m[K(const std::string&)[m[K’:
[26.443s] [01m[K/mnt/c/Users/Administrator/Documents/SLAM/Autonomous-Robot-Mapping-Localization-with-ROS-2-and-SLAM-1/navbot/src/navbot_cpp_examples/src/simple_tf_kinematics.cpp:15:76:[m[K [01;31m[Kerror: [m[Kno match for ‘[01m[Koperator=[m[K’ (operand types are ‘[01m[Kstd::unique_ptr<tf2_ros::TransformListener>[m[K’ and ‘[01m[Kstd::shared_ptr<tf2_ros::TransformListener>[m[K’)
[26.444s]    15 | f2_ros::TransformListener>(*tf_buffer_[01;31m[K)[m[K;
[26.448s]       |                                       [01;31m[K^[m[K
[26.449s] 
[26.450s] In file included from [01m[K/usr/include/c++/13/memory:78[m[K,
[26.451s]                  from [01m[K/opt/ros/jazzy/include/rclcpp/rclcpp/rclcpp.hpp:169[m[K,
[26.453s]                  from [01m[K/mnt/c/Users/Administrator/Documents/SLAM/Autonomous-Robot-Mapping-Localization-with-ROS-2-and-SLAM-1/navbot/src/navbot_cpp_examples/include/navbot_cpp_examples/simple_tf_kinematics.hpp:4[m[K,
[26.454s]                  from [01m[K/mnt/c/Users/Administrator/Documents/SLAM/Autonomous-Robot-Mapping-Localization-with-ROS-2-and-SLAM-1/navbot/src/navbot_cpp_examples/src/simple_tf_kinematics.cpp:1[m[K:
[26.455s] [01m[K/usr/include/c++/13/bits/unique_ptr.h:430:9:[m[K [01;36m[Knote: [m[Kcandidate: ‘[01m[Ktemplate<class _Up, class _Ep> typename std::enable_if<std::__and_<std::__and_<std::is_convertible<typename std::unique_ptr<_Up, _Ep>::pointer, typename std::__uniq_ptr_impl<_Tp, _Dp>::pointer>, std::__not_<std::is_array<_Up> > >, std::is_assignable<_T2&, _U2&&> >::value, std::unique_ptr<_Tp, _Dp>&>::type std::unique_ptr<_Tp, _Dp>::[01;32m[Koperator=[m[K(std::unique_ptr<_Up, _Ep>&&) [35m[K[with _Ep = _Up; _Tp = tf2_ros::TransformListener; _Dp = std::default_delete<tf2_ros::TransformListener>][m[K[m[K’
[26.456s]   430 |         [01;36m[Koperator[m[K=(unique_ptr<_Up, _Ep>&& __u) noexcept
[26.457s]       |         [01;36m[K^~~~~~~~[m[K
[26.459s] [01m[K/usr/include/c++/13/bits/unique_ptr.h:430:9:[m[K [01;36m[Knote: [m[K  template argument deduction/substitution failed:
[26.460s] [01m[K/mnt/c/Users/Administrator/Documents/SLAM/Autonomous-Robot-Mapping-Localization-with-ROS-2-and-SLAM-1/navbot/src/navbot_cpp_examples/src/simple_tf_kinematics.cpp:15:76:[m[K [01;36m[Knote: [m[K  ‘[01m[Kstd::shared_ptr<tf2_ros::TransformListener>[m[K’ is not derived from ‘[01m[Kstd::unique_ptr<_Tp, _Dp>[m[K’
[26.467s]    15 | f2_ros::TransformListener>(*tf_buffer_[01;36m[K)[m[K;
[26.468s]       |                                       [01;36m[K^[m[K
[26.469s] 
[26.471s] [01m[K/usr/include/c++/13/bits/unique_ptr.h:414:19:[m[K [01;36m[Knote: [m[Kcandidate: ‘[01m[Kstd::unique_ptr<_Tp, _Dp>& std::unique_ptr<_Tp, _Dp>::[01;32m[Koperator=[m[K(std::unique_ptr<_Tp, _Dp>&&) [35m[K[with _Tp = tf2_ros::TransformListener; _Dp = std::default_delete<tf2_ros::TransformListener>][m[K[m[K’
[26.472s]   414 |       unique_ptr& [01;36m[Koperator[m[K=(unique_ptr&&) = default;
[26.473s]       |                   [01;36m[K^~~~~~~~[m[K
[26.474s] [01m[K/usr/include/c++/13/bits/unique_ptr.h:414:29:[m[K [01;36m[Knote: [m[K  no known conversion for argument 1 from ‘[01m[Kstd::shared_ptr<tf2_ros::TransformListener>[m[K’ to ‘[01m[Kstd::unique_ptr<tf2_ros::TransformListener>&&[m[K’
[26.475s]   414 |       unique_ptr& operator=([01;36m[Kunique_ptr&&[m[K) = default;
[26.477s]       |                             [01;36m[K^~~~~~~~~~~~[m[K
[26.479s] [01m[K/usr/include/c++/13/bits/unique_ptr.h:440:7:[m[K [01;36m[Knote: [m[Kcandidate: ‘[01m[Kstd::unique_ptr<_Tp, _Dp>& std::unique_ptr<_Tp, _Dp>::[01;32m[Koperator=[m[K(std::nullptr_t) [35m[K[with _Tp = tf2_ros::TransformListener; _Dp = std::default_delete<tf2_ros::TransformListener>; std::nullptr_t = std::nullptr_t][m[K[m[K’
[26.481s]   440 |       [01;36m[Koperator[m[K=(nullptr_t) noexcept
[26.483s]       |       [01;36m[K^~~~~~~~[m[K
[26.484s] [01m[K/usr/include/c++/13/bits/unique_ptr.h:440:17:[m[K [01;36m[Knote: [m[K  no known conversion for argument 1 from ‘[01m[Kstd::shared_ptr<tf2_ros::TransformListener>[m[K’ to ‘[01m[Kstd::nullptr_t[m[K’
[26.485s]   440 |       operator=([01;36m[Knullptr_t[m[K) noexcept
[26.488s]       |                 [01;36m[K^~~~~~~~~[m[K
[26.491s] [01m[K/mnt/c/Users/Administrator/Documents/SLAM/Autonomous-Robot-Mapping-Localization-with-ROS-2-and-SLAM-1/navbot/src/navbot_cpp_examples/src/simple_tf_kinematics.cpp:35:95:[m[K [01;31m[Kerror: [m[Kexpected unqualified-id before ‘[01m[K([m[K’ token
[26.492s]    35 | sform>("get_transform", std::[01;31m[K([m[K&SimpleTfKinematics::getTransformCallback, this , _1, _2));
[26.497s]       |                              [01;31m[K^[m[K
[26.498s] 
[26.499s] [01m[K/mnt/c/Users/Administrator/Documents/SLAM/Autonomous-Robot-Mapping-Localization-with-ROS-2-and-SLAM-1/navbot/src/navbot_cpp_examples/src/simple_tf_kinematics.cpp:35:146:[m[K [01;31m[Kerror: [m[K‘[01m[K_1[m[K’ was not declared in this scope; did you mean ‘[01m[Kstd::placeholders::_1[m[K’?
[26.500s]    35 | ::getTransformCallback, this , [01;31m[K_1[m[K, _2));
[26.501s]       |                                [01;31m[K^~[m[K
[26.503s]       |                                [32m[Kstd::placeholders::_1[m[K
[26.504s] In file included from [01m[K/opt/ros/jazzy/include/rclcpp/rclcpp/utilities.hpp:19[m[K,
[26.505s]                  from [01m[K/opt/ros/jazzy/include/rclcpp/rclcpp/logging.hpp:25[m[K,
[26.506s]                  from [01m[K/opt/ros/jazzy/include/rclcpp/rclcpp/copy_all_parameter_values.hpp:27[m[K,
[26.508s]                  from [01m[K/opt/ros/jazzy/include/rclcpp/rclcpp/rclcpp.hpp:171[m[K:
[26.509s] [01m[K/usr/include/c++/13/functional:294:48:[m[K [01;36m[Knote: [m[K‘[01m[Kstd::placeholders::_1[m[K’ declared here
[26.511s]   294 | XX_PLACEHOLDER const _Placeholder<1> [01;36m[K_1[m[K;
[26.512s]       |                                      [01;36m[K^~[m[K
[26.513s] 
[26.515s] [01m[K/mnt/c/Users/Administrator/Documents/SLAM/Autonomous-Robot-Mapping-Localization-with-ROS-2-and-SLAM-1/navbot/src/navbot_cpp_examples/src/simple_tf_kinematics.cpp:35:150:[m[K [01;31m[Kerror: [m[K‘[01m[K_2[m[K’ was not declared in this scope; did you mean ‘[01m[Kstd::placeholders::_2[m[K’?
[26.515s]    35 | ::getTransformCallback, this , _1, [01;31m[K_2[m[K));
[26.516s]       |                                    [01;31m[K^~[m[K
[26.517s]       |                                    [32m[Kstd::placeholders::_2[m[K
[26.518s] [01m[K/usr/include/c++/13/functional:295:48:[m[K [01;36m[Knote: [m[K‘[01m[Kstd::placeholders::_2[m[K’ declared here
[26.522s]   295 | XX_PLACEHOLDER const _Placeholder<2> [01;36m[K_2[m[K;
[26.524s]       |                                      [01;36m[K^~[m[K
[26.525s] 
[26.535s] [01m[K/mnt/c/Users/Administrator/Documents/SLAM/Autonomous-Robot-Mapping-Localization-with-ROS-2-and-SLAM-1/navbot/src/navbot_cpp_examples/src/simple_tf_kinematics.cpp:[m[K In member function ‘[01m[Kbool SimpleTfKinematics::[01;32m[KgetTransformCallback[m[K(std::shared_ptr<navbot_msgs::srv::GetTransform_Request_<std::allocator<void> > >, std::shared_ptr<navbot_msgs::srv::GetTransform_Response_<std::allocator<void> > >)[m[K’:
[26.537s] [01m[K/mnt/c/Users/Administrator/Documents/SLAM/Autonomous-Robot-Mapping-Localization-with-ROS-2-and-SLAM-1/navbot/src/navbot_cpp_examples/src/simple_tf_kinematics.cpp:64:9:[m[K [01;31m[Kerror: [m[K‘[01m[Krequested_transform[m[K’ was not declared in this scope; did you mean ‘[01m[Krequest_transform[m[K’?
[26.539s]    64 |         [01;31m[Krequested_transform[m[K = tf_buffer_->lookupTransform(req->frame_id, req->child_frame_id, tf2::TimePointZero);
[26.540s]       |         [01;31m[K^~~~~~~~~~~~~~~~~~~[m[K
[26.541s]       |         [32m[Krequest_transform[m[K
[26.543s] [01m[K/mnt/c/Users/Administrator/Documents/SLAM/Autonomous-Robot-Mapping-Localization-with-ROS-2-and-SLAM-1/navbot/src/navbot_cpp_examples/src/simple_tf_kinematics.cpp:74:22:[m[K [01;31m[Kerror: [m[K‘[01m[Krequested_transform[m[K’ was not declared in this scope; did you mean ‘[01m[Krequest_transform[m[K’?
[26.544s]    74 |     res->transform = [01;31m[Krequested_transform[m[K;
[26.545s]       |                      [01;31m[K^~~~~~~~~~~~~~~~~~~[m[K
[26.546s]       |                      [32m[Krequest_transform[m[K
[31.942s] gmake[2]: *** [CMakeFiles/simple_tf_kinematics.dir/build.make:76: CMakeFiles/simple_tf_kinematics.dir/src/simple_tf_kinematics.cpp.o] Error 1
[31.946s] gmake[1]: *** [CMakeFiles/Makefile2:197: CMakeFiles/simple_tf_kinematics.dir/all] Error 2
[31.950s] gmake: *** [Makefile:146: all] Error 2
[31.952s] Invoked command in '/mnt/c/Users/Administrator/Documents/SLAM/Autonomous-Robot-Mapping-Localization-with-ROS-2-and-SLAM-1/navbot/build/navbot_cpp_examples' returned '2': CMAKE_PREFIX_PATH=/mnt/c/Users/Administrator/Documents/SLAM/Autonomous-Robot-Mapping-Localization-with-ROS-2-and-SLAM-1/navbot/install/navbot_msgs:/mnt/c/Users/Administrator/Documents/SLAM/Autonomous-Robot-Mapping-Localization-with-ROS-2-and-SLAM-1/navbot/install/navbot_utils:/mnt/c/Users/Administrator/Documents/SLAM/Autonomous-Robot-Mapping-Localization-with-ROS-2-and-SLAM-1/navbot/install/navbot_localization:/mnt/c/Users/Administrator/Documents/SLAM/Autonomous-Robot-Mapping-Localization-with-ROS-2-and-SLAM-1/navbot/install/navbot_firmware:/mnt/c/Users/Administrator/Documents/SLAM/Autonomous-Robot-Mapping-Localization-with-ROS-2-and-SLAM-1/navbot/install/navbot_descriptions:/mnt/c/Users/Administrator/Documents/SLAM/Autonomous-Robot-Mapping-Localization-with-ROS-2-and-SLAM-1/navbot/install/navbot_cpp_examples:/mnt/c/Users/Administrator/Documents/SLAM/Autonomous-Robot-Mapping-Localization-with-ROS-2-and-SLAM-1/navbot/install/navbot_controller:/mnt/c/Users/Administrator/Documents/SLAM/Autonomous-Robot-Mapping-Localization-with-ROS-2-and-SLAM-1/navbot/install/navbot_bringup:/opt/ros/jazzy/opt/gz_sim_vendor:/opt/ros/jazzy/opt/gz_sensors_vendor:/opt/ros/jazzy/opt/gz_physics_vendor:/opt/ros/jazzy/opt/sdformat_vendor:/opt/ros/jazzy/opt/gz_gui_vendor:/opt/ros/jazzy/opt/gz_transport_vendor:/opt/ros/jazzy/opt/gz_rendering_vendor:/opt/ros/jazzy/opt/gz_plugin_vendor:/opt/ros/jazzy/opt/gz_fuel_tools_vendor:/opt/ros/jazzy/opt/gz_msgs_vendor:/opt/ros/jazzy/opt/gz_common_vendor:/opt/ros/jazzy/opt/gz_math_vendor:/opt/ros/jazzy/opt/gz_utils_vendor:/opt/ros/jazzy/opt/gz_tools_vendor:/opt/ros/jazzy/opt/gz_ogre_next_vendor:/opt/ros/jazzy/opt/gz_dartsim_vendor:/opt/ros/jazzy/opt/gz_cmake_vendor:/mnt/c/Users/Administrator/Documents/SLAM/Autonomous-Robot-Mapping-Localization-with-ROS-2-and-SLAM-1/navbot/install/navbot_examples:/opt/ros/jazzy /usr/bin/cmake --build /mnt/c/Users/Administrator/Documents/SLAM/Autonomous-Robot-Mapping-Localization-with-ROS-2-and-SLAM-1/navbot/build/navbot_cpp_examples -- -j8 -l8
