-- Found ament_cmake: 2.5.5 (/opt/ros/jazzy/share/ament_cmake/cmake)
-- Found rclcpp: 28.1.16 (/opt/ros/jazzy/share/rclcpp/cmake)
-- Found rosidl_generator_c: 4.6.7 (/opt/ros/jazzy/share/rosidl_generator_c/cmake)
-- Found rosidl_generator_cpp: 4.6.7 (/opt/ros/jazzy/share/rosidl_generator_cpp/cmake)
-- Using all available rosidl_typesupport_c: rosidl_typesupport_fastrtps_c;rosidl_typesupport_introspection_c
-- Using all available rosidl_typesupport_cpp: rosidl_typesupport_fastrtps_cpp;rosidl_typesupport_introspection_cpp
-- Found rmw_implementation_cmake: 7.3.3 (/opt/ros/jazzy/share/rmw_implementation_cmake/cmake)
-- Found rmw_fastrtps_cpp: 8.4.3 (/opt/ros/jazzy/share/rmw_fastrtps_cpp/cmake)
-- Using RMW implementation 'rmw_fastrtps_cpp' as default
-- Found rclpy: 7.1.9 (/opt/ros/jazzy/share/rclpy/cmake)
-- Found geometry_msgs: 5.3.6 (/opt/ros/jazzy/share/geometry_msgs/cmake)
-- Found sensor_msgs: 5.3.6 (/opt/ros/jazzy/share/sensor_msgs/cmake)
-- Found nav_msgs: 5.3.6 (/opt/ros/jazzy/share/nav_msgs/cmake)
-- Found tf2_ros: 0.36.19 (/opt/ros/jazzy/share/tf2_ros/cmake)
-- Found ament_lint_auto: 0.17.4 (/opt/ros/jazzy/share/ament_lint_auto/cmake)
-- Added test 'cppcheck' to perform static code analysis on C / C++ code
-- Configured cppcheck include dirs: /mnt/c/Users/Administrator/Documents/SLAM/Autonomous-Robot-Mapping-Localization-with-ROS-2-and-SLAM-1/navbot/src/navbot_controller/include
-- Configured cppcheck exclude dirs and/or files: 
-- Added test 'flake8' to check Python code syntax and style conventions
-- Configured 'flake8' exclude dirs and/or files: 
-- Added test 'lint_cmake' to check CMake code style
-- Added test 'pep257' to check Python code against some of the docstring style conventions in PEP 257
-- Added test 'uncrustify' to check C / C++ code style
-- Configured uncrustify additional arguments: 
-- Added test 'xmllint' to check XML markup files
-- Configuring done (10.5s)
-- Generating done (0.8s)
-- Build files have been written to: /mnt/c/Users/Administrator/Documents/SLAM/Autonomous-Robot-Mapping-Localization-with-ROS-2-and-SLAM-1/navbot/build/navbot_controller
[ 16%] [32mBuilding CXX object CMakeFiles/noisy_controller.dir/src/noisy_controller.cpp.o[0m
[ 16%] Built target ament_cmake_python_copy_navbot_controller
[ 50%] Built target twist_relay
running egg_info
writing navbot_controller.egg-info/PKG-INFO
writing dependency_links to navbot_controller.egg-info/dependency_links.txt
writing top-level names to navbot_controller.egg-info/top_level.txt
[ 83%] Built target simple_controller
reading manifest file 'navbot_controller.egg-info/SOURCES.txt'
writing manifest file 'navbot_controller.egg-info/SOURCES.txt'
[ 83%] Built target ament_cmake_python_build_navbot_controller_egg
[01m[K/mnt/c/Users/Administrator/Documents/SLAM/Autonomous-Robot-Mapping-Localization-with-ROS-2-and-SLAM-1/navbot/src/navbot_controller/src/noisy_controller.cpp:[m[K In member function ‘[01m[Kvoid NoisyController::[01;32m[KjointCallback[m[K(const sensor_msgs::msg::JointState&)[m[K’:
[01m[K/mnt/c/Users/Administrator/Documents/SLAM/Autonomous-Robot-Mapping-Localization-with-ROS-2-and-SLAM-1/navbot/src/navbot_controller/src/noisy_controller.cpp:67:12:[m[K [01;31m[Kerror: [m[Kredeclaration of ‘[01m[Kdouble wheel_encoder_left[m[K’
   67 |     double [01;31m[Kwheel_encoder_left[m[K = msg.position.at(0) + right_encoder_noise(noise_generator);
      |            [01;31m[K^~~~~~~~~~~~~~~~~~[m[K
[01m[K/mnt/c/Users/Administrator/Documents/SLAM/Autonomous-Robot-Mapping-Localization-with-ROS-2-and-SLAM-1/navbot/src/navbot_controller/src/noisy_controller.cpp:66:12:[m[K [01;36m[Knote: [m[K‘[01m[Kdouble wheel_encoder_left[m[K’ previously declared here
   66 |     double [01;36m[Kwheel_encoder_left[m[K = msg.position.at(1) + left_encoder_noise(noise_generator);
      |            [01;36m[K^~~~~~~~~~~~~~~~~~[m[K
[01m[K/mnt/c/Users/Administrator/Documents/SLAM/Autonomous-Robot-Mapping-Localization-with-ROS-2-and-SLAM-1/navbot/src/navbot_controller/src/noisy_controller.cpp:69:23:[m[K [01;31m[Kerror: [m[K‘[01m[Kwheel_encoder_right[m[K’ was not declared in this scope; did you mean ‘[01m[Kwheel_encoder_left[m[K’?
   69 |     double dp_right = [01;31m[Kwheel_encoder_right[m[K - right_wheel_prev_pos_;
      |                       [01;31m[K^~~~~~~~~~~~~~~~~~~[m[K
      |                       [32m[Kwheel_encoder_left[m[K
gmake[2]: *** [CMakeFiles/noisy_controller.dir/build.make:76: CMakeFiles/noisy_controller.dir/src/noisy_controller.cpp.o] Error 1
gmake[1]: *** [CMakeFiles/Makefile2:170: CMakeFiles/noisy_controller.dir/all] Error 2
gmake: *** [Makefile:146: all] Error 2
