[12.028s] Invoking command in '/mnt/c/Users/Administrator/Documents/SLAM/Autonomous-Robot-Mapping-Localization-with-ROS-2-and-SLAM-1/navbot/src/navbot_examples': PYTHONPATH=/mnt/c/Users/Administrator/Documents/SLAM/Autonomous-Robot-Mapping-Localization-with-ROS-2-and-SLAM-1/navbot/build/navbot_examples/prefix_override:/usr/lib/python3/dist-packages/colcon_core/task/python/colcon_distutils_commands:/mnt/c/Users/Administrator/Documents/SLAM/Autonomous-Robot-Mapping-Localization-with-ROS-2-and-SLAM-1/navbot/install/navbot_examples/lib/python3.12/site-packages:${PYTHONPATH} /usr/bin/python3 -W ignore:setup.py install is deprecated -W ignore:easy_install command is deprecated setup.py egg_info --egg-base ../../build/navbot_examples build --build-base /mnt/c/Users/Administrator/Documents/SLAM/Autonomous-Robot-Mapping-Localization-with-ROS-2-and-SLAM-1/navbot/build/navbot_examples/build install --record /mnt/c/Users/Administrator/Documents/SLAM/Autonomous-Robot-Mapping-Localization-with-ROS-2-and-SLAM-1/navbot/build/navbot_examples/install.log --single-version-externally-managed install_data
[14.825s] running egg_info
[14.916s] writing ../../build/navbot_examples/navbot_examples.egg-info/PKG-INFO
[14.925s] writing dependency_links to ../../build/navbot_examples/navbot_examples.egg-info/dependency_links.txt
[14.934s] writing entry points to ../../build/navbot_examples/navbot_examples.egg-info/entry_points.txt
[14.942s] writing requirements to ../../build/navbot_examples/navbot_examples.egg-info/requires.txt
[14.950s] writing top-level names to ../../build/navbot_examples/navbot_examples.egg-info/top_level.txt
[15.212s] reading manifest file '../../build/navbot_examples/navbot_examples.egg-info/SOURCES.txt'
[15.321s] writing manifest file '../../build/navbot_examples/navbot_examples.egg-info/SOURCES.txt'
[15.326s] running build
[15.327s] running build_py
[15.426s] running install
[15.450s] running install_lib
[15.864s] running install_data
[15.899s] running install_egg_info
[16.006s] removing '/mnt/c/Users/Administrator/Documents/SLAM/Autonomous-Robot-Mapping-Localization-with-ROS-2-and-SLAM-1/navbot/install/navbot_examples/lib/python3.12/site-packages/navbot_examples-0.0.0-py3.12.egg-info' (and everything under it)
[16.102s] Copying ../../build/navbot_examples/navbot_examples.egg-info to /mnt/c/Users/Administrator/Documents/SLAM/Autonomous-Robot-Mapping-Localization-with-ROS-2-and-SLAM-1/navbot/install/navbot_examples/lib/python3.12/site-packages/navbot_examples-0.0.0-py3.12.egg-info
[16.408s] running install_scripts
[17.738s] Installing simple_parameter script to /mnt/c/Users/Administrator/Documents/SLAM/Autonomous-Robot-Mapping-Localization-with-ROS-2-and-SLAM-1/navbot/install/navbot_examples/lib/navbot_examples
[17.779s] Installing simple_turtlesim_kinematics script to /mnt/c/Users/Administrator/Documents/SLAM/Autonomous-Robot-Mapping-Localization-with-ROS-2-and-SLAM-1/navbot/install/navbot_examples/lib/navbot_examples
[17.810s] Installing valen_pub script to /mnt/c/Users/Administrator/Documents/SLAM/Autonomous-Robot-Mapping-Localization-with-ROS-2-and-SLAM-1/navbot/install/navbot_examples/lib/navbot_examples
[17.838s] Installing valen_subscribing script to /mnt/c/Users/Administrator/Documents/SLAM/Autonomous-Robot-Mapping-Localization-with-ROS-2-and-SLAM-1/navbot/install/navbot_examples/lib/navbot_examples
[17.870s] writing list of installed files to '/mnt/c/Users/Administrator/Documents/SLAM/Autonomous-Robot-Mapping-Localization-with-ROS-2-and-SLAM-1/navbot/build/navbot_examples/install.log'
[18.022s] Invoked command in '/mnt/c/Users/Administrator/Documents/SLAM/Autonomous-Robot-Mapping-Localization-with-ROS-2-and-SLAM-1/navbot/src/navbot_examples' returned '0': PYTHONPATH=/mnt/c/Users/Administrator/Documents/SLAM/Autonomous-Robot-Mapping-Localization-with-ROS-2-and-SLAM-1/navbot/build/navbot_examples/prefix_override:/usr/lib/python3/dist-packages/colcon_core/task/python/colcon_distutils_commands:/mnt/c/Users/Administrator/Documents/SLAM/Autonomous-Robot-Mapping-Localization-with-ROS-2-and-SLAM-1/navbot/install/navbot_examples/lib/python3.12/site-packages:${PYTHONPATH} /usr/bin/python3 -W ignore:setup.py install is deprecated -W ignore:easy_install command is deprecated setup.py egg_info --egg-base ../../build/navbot_examples build --build-base /mnt/c/Users/Administrator/Documents/SLAM/Autonomous-Robot-Mapping-Localization-with-ROS-2-and-SLAM-1/navbot/build/navbot_examples/build install --record /mnt/c/Users/Administrator/Documents/SLAM/Autonomous-Robot-Mapping-Localization-with-ROS-2-and-SLAM-1/navbot/build/navbot_examples/install.log --single-version-externally-managed install_data
