[0.100s] Invoking command in '/mnt/c/Users/Administrator/Documents/SLAM/Autonomous-Robot-Mapping-Localization-with-ROS-2-and-SLAM-1/navbot/build/navbot_controller': CMAKE_PREFIX_PATH=${CMAKE_PREFIX_PATH}:/opt/ros/jazzy /usr/bin/cmake --build /mnt/c/Users/Administrator/Documents/SLAM/Autonomous-Robot-Mapping-Localization-with-ROS-2-and-SLAM-1/navbot/build/navbot_controller -- -j8 -l8
[0.658s] [ 50%] Built target twist_relay
[0.718s] [ 50%] Built target ament_cmake_python_copy_navbot_controller
[1.246s] running egg_info
[1.284s] [ 75%] [32mBuilding CXX object CMakeFiles/simple_controller.dir/src/simple_controller.cpp.o[0m
[1.286s] writing navbot_controller.egg-info/PKG-INFO
[1.290s] writing dependency_links to navbot_controller.egg-info/dependency_links.txt
[1.296s] writing top-level names to navbot_controller.egg-info/top_level.txt
[1.448s] reading manifest file 'navbot_controller.egg-info/SOURCES.txt'
[1.483s] writing manifest file 'navbot_controller.egg-info/SOURCES.txt'
[1.540s] [ 75%] Built target ament_cmake_python_build_navbot_controller_egg
[7.616s] [01m[K/mnt/c/Users/Administrator/Documents/SLAM/Autonomous-Robot-Mapping-Localization-with-ROS-2-and-SLAM-1/navbot/src/navbot_controller/src/simple_controller.cpp:[m[K In constructor ‘[01m[KSimpleController::[01;32m[KSimpleController[m[K(const std::string&)[m[K’:
[7.618s] [01m[K/mnt/c/Users/Administrator/Documents/SLAM/Autonomous-Robot-Mapping-Localization-with-ROS-2-and-SLAM-1/navbot/src/navbot_controller/src/simple_controller.cpp:23:18:[m[K [01;31m[Kerror: [m[Kfunction template-id ‘[01m[Kcreate_subscription<sensor_msgs::msg::JointState>[m[K’ in nested-name-specifier
[7.622s]    23 |     joint_sub_ = [01;31m[Kcreate_subscription<sensor_msgs::msg::JointState>[m[K::("/joint_states", 10,
[7.625s]       |                  [01;31m[K^~~~~~~~~~~~~~~~~~~~~~~~~~~~~~~~~~~~~~~~~~~~~~~~~[m[K
[7.627s] In file included from [01m[K/opt/ros/jazzy/include/rclcpp/rclcpp/node.hpp:1663[m[K,
[7.629s]                  from [01m[K/opt/ros/jazzy/include/rclcpp/rclcpp/executors/single_threaded_executor.hpp:28[m[K,
[7.630s]                  from [01m[K/opt/ros/jazzy/include/rclcpp/rclcpp/executors.hpp:22[m[K,
[7.632s]                  from [01m[K/opt/ros/jazzy/include/rclcpp/rclcpp/rclcpp.hpp:172[m[K,
[7.633s]                  from [01m[K/mnt/c/Users/Administrator/Documents/SLAM/Autonomous-Robot-Mapping-Localization-with-ROS-2-and-SLAM-1/navbot/src/navbot_controller/include/simple_controller.hpp:4[m[K,
[7.635s]                  from [01m[K/mnt/c/Users/Administrator/Documents/SLAM/Autonomous-Robot-Mapping-Localization-with-ROS-2-and-SLAM-1/navbot/src/navbot_controller/src/simple_controller.cpp:1[m[K:
[7.637s] [01m[K/opt/ros/jazzy/include/rclcpp/rclcpp/node_impl.hpp:92:1:[m[K [01;36m[Knote: [m[K‘[01m[Ktemplate<class MessageT, class CallbackT, class AllocatorT, class SubscriptionT, class MessageMemoryStrategyT> std::shared_ptr<ROSMessageT> rclcpp::Node::[01;32m[Kcreate_subscription[m[K(const std::string&, const rclcpp::QoS&, CallbackT&&, const rclcpp::SubscriptionOptionsWithAllocator<AllocatorT>&, typename MessageMemoryStrategyT::SharedPtr)[m[K’ declared here
[7.638s]    92 | [01;36m[KNode[m[K::create_subscription(
[7.640s]       | [01;36m[K^~~~[m[K
[7.641s] [01m[K/mnt/c/Users/Administrator/Documents/SLAM/Autonomous-Robot-Mapping-Localization-with-ROS-2-and-SLAM-1/navbot/src/navbot_controller/src/simple_controller.cpp:23:69:[m[K [01;31m[Kerror: [m[Kexpected unqualified-id before ‘[01m[K([m[K’ token
[7.643s]    23 | nsor_msgs::msg::JointState>::[01;31m[K([m[K"/joint_states", 10,
[7.644s]       |                              [01;31m[K^[m[K
[7.646s] 
[7.648s] [01m[K/mnt/c/Users/Administrator/Documents/SLAM/Autonomous-Robot-Mapping-Localization-with-ROS-2-and-SLAM-1/navbot/src/navbot_controller/src/simple_controller.cpp:24:37:[m[K [01;31m[Kerror: [m[Kinvalid use of non-static member function ‘[01m[Kvoid SimpleController::[01;32m[KjointCallback[m[K(const sensor_msgs::msg::JointState&)[m[K’
[7.651s]    24 |  std::bind([01;31m[KSimpleController::jointCallback[m[K, this, _1));
[7.653s]       |            [01;31m[K~~~~~~~~~~~~~~~~~~^~~~~~~~~~~~~[m[K
[7.654s] 
[7.656s] [01m[K/mnt/c/Users/Administrator/Documents/SLAM/Autonomous-Robot-Mapping-Localization-with-ROS-2-and-SLAM-1/navbot/src/navbot_controller/include/simple_controller.hpp:18:10:[m[K [01;36m[Knote: [m[Kdeclared here
[7.658s]    18 |     void [01;36m[KjointCallback[m[K(const sensor_msgs::msg::JointState & msg);
[7.659s]       |          [01;36m[K^~~~~~~~~~~~~[m[K
[11.029s] gmake[2]: *** [CMakeFiles/simple_controller.dir/build.make:76: CMakeFiles/simple_controller.dir/src/simple_controller.cpp.o] Error 1
[11.034s] gmake[1]: *** [CMakeFiles/Makefile2:142: CMakeFiles/simple_controller.dir/all] Error 2
[11.040s] gmake: *** [Makefile:146: all] Error 2
[11.046s] Invoked command in '/mnt/c/Users/Administrator/Documents/SLAM/Autonomous-Robot-Mapping-Localization-with-ROS-2-and-SLAM-1/navbot/build/navbot_controller' returned '2': CMAKE_PREFIX_PATH=${CMAKE_PREFIX_PATH}:/opt/ros/jazzy /usr/bin/cmake --build /mnt/c/Users/Administrator/Documents/SLAM/Autonomous-Robot-Mapping-Localization-with-ROS-2-and-SLAM-1/navbot/build/navbot_controller -- -j8 -l8
