[ 50%] Built target twist_relay
[ 50%] Built target ament_cmake_python_copy_navbot_controller
[ 75%] [32mBuilding CXX object CMakeFiles/simple_controller.dir/src/simple_controller.cpp.o[0m
running egg_info
writing navbot_controller.egg-info/PKG-INFO
writing dependency_links to navbot_controller.egg-info/dependency_links.txt
writing top-level names to navbot_controller.egg-info/top_level.txt
reading manifest file 'navbot_controller.egg-info/SOURCES.txt'
writing manifest file 'navbot_controller.egg-info/SOURCES.txt'
[ 75%] Built target ament_cmake_python_build_navbot_controller_egg
In file included from [01m[K/mnt/c/Users/Administrator/Documents/SLAM/Autonomous-Robot-Mapping-Localization-with-ROS-2-and-SLAM-1/navbot/src/navbot_controller/src/simple_controller.cpp:1[m[K:
[01m[K/mnt/c/Users/Administrator/Documents/SLAM/Autonomous-Robot-Mapping-Localization-with-ROS-2-and-SLAM-1/navbot/src/navbot_controller/include/simple_controller.hpp:18:38:[m[K [01;31m[Kerror: [m[K‘[01m[KFloat64MultuArray[m[K’ is not a member of ‘[01m[Kstd_msgs::msg[m[K’; did you mean ‘[01m[KFloat64MultiArray[m[K’?
   18 |     rclcpp::Publisher<std_msgs::msg::[01;31m[KFloat64MultuArray[m[K>::SharedPtr wheel_cmd_pub_;
      |                                      [01;31m[K^~~~~~~~~~~~~~~~~[m[K
      |                                      [32m[KFloat64MultiArray[m[K
[01m[K/mnt/c/Users/Administrator/Documents/SLAM/Autonomous-Robot-Mapping-Localization-with-ROS-2-and-SLAM-1/navbot/src/navbot_controller/include/simple_controller.hpp:18:55:[m[K [01;31m[Kerror: [m[Ktemplate argument 1 is invalid
   18 |     rclcpp::Publisher<std_msgs::msg::Float64MultuArray[01;31m[K>[m[K::SharedPtr wheel_cmd_pub_;
      |                                                       [01;31m[K^[m[K
[01m[K/mnt/c/Users/Administrator/Documents/SLAM/Autonomous-Robot-Mapping-Localization-with-ROS-2-and-SLAM-1/navbot/src/navbot_controller/include/simple_controller.hpp:18:58:[m[K [01;31m[Kerror: [m[Kexpected ‘[01m[K;[m[K’ at end of member declaration
   18 |     rclcpp::Publisher<std_msgs::msg::Float64MultuArray>::[01;31m[KSharedPtr[m[K wheel_cmd_pub_;
      |                                                          [01;31m[K^~~~~~~~~[m[K
      |                                                                   [32m[K;[m[K
[01m[K/mnt/c/Users/Administrator/Documents/SLAM/Autonomous-Robot-Mapping-Localization-with-ROS-2-and-SLAM-1/navbot/src/navbot_controller/include/simple_controller.hpp:18:68:[m[K [01;31m[Kerror: [m[K‘[01m[Kwheel_cmd_pub_[m[K’ does not name a type
   18 |     rclcpp::Publisher<std_msgs::msg::Float64MultuArray>::SharedPtr [01;31m[Kwheel_cmd_pub_[m[K;
      |                                                                    [01;31m[K^~~~~~~~~~~~~~[m[K
[01m[K/mnt/c/Users/Administrator/Documents/SLAM/Autonomous-Robot-Mapping-Localization-with-ROS-2-and-SLAM-1/navbot/src/navbot_controller/src/simple_controller.cpp:[m[K In constructor ‘[01m[KSimpleController::[01;32m[KSimpleController[m[K(const std::string&)[m[K’:
[01m[K/mnt/c/Users/Administrator/Documents/SLAM/Autonomous-Robot-Mapping-Localization-with-ROS-2-and-SLAM-1/navbot/src/navbot_controller/src/simple_controller.cpp:17:5:[m[K [01;31m[Kerror: [m[K‘[01m[Kwheel_cmd_pub_[m[K’ was not declared in this scope
   17 |     [01;31m[Kwheel_cmd_pub_[m[K = create_publisher<std_msgs::msg::Float64MultiArray>("simple_velocity_controller/commands", 10)
      |     [01;31m[K^~~~~~~~~~~~~~[m[K
[01m[K/mnt/c/Users/Administrator/Documents/SLAM/Autonomous-Robot-Mapping-Localization-with-ROS-2-and-SLAM-1/navbot/src/navbot_controller/src/simple_controller.cpp:[m[K In member function ‘[01m[Kvoid SimpleController::[01;32m[KvelCallback[m[K(const geometry_msgs::msg::TwistStamped&)[m[K’:
[01m[K/mnt/c/Users/Administrator/Documents/SLAM/Autonomous-Robot-Mapping-Localization-with-ROS-2-and-SLAM-1/navbot/src/navbot_controller/src/simple_controller.cpp:37:5:[m[K [01;31m[Kerror: [m[K‘[01m[Kwheel_cmd_pub_[m[K’ was not declared in this scope
   37 |     [01;31m[Kwheel_cmd_pub_[m[K->publishe(wheel_speed_msg);
      |     [01;31m[K^~~~~~~~~~~~~~[m[K
[01m[K/mnt/c/Users/Administrator/Documents/SLAM/Autonomous-Robot-Mapping-Localization-with-ROS-2-and-SLAM-1/navbot/src/navbot_controller/src/simple_controller.cpp:[m[K In function ‘[01m[Kint[01;32m[K main[m[K(int, char**)[m[K’:
[01m[K/mnt/c/Users/Administrator/Documents/SLAM/Autonomous-Robot-Mapping-Localization-with-ROS-2-and-SLAM-1/navbot/src/navbot_controller/src/simple_controller.cpp:45:23:[m[K [01;31m[Kerror: [m[Kexpected ‘[01m[K;[m[K’ before ‘[01m[Kreturn[m[K’
   45 |     rclcpp::shutdown()
      |                       [01;31m[K^[m[K
      |                       [32m[K;[m[K
   46 | 
   47 |     [32m[Kreturn[m[K 0;
      |     [32m[K~~~~~~[m[K             
gmake[2]: *** [CMakeFiles/simple_controller.dir/build.make:76: CMakeFiles/simple_controller.dir/src/simple_controller.cpp.o] Error 1
gmake[1]: *** [CMakeFiles/Makefile2:142: CMakeFiles/simple_controller.dir/all] Error 2
gmake: *** [Makefile:146: all] Error 2
