[0.681s] DEBUG:colcon:Command line arguments: ['/usr/bin/colcon', 'build', '--packages-select', 'navbot_examples']
[0.681s] DEBUG:colcon:Parsed command line arguments: Namespace(log_base=None, log_level=None, verb_name='build', build_base='build', install_base='install', merge_install=False, symlink_install=False, test_result_base=None, continue_on_error=False, executor='parallel', parallel_workers=8, event_handlers=None, ignore_user_meta=False, metas=['./colcon.meta'], base_paths=['.'], packages_ignore=None, packages_ignore_regex=None, paths=None, packages_up_to=None, packages_up_to_regex=None, packages_above=None, packages_above_and_dependencies=None, packages_above_depth=None, packages_select_by_dep=None, packages_skip_by_dep=None, packages_skip_up_to=None, packages_select_build_failed=False, packages_skip_build_finished=False, packages_select_test_failures=False, packages_skip_test_passed=False, packages_select=['navbot_examples'], packages_skip=None, packages_select_regex=None, packages_skip_regex=None, packages_start=None, packages_end=None, cmake_args=None, cmake_target=None, cmake_target_skip_unavailable=False, cmake_clean_cache=False, cmake_clean_first=False, cmake_force_configure=False, ament_cmake_args=None, catkin_cmake_args=None, catkin_skip_building_tests=False, verb_parser=<colcon_defaults.argument_parser.defaults.DefaultArgumentsDecorator object at 0x7a73ac212f90>, verb_extension=<colcon_core.verb.build.BuildVerb object at 0x7a73ac212c30>, main=<bound method BuildVerb.main of <colcon_core.verb.build.BuildVerb object at 0x7a73ac212c30>>)
[0.858s] Level 1:colcon.colcon_core.package_discovery:discover_packages(colcon_meta) check parameters
[0.859s] Level 1:colcon.colcon_core.package_discovery:discover_packages(recursive) check parameters
[0.859s] Level 1:colcon.colcon_core.package_discovery:discover_packages(ignore) check parameters
[0.860s] Level 1:colcon.colcon_core.package_discovery:discover_packages(path) check parameters
[0.860s] Level 1:colcon.colcon_core.package_discovery:discover_packages(colcon_meta) discover
[0.861s] Level 1:colcon.colcon_core.package_discovery:discover_packages(recursive) discover
[0.861s] INFO:colcon.colcon_core.package_discovery:Crawling recursively for packages in '/mnt/c/Users/Administrator/Documents/SLAM/Autonomous-Robot-Mapping-Localization-with-ROS-2-and-SLAM-1/navbot'
[0.864s] Level 1:colcon.colcon_core.package_identification:_identify(.) by extensions ['ignore', 'ignore_ament_install']
[0.865s] Level 1:colcon.colcon_core.package_identification:_identify(.) by extension 'ignore'
[0.866s] Level 1:colcon.colcon_core.package_identification:_identify(.) by extension 'ignore_ament_install'
[0.867s] Level 1:colcon.colcon_core.package_identification:_identify(.) by extensions ['colcon_pkg']
[0.867s] Level 1:colcon.colcon_core.package_identification:_identify(.) by extension 'colcon_pkg'
[0.868s] Level 1:colcon.colcon_core.package_identification:_identify(.) by extensions ['colcon_meta']
[0.869s] Level 1:colcon.colcon_core.package_identification:_identify(.) by extension 'colcon_meta'
[0.869s] Level 1:colcon.colcon_core.package_identification:_identify(.) by extensions ['ros']
[0.869s] Level 1:colcon.colcon_core.package_identification:_identify(.) by extension 'ros'
[0.977s] Level 1:colcon.colcon_core.package_identification:_identify(.) by extensions ['cmake', 'python']
[0.977s] Level 1:colcon.colcon_core.package_identification:_identify(.) by extension 'cmake'
[0.978s] Level 1:colcon.colcon_core.package_identification:_identify(.) by extension 'python'
[0.979s] Level 1:colcon.colcon_core.package_identification:_identify(.) by extensions ['python_setup_py']
[0.979s] Level 1:colcon.colcon_core.package_identification:_identify(.) by extension 'python_setup_py'
[0.985s] Level 1:colcon.colcon_core.package_identification:_identify(build) by extensions ['ignore', 'ignore_ament_install']
[0.986s] Level 1:colcon.colcon_core.package_identification:_identify(build) by extension 'ignore'
[0.987s] Level 1:colcon.colcon_core.package_identification:_identify(build) ignored
[0.990s] Level 1:colcon.colcon_core.package_identification:_identify(install) by extensions ['ignore', 'ignore_ament_install']
[0.990s] Level 1:colcon.colcon_core.package_identification:_identify(install) by extension 'ignore'
[0.992s] Level 1:colcon.colcon_core.package_identification:_identify(install) ignored
[0.995s] Level 1:colcon.colcon_core.package_identification:_identify(log) by extensions ['ignore', 'ignore_ament_install']
[0.996s] Level 1:colcon.colcon_core.package_identification:_identify(log) by extension 'ignore'
[0.997s] Level 1:colcon.colcon_core.package_identification:_identify(log) ignored
[1.000s] Level 1:colcon.colcon_core.package_identification:_identify(src) by extensions ['ignore', 'ignore_ament_install']
[1.000s] Level 1:colcon.colcon_core.package_identification:_identify(src) by extension 'ignore'
[1.001s] Level 1:colcon.colcon_core.package_identification:_identify(src) by extension 'ignore_ament_install'
[1.002s] Level 1:colcon.colcon_core.package_identification:_identify(src) by extensions ['colcon_pkg']
[1.002s] Level 1:colcon.colcon_core.package_identification:_identify(src) by extension 'colcon_pkg'
[1.003s] Level 1:colcon.colcon_core.package_identification:_identify(src) by extensions ['colcon_meta']
[1.003s] Level 1:colcon.colcon_core.package_identification:_identify(src) by extension 'colcon_meta'
[1.004s] Level 1:colcon.colcon_core.package_identification:_identify(src) by extensions ['ros']
[1.005s] Level 1:colcon.colcon_core.package_identification:_identify(src) by extension 'ros'
[1.008s] Level 1:colcon.colcon_core.package_identification:_identify(src) by extensions ['cmake', 'python']
[1.008s] Level 1:colcon.colcon_core.package_identification:_identify(src) by extension 'cmake'
[1.009s] Level 1:colcon.colcon_core.package_identification:_identify(src) by extension 'python'
[1.009s] Level 1:colcon.colcon_core.package_identification:_identify(src) by extensions ['python_setup_py']
[1.009s] Level 1:colcon.colcon_core.package_identification:_identify(src) by extension 'python_setup_py'
[1.013s] Level 1:colcon.colcon_core.package_identification:_identify(src/navbot_bringup) by extensions ['ignore', 'ignore_ament_install']
[1.014s] Level 1:colcon.colcon_core.package_identification:_identify(src/navbot_bringup) by extension 'ignore'
[1.015s] Level 1:colcon.colcon_core.package_identification:_identify(src/navbot_bringup) by extension 'ignore_ament_install'
[1.017s] Level 1:colcon.colcon_core.package_identification:_identify(src/navbot_bringup) by extensions ['colcon_pkg']
[1.017s] Level 1:colcon.colcon_core.package_identification:_identify(src/navbot_bringup) by extension 'colcon_pkg'
[1.018s] Level 1:colcon.colcon_core.package_identification:_identify(src/navbot_bringup) by extensions ['colcon_meta']
[1.018s] Level 1:colcon.colcon_core.package_identification:_identify(src/navbot_bringup) by extension 'colcon_meta'
[1.020s] Level 1:colcon.colcon_core.package_identification:_identify(src/navbot_bringup) by extensions ['ros']
[1.020s] Level 1:colcon.colcon_core.package_identification:_identify(src/navbot_bringup) by extension 'ros'
[1.033s] DEBUG:colcon.colcon_core.package_identification:Package 'src/navbot_bringup' with type 'ros.ament_cmake' and name 'navbot_bringup'
[1.043s] Level 1:colcon.colcon_core.package_identification:_identify(src/navbot_controller) by extensions ['ignore', 'ignore_ament_install']
[1.043s] Level 1:colcon.colcon_core.package_identification:_identify(src/navbot_controller) by extension 'ignore'
[1.046s] Level 1:colcon.colcon_core.package_identification:_identify(src/navbot_controller) by extension 'ignore_ament_install'
[1.049s] Level 1:colcon.colcon_core.package_identification:_identify(src/navbot_controller) by extensions ['colcon_pkg']
[1.050s] Level 1:colcon.colcon_core.package_identification:_identify(src/navbot_controller) by extension 'colcon_pkg'
[1.052s] Level 1:colcon.colcon_core.package_identification:_identify(src/navbot_controller) by extensions ['colcon_meta']
[1.052s] Level 1:colcon.colcon_core.package_identification:_identify(src/navbot_controller) by extension 'colcon_meta'
[1.054s] Level 1:colcon.colcon_core.package_identification:_identify(src/navbot_controller) by extensions ['ros']
[1.054s] Level 1:colcon.colcon_core.package_identification:_identify(src/navbot_controller) by extension 'ros'
[1.066s] DEBUG:colcon.colcon_core.package_identification:Package 'src/navbot_controller' with type 'ros.ament_cmake' and name 'navbot_controller'
[1.069s] Level 1:colcon.colcon_core.package_identification:_identify(src/navbot_cpp_examples) by extensions ['ignore', 'ignore_ament_install']
[1.069s] Level 1:colcon.colcon_core.package_identification:_identify(src/navbot_cpp_examples) by extension 'ignore'
[1.070s] Level 1:colcon.colcon_core.package_identification:_identify(src/navbot_cpp_examples) by extension 'ignore_ament_install'
[1.072s] Level 1:colcon.colcon_core.package_identification:_identify(src/navbot_cpp_examples) by extensions ['colcon_pkg']
[1.072s] Level 1:colcon.colcon_core.package_identification:_identify(src/navbot_cpp_examples) by extension 'colcon_pkg'
[1.074s] Level 1:colcon.colcon_core.package_identification:_identify(src/navbot_cpp_examples) by extensions ['colcon_meta']
[1.074s] Level 1:colcon.colcon_core.package_identification:_identify(src/navbot_cpp_examples) by extension 'colcon_meta'
[1.076s] Level 1:colcon.colcon_core.package_identification:_identify(src/navbot_cpp_examples) by extensions ['ros']
[1.076s] Level 1:colcon.colcon_core.package_identification:_identify(src/navbot_cpp_examples) by extension 'ros'
[1.087s] DEBUG:colcon.colcon_core.package_identification:Package 'src/navbot_cpp_examples' with type 'ros.ament_cmake' and name 'navbot_cpp_examples'
[1.090s] Level 1:colcon.colcon_core.package_identification:_identify(src/navbot_descriptions) by extensions ['ignore', 'ignore_ament_install']
[1.091s] Level 1:colcon.colcon_core.package_identification:_identify(src/navbot_descriptions) by extension 'ignore'
[1.092s] Level 1:colcon.colcon_core.package_identification:_identify(src/navbot_descriptions) by extension 'ignore_ament_install'
[1.094s] Level 1:colcon.colcon_core.package_identification:_identify(src/navbot_descriptions) by extensions ['colcon_pkg']
[1.094s] Level 1:colcon.colcon_core.package_identification:_identify(src/navbot_descriptions) by extension 'colcon_pkg'
[1.095s] Level 1:colcon.colcon_core.package_identification:_identify(src/navbot_descriptions) by extensions ['colcon_meta']
[1.095s] Level 1:colcon.colcon_core.package_identification:_identify(src/navbot_descriptions) by extension 'colcon_meta'
[1.096s] Level 1:colcon.colcon_core.package_identification:_identify(src/navbot_descriptions) by extensions ['ros']
[1.097s] Level 1:colcon.colcon_core.package_identification:_identify(src/navbot_descriptions) by extension 'ros'
[1.112s] DEBUG:colcon.colcon_core.package_identification:Package 'src/navbot_descriptions' with type 'ros.ament_cmake' and name 'navbot_descriptions'
[1.120s] Level 1:colcon.colcon_core.package_identification:_identify(src/navbot_examples) by extensions ['ignore', 'ignore_ament_install']
[1.121s] Level 1:colcon.colcon_core.package_identification:_identify(src/navbot_examples) by extension 'ignore'
[1.123s] Level 1:colcon.colcon_core.package_identification:_identify(src/navbot_examples) by extension 'ignore_ament_install'
[1.127s] Level 1:colcon.colcon_core.package_identification:_identify(src/navbot_examples) by extensions ['colcon_pkg']
[1.128s] Level 1:colcon.colcon_core.package_identification:_identify(src/navbot_examples) by extension 'colcon_pkg'
[1.129s] Level 1:colcon.colcon_core.package_identification:_identify(src/navbot_examples) by extensions ['colcon_meta']
[1.129s] Level 1:colcon.colcon_core.package_identification:_identify(src/navbot_examples) by extension 'colcon_meta'
[1.131s] Level 1:colcon.colcon_core.package_identification:_identify(src/navbot_examples) by extensions ['ros']
[1.131s] Level 1:colcon.colcon_core.package_identification:_identify(src/navbot_examples) by extension 'ros'
[1.144s] DEBUG:colcon.colcon_core.package_identification:Package 'src/navbot_examples' with type 'ros.ament_python' and name 'navbot_examples'
[1.147s] Level 1:colcon.colcon_core.package_identification:_identify(src/navbot_firmware) by extensions ['ignore', 'ignore_ament_install']
[1.147s] Level 1:colcon.colcon_core.package_identification:_identify(src/navbot_firmware) by extension 'ignore'
[1.149s] Level 1:colcon.colcon_core.package_identification:_identify(src/navbot_firmware) by extension 'ignore_ament_install'
[1.151s] Level 1:colcon.colcon_core.package_identification:_identify(src/navbot_firmware) by extensions ['colcon_pkg']
[1.151s] Level 1:colcon.colcon_core.package_identification:_identify(src/navbot_firmware) by extension 'colcon_pkg'
[1.152s] Level 1:colcon.colcon_core.package_identification:_identify(src/navbot_firmware) by extensions ['colcon_meta']
[1.153s] Level 1:colcon.colcon_core.package_identification:_identify(src/navbot_firmware) by extension 'colcon_meta'
[1.154s] Level 1:colcon.colcon_core.package_identification:_identify(src/navbot_firmware) by extensions ['ros']
[1.155s] Level 1:colcon.colcon_core.package_identification:_identify(src/navbot_firmware) by extension 'ros'
[1.168s] DEBUG:colcon.colcon_core.package_identification:Package 'src/navbot_firmware' with type 'ros.ament_cmake' and name 'navbot_firmware'
[1.171s] Level 1:colcon.colcon_core.package_identification:_identify(src/navbot_localization) by extensions ['ignore', 'ignore_ament_install']
[1.172s] Level 1:colcon.colcon_core.package_identification:_identify(src/navbot_localization) by extension 'ignore'
[1.173s] Level 1:colcon.colcon_core.package_identification:_identify(src/navbot_localization) by extension 'ignore_ament_install'
[1.175s] Level 1:colcon.colcon_core.package_identification:_identify(src/navbot_localization) by extensions ['colcon_pkg']
[1.176s] Level 1:colcon.colcon_core.package_identification:_identify(src/navbot_localization) by extension 'colcon_pkg'
[1.177s] Level 1:colcon.colcon_core.package_identification:_identify(src/navbot_localization) by extensions ['colcon_meta']
[1.177s] Level 1:colcon.colcon_core.package_identification:_identify(src/navbot_localization) by extension 'colcon_meta'
[1.179s] Level 1:colcon.colcon_core.package_identification:_identify(src/navbot_localization) by extensions ['ros']
[1.179s] Level 1:colcon.colcon_core.package_identification:_identify(src/navbot_localization) by extension 'ros'
[1.193s] DEBUG:colcon.colcon_core.package_identification:Package 'src/navbot_localization' with type 'ros.ament_cmake' and name 'navbot_localization'
[1.198s] Level 1:colcon.colcon_core.package_identification:_identify(src/navbot_msgs) by extensions ['ignore', 'ignore_ament_install']
[1.198s] Level 1:colcon.colcon_core.package_identification:_identify(src/navbot_msgs) by extension 'ignore'
[1.200s] Level 1:colcon.colcon_core.package_identification:_identify(src/navbot_msgs) by extension 'ignore_ament_install'
[1.203s] Level 1:colcon.colcon_core.package_identification:_identify(src/navbot_msgs) by extensions ['colcon_pkg']
[1.204s] Level 1:colcon.colcon_core.package_identification:_identify(src/navbot_msgs) by extension 'colcon_pkg'
[1.206s] Level 1:colcon.colcon_core.package_identification:_identify(src/navbot_msgs) by extensions ['colcon_meta']
[1.206s] Level 1:colcon.colcon_core.package_identification:_identify(src/navbot_msgs) by extension 'colcon_meta'
[1.208s] Level 1:colcon.colcon_core.package_identification:_identify(src/navbot_msgs) by extensions ['ros']
[1.208s] Level 1:colcon.colcon_core.package_identification:_identify(src/navbot_msgs) by extension 'ros'
[1.225s] DEBUG:colcon.colcon_core.package_identification:Package 'src/navbot_msgs' with type 'ros.ament_cmake' and name 'navbot_msgs'
[1.232s] Level 1:colcon.colcon_core.package_identification:_identify(src/navbot_utils) by extensions ['ignore', 'ignore_ament_install']
[1.233s] Level 1:colcon.colcon_core.package_identification:_identify(src/navbot_utils) by extension 'ignore'
[1.236s] Level 1:colcon.colcon_core.package_identification:_identify(src/navbot_utils) by extension 'ignore_ament_install'
[1.241s] Level 1:colcon.colcon_core.package_identification:_identify(src/navbot_utils) by extensions ['colcon_pkg']
[1.241s] Level 1:colcon.colcon_core.package_identification:_identify(src/navbot_utils) by extension 'colcon_pkg'
[1.244s] Level 1:colcon.colcon_core.package_identification:_identify(src/navbot_utils) by extensions ['colcon_meta']
[1.244s] Level 1:colcon.colcon_core.package_identification:_identify(src/navbot_utils) by extension 'colcon_meta'
[1.247s] Level 1:colcon.colcon_core.package_identification:_identify(src/navbot_utils) by extensions ['ros']
[1.248s] Level 1:colcon.colcon_core.package_identification:_identify(src/navbot_utils) by extension 'ros'
[1.266s] DEBUG:colcon.colcon_core.package_identification:Package 'src/navbot_utils' with type 'ros.ament_cmake' and name 'navbot_utils'
[1.266s] Level 1:colcon.colcon_core.package_discovery:discover_packages(recursive) using defaults
[1.266s] Level 1:colcon.colcon_core.package_discovery:discover_packages(ignore) discover
[1.266s] Level 1:colcon.colcon_core.package_discovery:discover_packages(ignore) using defaults
[1.267s] Level 1:colcon.colcon_core.package_discovery:discover_packages(path) discover
[1.267s] Level 1:colcon.colcon_core.package_discovery:discover_packages(path) using defaults
[1.478s] INFO:colcon.colcon_core.package_selection:Skipping not selected package 'navbot_bringup' in 'src/navbot_bringup'
[1.479s] INFO:colcon.colcon_core.package_selection:Skipping not selected package 'navbot_controller' in 'src/navbot_controller'
[1.479s] INFO:colcon.colcon_core.package_selection:Skipping not selected package 'navbot_descriptions' in 'src/navbot_descriptions'
[1.479s] INFO:colcon.colcon_core.package_selection:Skipping not selected package 'navbot_firmware' in 'src/navbot_firmware'
[1.479s] INFO:colcon.colcon_core.package_selection:Skipping not selected package 'navbot_localization' in 'src/navbot_localization'
[1.480s] INFO:colcon.colcon_core.package_selection:Skipping not selected package 'navbot_msgs' in 'src/navbot_msgs'
[1.480s] INFO:colcon.colcon_core.package_selection:Skipping not selected package 'navbot_utils' in 'src/navbot_utils'
[1.480s] INFO:colcon.colcon_core.package_selection:Skipping not selected package 'navbot_cpp_examples' in 'src/navbot_cpp_examples'
[1.481s] Level 5:colcon.colcon_core.verb:set package 'navbot_examples' build argument 'cmake_args' from command line to 'None'
[1.481s] Level 5:colcon.colcon_core.verb:set package 'navbot_examples' build argument 'cmake_target' from command line to 'None'
[1.481s] Level 5:colcon.colcon_core.verb:set package 'navbot_examples' build argument 'cmake_target_skip_unavailable' from command line to 'False'
[1.481s] Level 5:colcon.colcon_core.verb:set package 'navbot_examples' build argument 'cmake_clean_cache' from command line to 'False'
[1.482s] Level 5:colcon.colcon_core.verb:set package 'navbot_examples' build argument 'cmake_clean_first' from command line to 'False'
[1.482s] Level 5:colcon.colcon_core.verb:set package 'navbot_examples' build argument 'cmake_force_configure' from command line to 'False'
[1.482s] Level 5:colcon.colcon_core.verb:set package 'navbot_examples' build argument 'ament_cmake_args' from command line to 'None'
[1.482s] Level 5:colcon.colcon_core.verb:set package 'navbot_examples' build argument 'catkin_cmake_args' from command line to 'None'
[1.483s] Level 5:colcon.colcon_core.verb:set package 'navbot_examples' build argument 'catkin_skip_building_tests' from command line to 'False'
[1.483s] DEBUG:colcon.colcon_core.verb:Building package 'navbot_examples' with the following arguments: {'ament_cmake_args': None, 'build_base': '/mnt/c/Users/Administrator/Documents/SLAM/Autonomous-Robot-Mapping-Localization-with-ROS-2-and-SLAM-1/navbot/build/navbot_examples', 'catkin_cmake_args': None, 'catkin_skip_building_tests': False, 'cmake_args': None, 'cmake_clean_cache': False, 'cmake_clean_first': False, 'cmake_force_configure': False, 'cmake_target': None, 'cmake_target_skip_unavailable': False, 'install_base': '/mnt/c/Users/Administrator/Documents/SLAM/Autonomous-Robot-Mapping-Localization-with-ROS-2-and-SLAM-1/navbot/install/navbot_examples', 'merge_install': False, 'path': '/mnt/c/Users/Administrator/Documents/SLAM/Autonomous-Robot-Mapping-Localization-with-ROS-2-and-SLAM-1/navbot/src/navbot_examples', 'symlink_install': False, 'test_result_base': None}
[1.483s] INFO:colcon.colcon_core.executor:Executing jobs using 'parallel' executor
[1.484s] DEBUG:colcon.colcon_parallel_executor.executor.parallel:run_until_complete
[1.485s] INFO:colcon.colcon_ros.task.ament_python.build:Building ROS package in '/mnt/c/Users/Administrator/Documents/SLAM/Autonomous-Robot-Mapping-Localization-with-ROS-2-and-SLAM-1/navbot/src/navbot_examples' with build type 'ament_python'
[1.485s] Level 1:colcon.colcon_core.shell:create_environment_hook('navbot_examples', 'ament_prefix_path')
[1.511s] INFO:colcon.colcon_core.plugin_system:Skipping extension 'colcon_core.shell.bat': Not used on non-Windows systems
[1.511s] INFO:colcon.colcon_core.shell:Creating environment descriptor '/mnt/c/Users/Administrator/Documents/SLAM/Autonomous-Robot-Mapping-Localization-with-ROS-2-and-SLAM-1/navbot/install/navbot_examples/share/navbot_examples/hook/ament_prefix_path.dsv'
[1.535s] INFO:colcon.colcon_core.shell:Creating environment hook '/mnt/c/Users/Administrator/Documents/SLAM/Autonomous-Robot-Mapping-Localization-with-ROS-2-and-SLAM-1/navbot/install/navbot_examples/share/navbot_examples/hook/ament_prefix_path.sh'
[1.561s] DEBUG:colcon.colcon_core.shell:Skip shell extension 'dsv' for command environment
[3.807s] INFO:colcon.colcon_core.task.python.build:Building Python package in '/mnt/c/Users/Administrator/Documents/SLAM/Autonomous-Robot-Mapping-Localization-with-ROS-2-and-SLAM-1/navbot/src/navbot_examples'
[3.808s] DEBUG:colcon.colcon_core.shell:Skip shell extension 'dsv' for command environment
[8.398s] DEBUG:colcon.colcon_core.event_handler.log_command:Invoking command in '/mnt/c/Users/Administrator/Documents/SLAM/Autonomous-Robot-Mapping-Localization-with-ROS-2-and-SLAM-1/navbot/src/navbot_examples': CMAKE_PREFIX_PATH=/mnt/c/Users/Administrator/Documents/SLAM/Autonomous-Robot-Mapping-Localization-with-ROS-2-and-SLAM-1/navbot/install/navbot_msgs:/mnt/c/Users/Administrator/Documents/SLAM/Autonomous-Robot-Mapping-Localization-with-ROS-2-and-SLAM-1/navbot/install/navbot_utils:/mnt/c/Users/Administrator/Documents/SLAM/Autonomous-Robot-Mapping-Localization-with-ROS-2-and-SLAM-1/navbot/install/navbot_cpp_examples:/mnt/c/Users/Administrator/Documents/SLAM/Autonomous-Robot-Mapping-Localization-with-ROS-2-and-SLAM-1/navbot/install/navbot_localization:/mnt/c/Users/Administrator/Documents/SLAM/Autonomous-Robot-Mapping-Localization-with-ROS-2-and-SLAM-1/navbot/install/navbot_firmware:/mnt/c/Users/Administrator/Documents/SLAM/Autonomous-Robot-Mapping-Localization-with-ROS-2-and-SLAM-1/navbot/install/navbot_descriptions:/mnt/c/Users/Administrator/Documents/SLAM/Autonomous-Robot-Mapping-Localization-with-ROS-2-and-SLAM-1/navbot/install/navbot_controller:/mnt/c/Users/Administrator/Documents/SLAM/Autonomous-Robot-Mapping-Localization-with-ROS-2-and-SLAM-1/navbot/install/navbot_bringup:/opt/ros/jazzy/opt/gz_sim_vendor:/opt/ros/jazzy/opt/gz_sensors_vendor:/opt/ros/jazzy/opt/gz_physics_vendor:/opt/ros/jazzy/opt/sdformat_vendor:/opt/ros/jazzy/opt/gz_gui_vendor:/opt/ros/jazzy/opt/gz_transport_vendor:/opt/ros/jazzy/opt/gz_rendering_vendor:/opt/ros/jazzy/opt/gz_plugin_vendor:/opt/ros/jazzy/opt/gz_fuel_tools_vendor:/opt/ros/jazzy/opt/gz_msgs_vendor:/opt/ros/jazzy/opt/gz_common_vendor:/opt/ros/jazzy/opt/gz_math_vendor:/opt/ros/jazzy/opt/gz_utils_vendor:/opt/ros/jazzy/opt/gz_tools_vendor:/opt/ros/jazzy/opt/gz_ogre_next_vendor:/opt/ros/jazzy/opt/gz_dartsim_vendor:/opt/ros/jazzy/opt/gz_cmake_vendor PYTHONPATH=/mnt/c/Users/Administrator/Documents/SLAM/Autonomous-Robot-Mapping-Localization-with-ROS-2-and-SLAM-1/navbot/build/navbot_examples/prefix_override:/usr/lib/python3/dist-packages/colcon_core/task/python/colcon_distutils_commands:/mnt/c/Users/Administrator/Documents/SLAM/Autonomous-Robot-Mapping-Localization-with-ROS-2-and-SLAM-1/navbot/install/navbot_examples/lib/python3.12/site-packages:/mnt/c/Users/Administrator/Documents/SLAM/Autonomous-Robot-Mapping-Localization-with-ROS-2-and-SLAM-1/navbot/install/navbot_msgs/lib/python3.12/site-packages:/mnt/c/Users/Administrator/Documents/SLAM/Autonomous-Robot-Mapping-Localization-with-ROS-2-and-SLAM-1/navbot/install/navbot_utils/lib/python3.12/site-packages:/mnt/c/Users/Administrator/Documents/SLAM/Autonomous-Robot-Mapping-Localization-with-ROS-2-and-SLAM-1/navbot/install/navbot_examples/lib/python3.12/site-packages:/mnt/c/Users/Administrator/Documents/SLAM/Autonomous-Robot-Mapping-Localization-with-ROS-2-and-SLAM-1/navbot/install/navbot_localization/lib/python3.12/site-packages:/mnt/c/Users/Administrator/Documents/SLAM/Autonomous-Robot-Mapping-Localization-with-ROS-2-and-SLAM-1/navbot/install/navbot_controller/lib/python3.12/site-packages:/opt/ros/jazzy/lib/python3.12/site-packages /usr/bin/python3 -W ignore:setup.py install is deprecated -W ignore:easy_install command is deprecated setup.py egg_info --egg-base ../../build/navbot_examples build --build-base /mnt/c/Users/Administrator/Documents/SLAM/Autonomous-Robot-Mapping-Localization-with-ROS-2-and-SLAM-1/navbot/build/navbot_examples/build install --record /mnt/c/Users/Administrator/Documents/SLAM/Autonomous-Robot-Mapping-Localization-with-ROS-2-and-SLAM-1/navbot/build/navbot_examples/install.log --single-version-externally-managed install_data
[13.369s] DEBUG:colcon.colcon_core.event_handler.log_command:Invoked command in '/mnt/c/Users/Administrator/Documents/SLAM/Autonomous-Robot-Mapping-Localization-with-ROS-2-and-SLAM-1/navbot/src/navbot_examples' returned '0': CMAKE_PREFIX_PATH=/mnt/c/Users/Administrator/Documents/SLAM/Autonomous-Robot-Mapping-Localization-with-ROS-2-and-SLAM-1/navbot/install/navbot_msgs:/mnt/c/Users/Administrator/Documents/SLAM/Autonomous-Robot-Mapping-Localization-with-ROS-2-and-SLAM-1/navbot/install/navbot_utils:/mnt/c/Users/Administrator/Documents/SLAM/Autonomous-Robot-Mapping-Localization-with-ROS-2-and-SLAM-1/navbot/install/navbot_cpp_examples:/mnt/c/Users/Administrator/Documents/SLAM/Autonomous-Robot-Mapping-Localization-with-ROS-2-and-SLAM-1/navbot/install/navbot_localization:/mnt/c/Users/Administrator/Documents/SLAM/Autonomous-Robot-Mapping-Localization-with-ROS-2-and-SLAM-1/navbot/install/navbot_firmware:/mnt/c/Users/Administrator/Documents/SLAM/Autonomous-Robot-Mapping-Localization-with-ROS-2-and-SLAM-1/navbot/install/navbot_descriptions:/mnt/c/Users/Administrator/Documents/SLAM/Autonomous-Robot-Mapping-Localization-with-ROS-2-and-SLAM-1/navbot/install/navbot_controller:/mnt/c/Users/Administrator/Documents/SLAM/Autonomous-Robot-Mapping-Localization-with-ROS-2-and-SLAM-1/navbot/install/navbot_bringup:/opt/ros/jazzy/opt/gz_sim_vendor:/opt/ros/jazzy/opt/gz_sensors_vendor:/opt/ros/jazzy/opt/gz_physics_vendor:/opt/ros/jazzy/opt/sdformat_vendor:/opt/ros/jazzy/opt/gz_gui_vendor:/opt/ros/jazzy/opt/gz_transport_vendor:/opt/ros/jazzy/opt/gz_rendering_vendor:/opt/ros/jazzy/opt/gz_plugin_vendor:/opt/ros/jazzy/opt/gz_fuel_tools_vendor:/opt/ros/jazzy/opt/gz_msgs_vendor:/opt/ros/jazzy/opt/gz_common_vendor:/opt/ros/jazzy/opt/gz_math_vendor:/opt/ros/jazzy/opt/gz_utils_vendor:/opt/ros/jazzy/opt/gz_tools_vendor:/opt/ros/jazzy/opt/gz_ogre_next_vendor:/opt/ros/jazzy/opt/gz_dartsim_vendor:/opt/ros/jazzy/opt/gz_cmake_vendor PYTHONPATH=/mnt/c/Users/Administrator/Documents/SLAM/Autonomous-Robot-Mapping-Localization-with-ROS-2-and-SLAM-1/navbot/build/navbot_examples/prefix_override:/usr/lib/python3/dist-packages/colcon_core/task/python/colcon_distutils_commands:/mnt/c/Users/Administrator/Documents/SLAM/Autonomous-Robot-Mapping-Localization-with-ROS-2-and-SLAM-1/navbot/install/navbot_examples/lib/python3.12/site-packages:/mnt/c/Users/Administrator/Documents/SLAM/Autonomous-Robot-Mapping-Localization-with-ROS-2-and-SLAM-1/navbot/install/navbot_msgs/lib/python3.12/site-packages:/mnt/c/Users/Administrator/Documents/SLAM/Autonomous-Robot-Mapping-Localization-with-ROS-2-and-SLAM-1/navbot/install/navbot_utils/lib/python3.12/site-packages:/mnt/c/Users/Administrator/Documents/SLAM/Autonomous-Robot-Mapping-Localization-with-ROS-2-and-SLAM-1/navbot/install/navbot_examples/lib/python3.12/site-packages:/mnt/c/Users/Administrator/Documents/SLAM/Autonomous-Robot-Mapping-Localization-with-ROS-2-and-SLAM-1/navbot/install/navbot_localization/lib/python3.12/site-packages:/mnt/c/Users/Administrator/Documents/SLAM/Autonomous-Robot-Mapping-Localization-with-ROS-2-and-SLAM-1/navbot/install/navbot_controller/lib/python3.12/site-packages:/opt/ros/jazzy/lib/python3.12/site-packages /usr/bin/python3 -W ignore:setup.py install is deprecated -W ignore:easy_install command is deprecated setup.py egg_info --egg-base ../../build/navbot_examples build --build-base /mnt/c/Users/Administrator/Documents/SLAM/Autonomous-Robot-Mapping-Localization-with-ROS-2-and-SLAM-1/navbot/build/navbot_examples/build install --record /mnt/c/Users/Administrator/Documents/SLAM/Autonomous-Robot-Mapping-Localization-with-ROS-2-and-SLAM-1/navbot/build/navbot_examples/install.log --single-version-externally-managed install_data
[13.400s] Level 1:colcon.colcon_core.environment:checking '/mnt/c/Users/Administrator/Documents/SLAM/Autonomous-Robot-Mapping-Localization-with-ROS-2-and-SLAM-1/navbot/install/navbot_examples' for CMake module files
[13.473s] Level 1:colcon.colcon_core.environment:checking '/mnt/c/Users/Administrator/Documents/SLAM/Autonomous-Robot-Mapping-Localization-with-ROS-2-and-SLAM-1/navbot/install/navbot_examples' for CMake config files
[13.575s] Level 1:colcon.colcon_core.environment:checking '/mnt/c/Users/Administrator/Documents/SLAM/Autonomous-Robot-Mapping-Localization-with-ROS-2-and-SLAM-1/navbot/install/navbot_examples/lib'
[13.590s] Level 1:colcon.colcon_core.environment:checking '/mnt/c/Users/Administrator/Documents/SLAM/Autonomous-Robot-Mapping-Localization-with-ROS-2-and-SLAM-1/navbot/install/navbot_examples/bin'
[13.592s] Level 1:colcon.colcon_core.environment:checking '/mnt/c/Users/Administrator/Documents/SLAM/Autonomous-Robot-Mapping-Localization-with-ROS-2-and-SLAM-1/navbot/install/navbot_examples/lib/pkgconfig/navbot_examples.pc'
[13.594s] Level 1:colcon.colcon_core.environment:checking '/mnt/c/Users/Administrator/Documents/SLAM/Autonomous-Robot-Mapping-Localization-with-ROS-2-and-SLAM-1/navbot/install/navbot_examples/lib/python3.12/site-packages'
[13.597s] Level 1:colcon.colcon_core.shell:create_environment_hook('navbot_examples', 'pythonpath')
[13.598s] INFO:colcon.colcon_core.shell:Creating environment descriptor '/mnt/c/Users/Administrator/Documents/SLAM/Autonomous-Robot-Mapping-Localization-with-ROS-2-and-SLAM-1/navbot/install/navbot_examples/share/navbot_examples/hook/pythonpath.dsv'
[13.617s] INFO:colcon.colcon_core.shell:Creating environment hook '/mnt/c/Users/Administrator/Documents/SLAM/Autonomous-Robot-Mapping-Localization-with-ROS-2-and-SLAM-1/navbot/install/navbot_examples/share/navbot_examples/hook/pythonpath.sh'
[13.634s] Level 1:colcon.colcon_core.environment:checking '/mnt/c/Users/Administrator/Documents/SLAM/Autonomous-Robot-Mapping-Localization-with-ROS-2-and-SLAM-1/navbot/install/navbot_examples/bin'
[13.636s] Level 1:colcon.colcon_core.environment:create_environment_scripts_only(navbot_examples)
[13.637s] INFO:colcon.colcon_core.shell:Creating package descriptor '/mnt/c/Users/Administrator/Documents/SLAM/Autonomous-Robot-Mapping-Localization-with-ROS-2-and-SLAM-1/navbot/install/navbot_examples/share/navbot_examples/package.dsv'
[13.649s] INFO:colcon.colcon_core.shell:Creating package script '/mnt/c/Users/Administrator/Documents/SLAM/Autonomous-Robot-Mapping-Localization-with-ROS-2-and-SLAM-1/navbot/install/navbot_examples/share/navbot_examples/package.sh'
[13.661s] INFO:colcon.colcon_core.shell:Creating package script '/mnt/c/Users/Administrator/Documents/SLAM/Autonomous-Robot-Mapping-Localization-with-ROS-2-and-SLAM-1/navbot/install/navbot_examples/share/navbot_examples/package.bash'
[13.673s] INFO:colcon.colcon_core.shell:Creating package script '/mnt/c/Users/Administrator/Documents/SLAM/Autonomous-Robot-Mapping-Localization-with-ROS-2-and-SLAM-1/navbot/install/navbot_examples/share/navbot_examples/package.zsh'
[13.687s] Level 1:colcon.colcon_core.environment:create_file_with_runtime_dependencies(/mnt/c/Users/Administrator/Documents/SLAM/Autonomous-Robot-Mapping-Localization-with-ROS-2-and-SLAM-1/navbot/install/navbot_examples/share/colcon-core/packages/navbot_examples)
[13.703s] DEBUG:colcon.colcon_parallel_executor.executor.parallel:closing loop
[13.704s] DEBUG:colcon.colcon_parallel_executor.executor.parallel:loop closed
[13.704s] DEBUG:colcon.colcon_parallel_executor.executor.parallel:run_until_complete finished with '0'
[13.705s] DEBUG:colcon.colcon_core.event_reactor:joining thread
[13.899s] INFO:colcon.colcon_core.plugin_system:Skipping extension 'colcon_notification.desktop_notification.notify_send': Could not find 'notify-send'
[13.900s] INFO:colcon.colcon_core.plugin_system:Skipping extension 'colcon_notification.desktop_notification.terminal_notifier': Not used on non-Darwin systems
[13.900s] INFO:colcon.colcon_core.plugin_system:Skipping extension 'colcon_notification.desktop_notification.win32': Not used on non-Windows systems
[13.900s] INFO:colcon.colcon_notification.desktop_notification:Sending desktop notification using 'notify2'
[13.902s] DEBUG:colcon.colcon_notification.desktop_notification.notify2:Failed to initialize notify2: org.freedesktop.DBus.Error.ServiceUnknown: The name org.freedesktop.Notifications was not provided by any .service files
[13.903s] DEBUG:colcon.colcon_core.event_reactor:joined thread
[13.903s] INFO:colcon.colcon_core.shell:Creating prefix script '/mnt/c/Users/Administrator/Documents/SLAM/Autonomous-Robot-Mapping-Localization-with-ROS-2-and-SLAM-1/navbot/install/local_setup.sh'
[13.911s] INFO:colcon.colcon_core.shell:Creating prefix util module '/mnt/c/Users/Administrator/Documents/SLAM/Autonomous-Robot-Mapping-Localization-with-ROS-2-and-SLAM-1/navbot/install/_local_setup_util_sh.py'
[13.921s] INFO:colcon.colcon_core.shell:Creating prefix chain script '/mnt/c/Users/Administrator/Documents/SLAM/Autonomous-Robot-Mapping-Localization-with-ROS-2-and-SLAM-1/navbot/install/setup.sh'
[14.007s] INFO:colcon.colcon_core.shell:Creating prefix script '/mnt/c/Users/Administrator/Documents/SLAM/Autonomous-Robot-Mapping-Localization-with-ROS-2-and-SLAM-1/navbot/install/local_setup.bash'
[14.013s] INFO:colcon.colcon_core.shell:Creating prefix chain script '/mnt/c/Users/Administrator/Documents/SLAM/Autonomous-Robot-Mapping-Localization-with-ROS-2-and-SLAM-1/navbot/install/setup.bash'
[14.089s] INFO:colcon.colcon_core.shell:Creating prefix script '/mnt/c/Users/Administrator/Documents/SLAM/Autonomous-Robot-Mapping-Localization-with-ROS-2-and-SLAM-1/navbot/install/local_setup.zsh'
[14.097s] INFO:colcon.colcon_core.shell:Creating prefix chain script '/mnt/c/Users/Administrator/Documents/SLAM/Autonomous-Robot-Mapping-Localization-with-ROS-2-and-SLAM-1/navbot/install/setup.zsh'
