[1.346s] Invoking command in '/mnt/c/Users/Administrator/Documents/SLAM/Autonomous-Robot-Mapping-Localization-with-ROS-2-and-SLAM-1/navbot/build/navbot_cpp_examples': CMAKE_PREFIX_PATH=${CMAKE_PREFIX_PATH}:/mnt/c/Users/Administrator/Documents/SLAM/Autonomous-Robot-Mapping-Localization-with-ROS-2-and-SLAM-1/navbot/install/navbot_examples:/opt/ros/jazzy /usr/bin/cmake --build /mnt/c/Users/Administrator/Documents/SLAM/Autonomous-Robot-Mapping-Localization-with-ROS-2-and-SLAM-1/navbot/build/navbot_cpp_examples -- -j8 -l8
[3.358s] [ 50%] Built target simple_parameter
[3.359s] [100%] Built target simple_turtlesim_kinematics
[3.399s] Invoked command in '/mnt/c/Users/Administrator/Documents/SLAM/Autonomous-Robot-Mapping-Localization-with-ROS-2-and-SLAM-1/navbot/build/navbot_cpp_examples' returned '0': CMAKE_PREFIX_PATH=${CMAKE_PREFIX_PATH}:/mnt/c/Users/Administrator/Documents/SLAM/Autonomous-Robot-Mapping-Localization-with-ROS-2-and-SLAM-1/navbot/install/navbot_examples:/opt/ros/jazzy /usr/bin/cmake --build /mnt/c/Users/Administrator/Documents/SLAM/Autonomous-Robot-Mapping-Localization-with-ROS-2-and-SLAM-1/navbot/build/navbot_cpp_examples -- -j8 -l8
[3.430s] Invoking command in '/mnt/c/Users/Administrator/Documents/SLAM/Autonomous-Robot-Mapping-Localization-with-ROS-2-and-SLAM-1/navbot/build/navbot_cpp_examples': CMAKE_PREFIX_PATH=${CMAKE_PREFIX_PATH}:/mnt/c/Users/Administrator/Documents/SLAM/Autonomous-Robot-Mapping-Localization-with-ROS-2-and-SLAM-1/navbot/install/navbot_examples:/opt/ros/jazzy /usr/bin/cmake --install /mnt/c/Users/Administrator/Documents/SLAM/Autonomous-Robot-Mapping-Localization-with-ROS-2-and-SLAM-1/navbot/build/navbot_cpp_examples
[3.613s] -- Install configuration: ""
[3.619s] -- Up-to-date: /mnt/c/Users/Administrator/Documents/SLAM/Autonomous-Robot-Mapping-Localization-with-ROS-2-and-SLAM-1/navbot/install/navbot_cpp_examples/include/include
[3.623s] -- Up-to-date: /mnt/c/Users/Administrator/Documents/SLAM/Autonomous-Robot-Mapping-Localization-with-ROS-2-and-SLAM-1/navbot/install/navbot_cpp_examples/include/include/navbot_cpp_examples
[3.681s] -- Up-to-date: /mnt/c/Users/Administrator/Documents/SLAM/Autonomous-Robot-Mapping-Localization-with-ROS-2-and-SLAM-1/navbot/install/navbot_cpp_examples/include/include/navbot_cpp_examples/simple_turtle_kinematics.hpp
[3.850s] -- Up-to-date: /mnt/c/Users/Administrator/Documents/SLAM/Autonomous-Robot-Mapping-Localization-with-ROS-2-and-SLAM-1/navbot/install/navbot_cpp_examples/lib/navbot_cpp_examples/simple_parameter
[4.216s] -- Up-to-date: /mnt/c/Users/Administrator/Documents/SLAM/Autonomous-Robot-Mapping-Localization-with-ROS-2-and-SLAM-1/navbot/install/navbot_cpp_examples/lib/navbot_cpp_examples/simple_turtlesim_kinematics
[4.492s] -- Up-to-date: /mnt/c/Users/Administrator/Documents/SLAM/Autonomous-Robot-Mapping-Localization-with-ROS-2-and-SLAM-1/navbot/install/navbot_cpp_examples/share/ament_index/resource_index/package_run_dependencies/navbot_cpp_examples
[4.609s] -- Up-to-date: /mnt/c/Users/Administrator/Documents/SLAM/Autonomous-Robot-Mapping-Localization-with-ROS-2-and-SLAM-1/navbot/install/navbot_cpp_examples/share/ament_index/resource_index/parent_prefix_path/navbot_cpp_examples
[4.676s] -- Up-to-date: /mnt/c/Users/Administrator/Documents/SLAM/Autonomous-Robot-Mapping-Localization-with-ROS-2-and-SLAM-1/navbot/install/navbot_cpp_examples/share/navbot_cpp_examples/environment/ament_prefix_path.sh
[4.847s] -- Up-to-date: /mnt/c/Users/Administrator/Documents/SLAM/Autonomous-Robot-Mapping-Localization-with-ROS-2-and-SLAM-1/navbot/install/navbot_cpp_examples/share/navbot_cpp_examples/environment/ament_prefix_path.dsv
[4.900s] -- Up-to-date: /mnt/c/Users/Administrator/Documents/SLAM/Autonomous-Robot-Mapping-Localization-with-ROS-2-and-SLAM-1/navbot/install/navbot_cpp_examples/share/navbot_cpp_examples/environment/path.sh
[4.971s] -- Up-to-date: /mnt/c/Users/Administrator/Documents/SLAM/Autonomous-Robot-Mapping-Localization-with-ROS-2-and-SLAM-1/navbot/install/navbot_cpp_examples/share/navbot_cpp_examples/environment/path.dsv
[5.037s] -- Up-to-date: /mnt/c/Users/Administrator/Documents/SLAM/Autonomous-Robot-Mapping-Localization-with-ROS-2-and-SLAM-1/navbot/install/navbot_cpp_examples/share/navbot_cpp_examples/local_setup.bash
[5.120s] -- Up-to-date: /mnt/c/Users/Administrator/Documents/SLAM/Autonomous-Robot-Mapping-Localization-with-ROS-2-and-SLAM-1/navbot/install/navbot_cpp_examples/share/navbot_cpp_examples/local_setup.sh
[5.208s] -- Up-to-date: /mnt/c/Users/Administrator/Documents/SLAM/Autonomous-Robot-Mapping-Localization-with-ROS-2-and-SLAM-1/navbot/install/navbot_cpp_examples/share/navbot_cpp_examples/local_setup.zsh
[5.257s] -- Up-to-date: /mnt/c/Users/Administrator/Documents/SLAM/Autonomous-Robot-Mapping-Localization-with-ROS-2-and-SLAM-1/navbot/install/navbot_cpp_examples/share/navbot_cpp_examples/local_setup.dsv
[5.300s] -- Installing: /mnt/c/Users/Administrator/Documents/SLAM/Autonomous-Robot-Mapping-Localization-with-ROS-2-and-SLAM-1/navbot/install/navbot_cpp_examples/share/navbot_cpp_examples/package.dsv
[5.456s] -- Up-to-date: /mnt/c/Users/Administrator/Documents/SLAM/Autonomous-Robot-Mapping-Localization-with-ROS-2-and-SLAM-1/navbot/install/navbot_cpp_examples/share/ament_index/resource_index/packages/navbot_cpp_examples
[5.512s] -- Up-to-date: /mnt/c/Users/Administrator/Documents/SLAM/Autonomous-Robot-Mapping-Localization-with-ROS-2-and-SLAM-1/navbot/install/navbot_cpp_examples/share/navbot_cpp_examples/cmake/navbot_cpp_examplesConfig.cmake
[5.547s] -- Up-to-date: /mnt/c/Users/Administrator/Documents/SLAM/Autonomous-Robot-Mapping-Localization-with-ROS-2-and-SLAM-1/navbot/install/navbot_cpp_examples/share/navbot_cpp_examples/cmake/navbot_cpp_examplesConfig-version.cmake
[5.600s] -- Up-to-date: /mnt/c/Users/Administrator/Documents/SLAM/Autonomous-Robot-Mapping-Localization-with-ROS-2-and-SLAM-1/navbot/install/navbot_cpp_examples/share/navbot_cpp_examples/package.xml
[7.775s] Invoked command in '/mnt/c/Users/Administrator/Documents/SLAM/Autonomous-Robot-Mapping-Localization-with-ROS-2-and-SLAM-1/navbot/build/navbot_cpp_examples' returned '0': CMAKE_PREFIX_PATH=${CMAKE_PREFIX_PATH}:/mnt/c/Users/Administrator/Documents/SLAM/Autonomous-Robot-Mapping-Localization-with-ROS-2-and-SLAM-1/navbot/install/navbot_examples:/opt/ros/jazzy /usr/bin/cmake --install /mnt/c/Users/Administrator/Documents/SLAM/Autonomous-Robot-Mapping-Localization-with-ROS-2-and-SLAM-1/navbot/build/navbot_cpp_examples
