[01m[K/mnt/c/Users/Administrator/Documents/SLAM/Autonomous-Robot-Mapping-Localization-with-ROS-2-and-SLAM-1/navbot/src/navbot_controller/src/simple_controller.cpp:[m[K In constructor ‘[01m[KSimpleController::[01;32m[KSimpleController[m[K(const std::string&)[m[K’:
[01m[K/mnt/c/Users/Administrator/Documents/SLAM/Autonomous-Robot-Mapping-Localization-with-ROS-2-and-SLAM-1/navbot/src/navbot_controller/src/simple_controller.cpp:23:18:[m[K [01;31m[Kerror: [m[Kfunction template-id ‘[01m[Kcreate_subscription<sensor_msgs::msg::JointState>[m[K’ in nested-name-specifier
   23 |     joint_sub_ = [01;31m[Kcreate_subscription<sensor_msgs::msg::JointState>[m[K::("/joint_states", 10,
      |                  [01;31m[K^~~~~~~~~~~~~~~~~~~~~~~~~~~~~~~~~~~~~~~~~~~~~~~~~[m[K
In file included from [01m[K/opt/ros/jazzy/include/rclcpp/rclcpp/node.hpp:1663[m[K,
                 from [01m[K/opt/ros/jazzy/include/rclcpp/rclcpp/executors/single_threaded_executor.hpp:28[m[K,
                 from [01m[K/opt/ros/jazzy/include/rclcpp/rclcpp/executors.hpp:22[m[K,
                 from [01m[K/opt/ros/jazzy/include/rclcpp/rclcpp/rclcpp.hpp:172[m[K,
                 from [01m[K/mnt/c/Users/Administrator/Documents/SLAM/Autonomous-Robot-Mapping-Localization-with-ROS-2-and-SLAM-1/navbot/src/navbot_controller/include/simple_controller.hpp:4[m[K,
                 from [01m[K/mnt/c/Users/Administrator/Documents/SLAM/Autonomous-Robot-Mapping-Localization-with-ROS-2-and-SLAM-1/navbot/src/navbot_controller/src/simple_controller.cpp:1[m[K:
[01m[K/opt/ros/jazzy/include/rclcpp/rclcpp/node_impl.hpp:92:1:[m[K [01;36m[Knote: [m[K‘[01m[Ktemplate<class MessageT, class CallbackT, class AllocatorT, class SubscriptionT, class MessageMemoryStrategyT> std::shared_ptr<ROSMessageT> rclcpp::Node::[01;32m[Kcreate_subscription[m[K(const std::string&, const rclcpp::QoS&, CallbackT&&, const rclcpp::SubscriptionOptionsWithAllocator<AllocatorT>&, typename MessageMemoryStrategyT::SharedPtr)[m[K’ declared here
   92 | [01;36m[KNode[m[K::create_subscription(
      | [01;36m[K^~~~[m[K
[01m[K/mnt/c/Users/Administrator/Documents/SLAM/Autonomous-Robot-Mapping-Localization-with-ROS-2-and-SLAM-1/navbot/src/navbot_controller/src/simple_controller.cpp:23:69:[m[K [01;31m[Kerror: [m[Kexpected unqualified-id before ‘[01m[K([m[K’ token
   23 | nsor_msgs::msg::JointState>::[01;31m[K([m[K"/joint_states", 10,
      |                              [01;31m[K^[m[K

[01m[K/mnt/c/Users/Administrator/Documents/SLAM/Autonomous-Robot-Mapping-Localization-with-ROS-2-and-SLAM-1/navbot/src/navbot_controller/src/simple_controller.cpp:24:37:[m[K [01;31m[Kerror: [m[Kinvalid use of non-static member function ‘[01m[Kvoid SimpleController::[01;32m[KjointCallback[m[K(const sensor_msgs::msg::JointState&)[m[K’
   24 |  std::bind([01;31m[KSimpleController::jointCallback[m[K, this, _1));
      |            [01;31m[K~~~~~~~~~~~~~~~~~~^~~~~~~~~~~~~[m[K

[01m[K/mnt/c/Users/Administrator/Documents/SLAM/Autonomous-Robot-Mapping-Localization-with-ROS-2-and-SLAM-1/navbot/src/navbot_controller/include/simple_controller.hpp:18:10:[m[K [01;36m[Knote: [m[Kdeclared here
   18 |     void [01;36m[KjointCallback[m[K(const sensor_msgs::msg::JointState & msg);
      |          [01;36m[K^~~~~~~~~~~~~[m[K
[01m[K/mnt/c/Users/Administrator/Documents/SLAM/Autonomous-Robot-Mapping-Localization-with-ROS-2-and-SLAM-1/navbot/src/navbot_controller/src/simple_controller.cpp:[m[K In member function ‘[01m[Kvoid SimpleController::[01;32m[KjointCallback[m[K(const sensor_msgs::msg::JointState&)[m[K’:
[01m[K/mnt/c/Users/Administrator/Documents/SLAM/Autonomous-Robot-Mapping-Localization-with-ROS-2-and-SLAM-1/navbot/src/navbot_controller/src/simple_controller.cpp:66:1:[m[K [01;31m[Kerror: [m[Kexpected ‘[01m[K;[m[K’ before ‘[01m[K}[m[K’ token
   66 | [01;31m[K}[m[K
      | [01;31m[K^[m[K
gmake[2]: *** [CMakeFiles/simple_controller.dir/build.make:76: CMakeFiles/simple_controller.dir/src/simple_controller.cpp.o] Error 1
gmake[1]: *** [CMakeFiles/Makefile2:142: CMakeFiles/simple_controller.dir/all] Error 2
gmake: *** [Makefile:146: all] Error 2
