[1.519s] Invoking command in '/mnt/c/Users/Administrator/Documents/SLAM/Autonomous-Robot-Mapping-Localization-with-ROS-2-and-SLAM-1/navbot/build/navbot_bringup': CMAKE_PREFIX_PATH=${CMAKE_PREFIX_PATH}:/mnt/c/Users/Administrator/Documents/SLAM/Autonomous-Robot-Mapping-Localization-with-ROS-2-and-SLAM-1/navbot/install/navbot_examples:/opt/ros/jazzy /usr/bin/cmake --build /mnt/c/Users/Administrator/Documents/SLAM/Autonomous-Robot-Mapping-Localization-with-ROS-2-and-SLAM-1/navbot/build/navbot_bringup -- -j8 -l8
[2.239s] Invoked command in '/mnt/c/Users/Administrator/Documents/SLAM/Autonomous-Robot-Mapping-Localization-with-ROS-2-and-SLAM-1/navbot/build/navbot_bringup' returned '0': CMAKE_PREFIX_PATH=${CMAKE_PREFIX_PATH}:/mnt/c/Users/Administrator/Documents/SLAM/Autonomous-Robot-Mapping-Localization-with-ROS-2-and-SLAM-1/navbot/install/navbot_examples:/opt/ros/jazzy /usr/bin/cmake --build /mnt/c/Users/Administrator/Documents/SLAM/Autonomous-Robot-Mapping-Localization-with-ROS-2-and-SLAM-1/navbot/build/navbot_bringup -- -j8 -l8
[2.401s] Invoking command in '/mnt/c/Users/Administrator/Documents/SLAM/Autonomous-Robot-Mapping-Localization-with-ROS-2-and-SLAM-1/navbot/build/navbot_bringup': CMAKE_PREFIX_PATH=${CMAKE_PREFIX_PATH}:/mnt/c/Users/Administrator/Documents/SLAM/Autonomous-Robot-Mapping-Localization-with-ROS-2-and-SLAM-1/navbot/install/navbot_examples:/opt/ros/jazzy /usr/bin/cmake --install /mnt/c/Users/Administrator/Documents/SLAM/Autonomous-Robot-Mapping-Localization-with-ROS-2-and-SLAM-1/navbot/build/navbot_bringup
[2.519s] -- Install configuration: ""
[2.646s] -- Up-to-date: /mnt/c/Users/Administrator/Documents/SLAM/Autonomous-Robot-Mapping-Localization-with-ROS-2-and-SLAM-1/navbot/install/navbot_bringup/share/ament_index/resource_index/package_run_dependencies/navbot_bringup
[2.804s] -- Up-to-date: /mnt/c/Users/Administrator/Documents/SLAM/Autonomous-Robot-Mapping-Localization-with-ROS-2-and-SLAM-1/navbot/install/navbot_bringup/share/ament_index/resource_index/parent_prefix_path/navbot_bringup
[2.920s] -- Up-to-date: /mnt/c/Users/Administrator/Documents/SLAM/Autonomous-Robot-Mapping-Localization-with-ROS-2-and-SLAM-1/navbot/install/navbot_bringup/share/navbot_bringup/environment/ament_prefix_path.sh
[3.064s] -- Up-to-date: /mnt/c/Users/Administrator/Documents/SLAM/Autonomous-Robot-Mapping-Localization-with-ROS-2-and-SLAM-1/navbot/install/navbot_bringup/share/navbot_bringup/environment/ament_prefix_path.dsv
[3.143s] -- Up-to-date: /mnt/c/Users/Administrator/Documents/SLAM/Autonomous-Robot-Mapping-Localization-with-ROS-2-and-SLAM-1/navbot/install/navbot_bringup/share/navbot_bringup/environment/path.sh
[3.244s] -- Up-to-date: /mnt/c/Users/Administrator/Documents/SLAM/Autonomous-Robot-Mapping-Localization-with-ROS-2-and-SLAM-1/navbot/install/navbot_bringup/share/navbot_bringup/environment/path.dsv
[3.329s] -- Up-to-date: /mnt/c/Users/Administrator/Documents/SLAM/Autonomous-Robot-Mapping-Localization-with-ROS-2-and-SLAM-1/navbot/install/navbot_bringup/share/navbot_bringup/local_setup.bash
[3.403s] -- Up-to-date: /mnt/c/Users/Administrator/Documents/SLAM/Autonomous-Robot-Mapping-Localization-with-ROS-2-and-SLAM-1/navbot/install/navbot_bringup/share/navbot_bringup/local_setup.sh
[3.485s] -- Up-to-date: /mnt/c/Users/Administrator/Documents/SLAM/Autonomous-Robot-Mapping-Localization-with-ROS-2-and-SLAM-1/navbot/install/navbot_bringup/share/navbot_bringup/local_setup.zsh
[3.548s] -- Up-to-date: /mnt/c/Users/Administrator/Documents/SLAM/Autonomous-Robot-Mapping-Localization-with-ROS-2-and-SLAM-1/navbot/install/navbot_bringup/share/navbot_bringup/local_setup.dsv
[3.621s] -- Installing: /mnt/c/Users/Administrator/Documents/SLAM/Autonomous-Robot-Mapping-Localization-with-ROS-2-and-SLAM-1/navbot/install/navbot_bringup/share/navbot_bringup/package.dsv
[3.872s] -- Up-to-date: /mnt/c/Users/Administrator/Documents/SLAM/Autonomous-Robot-Mapping-Localization-with-ROS-2-and-SLAM-1/navbot/install/navbot_bringup/share/ament_index/resource_index/packages/navbot_bringup
[3.933s] -- Up-to-date: /mnt/c/Users/Administrator/Documents/SLAM/Autonomous-Robot-Mapping-Localization-with-ROS-2-and-SLAM-1/navbot/install/navbot_bringup/share/navbot_bringup/cmake/navbot_bringupConfig.cmake
[3.985s] -- Up-to-date: /mnt/c/Users/Administrator/Documents/SLAM/Autonomous-Robot-Mapping-Localization-with-ROS-2-and-SLAM-1/navbot/install/navbot_bringup/share/navbot_bringup/cmake/navbot_bringupConfig-version.cmake
[4.038s] -- Up-to-date: /mnt/c/Users/Administrator/Documents/SLAM/Autonomous-Robot-Mapping-Localization-with-ROS-2-and-SLAM-1/navbot/install/navbot_bringup/share/navbot_bringup/package.xml
[4.117s] Invoked command in '/mnt/c/Users/Administrator/Documents/SLAM/Autonomous-Robot-Mapping-Localization-with-ROS-2-and-SLAM-1/navbot/build/navbot_bringup' returned '0': CMAKE_PREFIX_PATH=${CMAKE_PREFIX_PATH}:/mnt/c/Users/Administrator/Documents/SLAM/Autonomous-Robot-Mapping-Localization-with-ROS-2-and-SLAM-1/navbot/install/navbot_examples:/opt/ros/jazzy /usr/bin/cmake --install /mnt/c/Users/Administrator/Documents/SLAM/Autonomous-Robot-Mapping-Localization-with-ROS-2-and-SLAM-1/navbot/build/navbot_bringup
