[9.475s] Invoking command in '/mnt/c/Users/Administrator/Documents/SLAM/Autonomous-Robot-Mapping-Localization-with-ROS-2-and-SLAM-1/navbot/src/navbot_examples': PYTHONPATH=/mnt/c/Users/Administrator/Documents/SLAM/Autonomous-Robot-Mapping-Localization-with-ROS-2-and-SLAM-1/navbot/build/navbot_examples/prefix_override:/usr/lib/python3/dist-packages/colcon_core/task/python/colcon_distutils_commands:/mnt/c/Users/Administrator/Documents/SLAM/Autonomous-Robot-Mapping-Localization-with-ROS-2-and-SLAM-1/navbot/install/navbot_examples/lib/python3.12/site-packages:${PYTHONPATH} /usr/bin/python3 -W ignore:setup.py install is deprecated -W ignore:easy_install command is deprecated setup.py egg_info --egg-base ../../build/navbot_examples build --build-base /mnt/c/Users/Administrator/Documents/SLAM/Autonomous-Robot-Mapping-Localization-with-ROS-2-and-SLAM-1/navbot/build/navbot_examples/build install --record /mnt/c/Users/Administrator/Documents/SLAM/Autonomous-Robot-Mapping-Localization-with-ROS-2-and-SLAM-1/navbot/build/navbot_examples/install.log --single-version-externally-managed install_data
[11.419s] running egg_info
[11.491s] writing ../../build/navbot_examples/navbot_examples.egg-info/PKG-INFO
[11.499s] writing dependency_links to ../../build/navbot_examples/navbot_examples.egg-info/dependency_links.txt
[11.505s] writing entry points to ../../build/navbot_examples/navbot_examples.egg-info/entry_points.txt
[11.511s] writing requirements to ../../build/navbot_examples/navbot_examples.egg-info/requires.txt
[11.515s] writing top-level names to ../../build/navbot_examples/navbot_examples.egg-info/top_level.txt
[11.729s] reading manifest file '../../build/navbot_examples/navbot_examples.egg-info/SOURCES.txt'
[11.830s] writing manifest file '../../build/navbot_examples/navbot_examples.egg-info/SOURCES.txt'
[11.833s] running build
[11.835s] running build_py
[11.873s] copying navbot_examples/simple_tf_kinematics.py -> /mnt/c/Users/Administrator/Documents/SLAM/Autonomous-Robot-Mapping-Localization-with-ROS-2-and-SLAM-1/navbot/build/navbot_examples/build/lib/navbot_examples
[11.977s] running install
[11.996s] running install_lib
[12.127s] copying /mnt/c/Users/Administrator/Documents/SLAM/Autonomous-Robot-Mapping-Localization-with-ROS-2-and-SLAM-1/navbot/build/navbot_examples/build/lib/navbot_examples/simple_tf_kinematics.py -> /mnt/c/Users/Administrator/Documents/SLAM/Autonomous-Robot-Mapping-Localization-with-ROS-2-and-SLAM-1/navbot/install/navbot_examples/lib/python3.12/site-packages/navbot_examples
[12.320s] byte-compiling /mnt/c/Users/Administrator/Documents/SLAM/Autonomous-Robot-Mapping-Localization-with-ROS-2-and-SLAM-1/navbot/install/navbot_examples/lib/python3.12/site-packages/navbot_examples/simple_tf_kinematics.py to simple_tf_kinematics.cpython-312.pyc
[12.450s] running install_data
[12.482s] running install_egg_info
[12.565s] removing '/mnt/c/Users/Administrator/Documents/SLAM/Autonomous-Robot-Mapping-Localization-with-ROS-2-and-SLAM-1/navbot/install/navbot_examples/lib/python3.12/site-packages/navbot_examples-0.0.0-py3.12.egg-info' (and everything under it)
[12.627s] Copying ../../build/navbot_examples/navbot_examples.egg-info to /mnt/c/Users/Administrator/Documents/SLAM/Autonomous-Robot-Mapping-Localization-with-ROS-2-and-SLAM-1/navbot/install/navbot_examples/lib/python3.12/site-packages/navbot_examples-0.0.0-py3.12.egg-info
[12.942s] running install_scripts
[13.832s] Installing simple_parameter script to /mnt/c/Users/Administrator/Documents/SLAM/Autonomous-Robot-Mapping-Localization-with-ROS-2-and-SLAM-1/navbot/install/navbot_examples/lib/navbot_examples
[13.845s] Installing simple_tf_kinematics script to /mnt/c/Users/Administrator/Documents/SLAM/Autonomous-Robot-Mapping-Localization-with-ROS-2-and-SLAM-1/navbot/install/navbot_examples/lib/navbot_examples
[13.858s] Installing simple_turtlesim_kinematics script to /mnt/c/Users/Administrator/Documents/SLAM/Autonomous-Robot-Mapping-Localization-with-ROS-2-and-SLAM-1/navbot/install/navbot_examples/lib/navbot_examples
[13.872s] Installing valen_pub script to /mnt/c/Users/Administrator/Documents/SLAM/Autonomous-Robot-Mapping-Localization-with-ROS-2-and-SLAM-1/navbot/install/navbot_examples/lib/navbot_examples
[13.891s] Installing valen_subscribing script to /mnt/c/Users/Administrator/Documents/SLAM/Autonomous-Robot-Mapping-Localization-with-ROS-2-and-SLAM-1/navbot/install/navbot_examples/lib/navbot_examples
[13.910s] writing list of installed files to '/mnt/c/Users/Administrator/Documents/SLAM/Autonomous-Robot-Mapping-Localization-with-ROS-2-and-SLAM-1/navbot/build/navbot_examples/install.log'
[14.314s] Invoked command in '/mnt/c/Users/Administrator/Documents/SLAM/Autonomous-Robot-Mapping-Localization-with-ROS-2-and-SLAM-1/navbot/src/navbot_examples' returned '0': PYTHONPATH=/mnt/c/Users/Administrator/Documents/SLAM/Autonomous-Robot-Mapping-Localization-with-ROS-2-and-SLAM-1/navbot/build/navbot_examples/prefix_override:/usr/lib/python3/dist-packages/colcon_core/task/python/colcon_distutils_commands:/mnt/c/Users/Administrator/Documents/SLAM/Autonomous-Robot-Mapping-Localization-with-ROS-2-and-SLAM-1/navbot/install/navbot_examples/lib/python3.12/site-packages:${PYTHONPATH} /usr/bin/python3 -W ignore:setup.py install is deprecated -W ignore:easy_install command is deprecated setup.py egg_info --egg-base ../../build/navbot_examples build --build-base /mnt/c/Users/Administrator/Documents/SLAM/Autonomous-Robot-Mapping-Localization-with-ROS-2-and-SLAM-1/navbot/build/navbot_examples/build install --record /mnt/c/Users/Administrator/Documents/SLAM/Autonomous-Robot-Mapping-Localization-with-ROS-2-and-SLAM-1/navbot/build/navbot_examples/install.log --single-version-externally-managed install_data
