[  2%] Built target navbot_msgs__rosidl_generator_type_description
[  4%] Built target navbot_msgs__cpp
[ 22%] Built target navbot_msgs__rosidl_generator_c
[ 22%] Built target ament_cmake_python_copy_navbot_msgs
[ 38%] Built target navbot_msgs__rosidl_typesupport_c
[ 40%] Built target navbot_msgs__rosidl_typesupport_cpp
[ 50%] Built target navbot_msgs__rosidl_typesupport_introspection_c
[ 59%] Built target navbot_msgs__rosidl_typesupport_introspection_cpp
[ 68%] Built target navbot_msgs__rosidl_typesupport_fastrtps_c
[ 77%] Built target navbot_msgs__rosidl_typesupport_fastrtps_cpp
[ 77%] Built target navbot_msgs
[ 79%] Built target navbot_msgs__py
[ 86%] Built target navbot_msgs__rosidl_generator_py
[ 95%] Built target navbot_msgs_s__rosidl_typesupport_c
[ 95%] Built target navbot_msgs_s__rosidl_typesupport_fastrtps_c
[100%] Built target navbot_msgs_s__rosidl_typesupport_introspection_c
running egg_info
writing navbot_msgs.egg-info/PKG-INFO
writing dependency_links to navbot_msgs.egg-info/dependency_links.txt
writing top-level names to navbot_msgs.egg-info/top_level.txt
reading manifest file 'navbot_msgs.egg-info/SOURCES.txt'
writing manifest file 'navbot_msgs.egg-info/SOURCES.txt'
[100%] Built target ament_cmake_python_build_navbot_msgs_egg
