[0.231s] DEBUG:colcon:Command line arguments: ['/usr/bin/colcon', 'build', '--packages-select', 'navbot_controller']
[0.232s] DEBUG:colcon:Parsed command line arguments: Namespace(log_base=None, log_level=None, verb_name='build', build_base='build', install_base='install', merge_install=False, symlink_install=False, test_result_base=None, continue_on_error=False, executor='parallel', parallel_workers=8, event_handlers=None, ignore_user_meta=False, metas=['./colcon.meta'], base_paths=['.'], packages_ignore=None, packages_ignore_regex=None, paths=None, packages_up_to=None, packages_up_to_regex=None, packages_above=None, packages_above_and_dependencies=None, packages_above_depth=None, packages_select_by_dep=None, packages_skip_by_dep=None, packages_skip_up_to=None, packages_select_build_failed=False, packages_skip_build_finished=False, packages_select_test_failures=False, packages_skip_test_passed=False, packages_select=['navbot_controller'], packages_skip=None, packages_select_regex=None, packages_skip_regex=None, packages_start=None, packages_end=None, cmake_args=None, cmake_target=None, cmake_target_skip_unavailable=False, cmake_clean_cache=False, cmake_clean_first=False, cmake_force_configure=False, ament_cmake_args=None, catkin_cmake_args=None, catkin_skip_building_tests=False, verb_parser=<colcon_defaults.argument_parser.defaults.DefaultArgumentsDecorator object at 0x714eb7902420>, verb_extension=<colcon_core.verb.build.BuildVerb object at 0x714eb7902090>, main=<bound method BuildVerb.main of <colcon_core.verb.build.BuildVerb object at 0x714eb7902090>>)
[0.297s] Level 1:colcon.colcon_core.package_discovery:discover_packages(colcon_meta) check parameters
[0.298s] Level 1:colcon.colcon_core.package_discovery:discover_packages(recursive) check parameters
[0.299s] Level 1:colcon.colcon_core.package_discovery:discover_packages(ignore) check parameters
[0.299s] Level 1:colcon.colcon_core.package_discovery:discover_packages(path) check parameters
[0.300s] Level 1:colcon.colcon_core.package_discovery:discover_packages(colcon_meta) discover
[0.300s] Level 1:colcon.colcon_core.package_discovery:discover_packages(recursive) discover
[0.301s] INFO:colcon.colcon_core.package_discovery:Crawling recursively for packages in '/mnt/c/Users/Administrator/Documents/SLAM/Autonomous-Robot-Mapping-Localization-with-ROS-2-and-SLAM-1/navbot'
[0.304s] Level 1:colcon.colcon_core.package_identification:_identify(.) by extensions ['ignore', 'ignore_ament_install']
[0.304s] Level 1:colcon.colcon_core.package_identification:_identify(.) by extension 'ignore'
[0.305s] Level 1:colcon.colcon_core.package_identification:_identify(.) by extension 'ignore_ament_install'
[0.306s] Level 1:colcon.colcon_core.package_identification:_identify(.) by extensions ['colcon_pkg']
[0.307s] Level 1:colcon.colcon_core.package_identification:_identify(.) by extension 'colcon_pkg'
[0.308s] Level 1:colcon.colcon_core.package_identification:_identify(.) by extensions ['colcon_meta']
[0.308s] Level 1:colcon.colcon_core.package_identification:_identify(.) by extension 'colcon_meta'
[0.309s] Level 1:colcon.colcon_core.package_identification:_identify(.) by extensions ['ros']
[0.309s] Level 1:colcon.colcon_core.package_identification:_identify(.) by extension 'ros'
[0.354s] Level 1:colcon.colcon_core.package_identification:_identify(.) by extensions ['cmake', 'python']
[0.354s] Level 1:colcon.colcon_core.package_identification:_identify(.) by extension 'cmake'
[0.355s] Level 1:colcon.colcon_core.package_identification:_identify(.) by extension 'python'
[0.357s] Level 1:colcon.colcon_core.package_identification:_identify(.) by extensions ['python_setup_py']
[0.357s] Level 1:colcon.colcon_core.package_identification:_identify(.) by extension 'python_setup_py'
[0.363s] Level 1:colcon.colcon_core.package_identification:_identify(build) by extensions ['ignore', 'ignore_ament_install']
[0.363s] Level 1:colcon.colcon_core.package_identification:_identify(build) by extension 'ignore'
[0.365s] Level 1:colcon.colcon_core.package_identification:_identify(build) ignored
[0.368s] Level 1:colcon.colcon_core.package_identification:_identify(install) by extensions ['ignore', 'ignore_ament_install']
[0.368s] Level 1:colcon.colcon_core.package_identification:_identify(install) by extension 'ignore'
[0.370s] Level 1:colcon.colcon_core.package_identification:_identify(install) ignored
[0.376s] Level 1:colcon.colcon_core.package_identification:_identify(log) by extensions ['ignore', 'ignore_ament_install']
[0.377s] Level 1:colcon.colcon_core.package_identification:_identify(log) by extension 'ignore'
[0.378s] Level 1:colcon.colcon_core.package_identification:_identify(log) ignored
[0.381s] Level 1:colcon.colcon_core.package_identification:_identify(src) by extensions ['ignore', 'ignore_ament_install']
[0.381s] Level 1:colcon.colcon_core.package_identification:_identify(src) by extension 'ignore'
[0.382s] Level 1:colcon.colcon_core.package_identification:_identify(src) by extension 'ignore_ament_install'
[0.384s] Level 1:colcon.colcon_core.package_identification:_identify(src) by extensions ['colcon_pkg']
[0.384s] Level 1:colcon.colcon_core.package_identification:_identify(src) by extension 'colcon_pkg'
[0.384s] Level 1:colcon.colcon_core.package_identification:_identify(src) by extensions ['colcon_meta']
[0.385s] Level 1:colcon.colcon_core.package_identification:_identify(src) by extension 'colcon_meta'
[0.386s] Level 1:colcon.colcon_core.package_identification:_identify(src) by extensions ['ros']
[0.386s] Level 1:colcon.colcon_core.package_identification:_identify(src) by extension 'ros'
[0.391s] Level 1:colcon.colcon_core.package_identification:_identify(src) by extensions ['cmake', 'python']
[0.392s] Level 1:colcon.colcon_core.package_identification:_identify(src) by extension 'cmake'
[0.393s] Level 1:colcon.colcon_core.package_identification:_identify(src) by extension 'python'
[0.394s] Level 1:colcon.colcon_core.package_identification:_identify(src) by extensions ['python_setup_py']
[0.395s] Level 1:colcon.colcon_core.package_identification:_identify(src) by extension 'python_setup_py'
[0.400s] Level 1:colcon.colcon_core.package_identification:_identify(src/navbot_bringup) by extensions ['ignore', 'ignore_ament_install']
[0.401s] Level 1:colcon.colcon_core.package_identification:_identify(src/navbot_bringup) by extension 'ignore'
[0.402s] Level 1:colcon.colcon_core.package_identification:_identify(src/navbot_bringup) by extension 'ignore_ament_install'
[0.406s] Level 1:colcon.colcon_core.package_identification:_identify(src/navbot_bringup) by extensions ['colcon_pkg']
[0.407s] Level 1:colcon.colcon_core.package_identification:_identify(src/navbot_bringup) by extension 'colcon_pkg'
[0.409s] Level 1:colcon.colcon_core.package_identification:_identify(src/navbot_bringup) by extensions ['colcon_meta']
[0.409s] Level 1:colcon.colcon_core.package_identification:_identify(src/navbot_bringup) by extension 'colcon_meta'
[0.412s] Level 1:colcon.colcon_core.package_identification:_identify(src/navbot_bringup) by extensions ['ros']
[0.413s] Level 1:colcon.colcon_core.package_identification:_identify(src/navbot_bringup) by extension 'ros'
[0.432s] DEBUG:colcon.colcon_core.package_identification:Package 'src/navbot_bringup' with type 'ros.ament_cmake' and name 'navbot_bringup'
[0.439s] Level 1:colcon.colcon_core.package_identification:_identify(src/navbot_controller) by extensions ['ignore', 'ignore_ament_install']
[0.440s] Level 1:colcon.colcon_core.package_identification:_identify(src/navbot_controller) by extension 'ignore'
[0.442s] Level 1:colcon.colcon_core.package_identification:_identify(src/navbot_controller) by extension 'ignore_ament_install'
[0.446s] Level 1:colcon.colcon_core.package_identification:_identify(src/navbot_controller) by extensions ['colcon_pkg']
[0.447s] Level 1:colcon.colcon_core.package_identification:_identify(src/navbot_controller) by extension 'colcon_pkg'
[0.449s] Level 1:colcon.colcon_core.package_identification:_identify(src/navbot_controller) by extensions ['colcon_meta']
[0.449s] Level 1:colcon.colcon_core.package_identification:_identify(src/navbot_controller) by extension 'colcon_meta'
[0.452s] Level 1:colcon.colcon_core.package_identification:_identify(src/navbot_controller) by extensions ['ros']
[0.453s] Level 1:colcon.colcon_core.package_identification:_identify(src/navbot_controller) by extension 'ros'
[0.471s] DEBUG:colcon.colcon_core.package_identification:Package 'src/navbot_controller' with type 'ros.ament_cmake' and name 'navbot_controller'
[0.475s] Level 1:colcon.colcon_core.package_identification:_identify(src/navbot_cpp_examples) by extensions ['ignore', 'ignore_ament_install']
[0.476s] Level 1:colcon.colcon_core.package_identification:_identify(src/navbot_cpp_examples) by extension 'ignore'
[0.478s] Level 1:colcon.colcon_core.package_identification:_identify(src/navbot_cpp_examples) by extension 'ignore_ament_install'
[0.483s] Level 1:colcon.colcon_core.package_identification:_identify(src/navbot_cpp_examples) by extensions ['colcon_pkg']
[0.483s] Level 1:colcon.colcon_core.package_identification:_identify(src/navbot_cpp_examples) by extension 'colcon_pkg'
[0.485s] Level 1:colcon.colcon_core.package_identification:_identify(src/navbot_cpp_examples) by extensions ['colcon_meta']
[0.486s] Level 1:colcon.colcon_core.package_identification:_identify(src/navbot_cpp_examples) by extension 'colcon_meta'
[0.489s] Level 1:colcon.colcon_core.package_identification:_identify(src/navbot_cpp_examples) by extensions ['ros']
[0.490s] Level 1:colcon.colcon_core.package_identification:_identify(src/navbot_cpp_examples) by extension 'ros'
[0.510s] DEBUG:colcon.colcon_core.package_identification:Package 'src/navbot_cpp_examples' with type 'ros.ament_cmake' and name 'navbot_cpp_examples'
[0.516s] Level 1:colcon.colcon_core.package_identification:_identify(src/navbot_descriptions) by extensions ['ignore', 'ignore_ament_install']
[0.517s] Level 1:colcon.colcon_core.package_identification:_identify(src/navbot_descriptions) by extension 'ignore'
[0.521s] Level 1:colcon.colcon_core.package_identification:_identify(src/navbot_descriptions) by extension 'ignore_ament_install'
[0.527s] Level 1:colcon.colcon_core.package_identification:_identify(src/navbot_descriptions) by extensions ['colcon_pkg']
[0.527s] Level 1:colcon.colcon_core.package_identification:_identify(src/navbot_descriptions) by extension 'colcon_pkg'
[0.529s] Level 1:colcon.colcon_core.package_identification:_identify(src/navbot_descriptions) by extensions ['colcon_meta']
[0.529s] Level 1:colcon.colcon_core.package_identification:_identify(src/navbot_descriptions) by extension 'colcon_meta'
[0.531s] Level 1:colcon.colcon_core.package_identification:_identify(src/navbot_descriptions) by extensions ['ros']
[0.532s] Level 1:colcon.colcon_core.package_identification:_identify(src/navbot_descriptions) by extension 'ros'
[0.551s] DEBUG:colcon.colcon_core.package_identification:Package 'src/navbot_descriptions' with type 'ros.ament_cmake' and name 'navbot_descriptions'
[0.556s] Level 1:colcon.colcon_core.package_identification:_identify(src/navbot_examples) by extensions ['ignore', 'ignore_ament_install']
[0.556s] Level 1:colcon.colcon_core.package_identification:_identify(src/navbot_examples) by extension 'ignore'
[0.557s] Level 1:colcon.colcon_core.package_identification:_identify(src/navbot_examples) by extension 'ignore_ament_install'
[0.560s] Level 1:colcon.colcon_core.package_identification:_identify(src/navbot_examples) by extensions ['colcon_pkg']
[0.560s] Level 1:colcon.colcon_core.package_identification:_identify(src/navbot_examples) by extension 'colcon_pkg'
[0.561s] Level 1:colcon.colcon_core.package_identification:_identify(src/navbot_examples) by extensions ['colcon_meta']
[0.561s] Level 1:colcon.colcon_core.package_identification:_identify(src/navbot_examples) by extension 'colcon_meta'
[0.563s] Level 1:colcon.colcon_core.package_identification:_identify(src/navbot_examples) by extensions ['ros']
[0.564s] Level 1:colcon.colcon_core.package_identification:_identify(src/navbot_examples) by extension 'ros'
[0.580s] DEBUG:colcon.colcon_core.package_identification:Package 'src/navbot_examples' with type 'ros.ament_python' and name 'navbot_examples'
[0.590s] Level 1:colcon.colcon_core.package_identification:_identify(src/navbot_firmware) by extensions ['ignore', 'ignore_ament_install']
[0.591s] Level 1:colcon.colcon_core.package_identification:_identify(src/navbot_firmware) by extension 'ignore'
[0.592s] Level 1:colcon.colcon_core.package_identification:_identify(src/navbot_firmware) by extension 'ignore_ament_install'
[0.596s] Level 1:colcon.colcon_core.package_identification:_identify(src/navbot_firmware) by extensions ['colcon_pkg']
[0.596s] Level 1:colcon.colcon_core.package_identification:_identify(src/navbot_firmware) by extension 'colcon_pkg'
[0.598s] Level 1:colcon.colcon_core.package_identification:_identify(src/navbot_firmware) by extensions ['colcon_meta']
[0.599s] Level 1:colcon.colcon_core.package_identification:_identify(src/navbot_firmware) by extension 'colcon_meta'
[0.601s] Level 1:colcon.colcon_core.package_identification:_identify(src/navbot_firmware) by extensions ['ros']
[0.602s] Level 1:colcon.colcon_core.package_identification:_identify(src/navbot_firmware) by extension 'ros'
[0.620s] DEBUG:colcon.colcon_core.package_identification:Package 'src/navbot_firmware' with type 'ros.ament_cmake' and name 'navbot_firmware'
[0.624s] Level 1:colcon.colcon_core.package_identification:_identify(src/navbot_localization) by extensions ['ignore', 'ignore_ament_install']
[0.625s] Level 1:colcon.colcon_core.package_identification:_identify(src/navbot_localization) by extension 'ignore'
[0.627s] Level 1:colcon.colcon_core.package_identification:_identify(src/navbot_localization) by extension 'ignore_ament_install'
[0.631s] Level 1:colcon.colcon_core.package_identification:_identify(src/navbot_localization) by extensions ['colcon_pkg']
[0.631s] Level 1:colcon.colcon_core.package_identification:_identify(src/navbot_localization) by extension 'colcon_pkg'
[0.634s] Level 1:colcon.colcon_core.package_identification:_identify(src/navbot_localization) by extensions ['colcon_meta']
[0.634s] Level 1:colcon.colcon_core.package_identification:_identify(src/navbot_localization) by extension 'colcon_meta'
[0.636s] Level 1:colcon.colcon_core.package_identification:_identify(src/navbot_localization) by extensions ['ros']
[0.637s] Level 1:colcon.colcon_core.package_identification:_identify(src/navbot_localization) by extension 'ros'
[0.651s] DEBUG:colcon.colcon_core.package_identification:Package 'src/navbot_localization' with type 'ros.ament_cmake' and name 'navbot_localization'
[0.656s] Level 1:colcon.colcon_core.package_identification:_identify(src/navbot_msgs) by extensions ['ignore', 'ignore_ament_install']
[0.656s] Level 1:colcon.colcon_core.package_identification:_identify(src/navbot_msgs) by extension 'ignore'
[0.657s] Level 1:colcon.colcon_core.package_identification:_identify(src/navbot_msgs) by extension 'ignore_ament_install'
[0.660s] Level 1:colcon.colcon_core.package_identification:_identify(src/navbot_msgs) by extensions ['colcon_pkg']
[0.661s] Level 1:colcon.colcon_core.package_identification:_identify(src/navbot_msgs) by extension 'colcon_pkg'
[0.663s] Level 1:colcon.colcon_core.package_identification:_identify(src/navbot_msgs) by extensions ['colcon_meta']
[0.663s] Level 1:colcon.colcon_core.package_identification:_identify(src/navbot_msgs) by extension 'colcon_meta'
[0.665s] Level 1:colcon.colcon_core.package_identification:_identify(src/navbot_msgs) by extensions ['ros']
[0.666s] Level 1:colcon.colcon_core.package_identification:_identify(src/navbot_msgs) by extension 'ros'
[0.681s] DEBUG:colcon.colcon_core.package_identification:Package 'src/navbot_msgs' with type 'ros.ament_cmake' and name 'navbot_msgs'
[0.684s] Level 1:colcon.colcon_core.package_identification:_identify(src/navbot_utils) by extensions ['ignore', 'ignore_ament_install']
[0.685s] Level 1:colcon.colcon_core.package_identification:_identify(src/navbot_utils) by extension 'ignore'
[0.686s] Level 1:colcon.colcon_core.package_identification:_identify(src/navbot_utils) by extension 'ignore_ament_install'
[0.689s] Level 1:colcon.colcon_core.package_identification:_identify(src/navbot_utils) by extensions ['colcon_pkg']
[0.689s] Level 1:colcon.colcon_core.package_identification:_identify(src/navbot_utils) by extension 'colcon_pkg'
[0.690s] Level 1:colcon.colcon_core.package_identification:_identify(src/navbot_utils) by extensions ['colcon_meta']
[0.690s] Level 1:colcon.colcon_core.package_identification:_identify(src/navbot_utils) by extension 'colcon_meta'
[0.691s] Level 1:colcon.colcon_core.package_identification:_identify(src/navbot_utils) by extensions ['ros']
[0.692s] Level 1:colcon.colcon_core.package_identification:_identify(src/navbot_utils) by extension 'ros'
[0.704s] DEBUG:colcon.colcon_core.package_identification:Package 'src/navbot_utils' with type 'ros.ament_cmake' and name 'navbot_utils'
[0.704s] Level 1:colcon.colcon_core.package_discovery:discover_packages(recursive) using defaults
[0.704s] Level 1:colcon.colcon_core.package_discovery:discover_packages(ignore) discover
[0.704s] Level 1:colcon.colcon_core.package_discovery:discover_packages(ignore) using defaults
[0.705s] Level 1:colcon.colcon_core.package_discovery:discover_packages(path) discover
[0.705s] Level 1:colcon.colcon_core.package_discovery:discover_packages(path) using defaults
[0.783s] INFO:colcon.colcon_core.package_selection:Skipping not selected package 'navbot_bringup' in 'src/navbot_bringup'
[0.784s] INFO:colcon.colcon_core.package_selection:Skipping not selected package 'navbot_cpp_examples' in 'src/navbot_cpp_examples'
[0.784s] INFO:colcon.colcon_core.package_selection:Skipping not selected package 'navbot_descriptions' in 'src/navbot_descriptions'
[0.785s] INFO:colcon.colcon_core.package_selection:Skipping not selected package 'navbot_examples' in 'src/navbot_examples'
[0.785s] INFO:colcon.colcon_core.package_selection:Skipping not selected package 'navbot_firmware' in 'src/navbot_firmware'
[0.786s] INFO:colcon.colcon_core.package_selection:Skipping not selected package 'navbot_localization' in 'src/navbot_localization'
[0.786s] INFO:colcon.colcon_core.package_selection:Skipping not selected package 'navbot_msgs' in 'src/navbot_msgs'
[0.787s] INFO:colcon.colcon_core.package_selection:Skipping not selected package 'navbot_utils' in 'src/navbot_utils'
[0.788s] Level 5:colcon.colcon_core.verb:set package 'navbot_controller' build argument 'cmake_args' from command line to 'None'
[0.788s] Level 5:colcon.colcon_core.verb:set package 'navbot_controller' build argument 'cmake_target' from command line to 'None'
[0.788s] Level 5:colcon.colcon_core.verb:set package 'navbot_controller' build argument 'cmake_target_skip_unavailable' from command line to 'False'
[0.789s] Level 5:colcon.colcon_core.verb:set package 'navbot_controller' build argument 'cmake_clean_cache' from command line to 'False'
[0.789s] Level 5:colcon.colcon_core.verb:set package 'navbot_controller' build argument 'cmake_clean_first' from command line to 'False'
[0.790s] Level 5:colcon.colcon_core.verb:set package 'navbot_controller' build argument 'cmake_force_configure' from command line to 'False'
[0.790s] Level 5:colcon.colcon_core.verb:set package 'navbot_controller' build argument 'ament_cmake_args' from command line to 'None'
[0.790s] Level 5:colcon.colcon_core.verb:set package 'navbot_controller' build argument 'catkin_cmake_args' from command line to 'None'
[0.791s] Level 5:colcon.colcon_core.verb:set package 'navbot_controller' build argument 'catkin_skip_building_tests' from command line to 'False'
[0.792s] DEBUG:colcon.colcon_core.verb:Building package 'navbot_controller' with the following arguments: {'ament_cmake_args': None, 'build_base': '/mnt/c/Users/Administrator/Documents/SLAM/Autonomous-Robot-Mapping-Localization-with-ROS-2-and-SLAM-1/navbot/build/navbot_controller', 'catkin_cmake_args': None, 'catkin_skip_building_tests': False, 'cmake_args': None, 'cmake_clean_cache': False, 'cmake_clean_first': False, 'cmake_force_configure': False, 'cmake_target': None, 'cmake_target_skip_unavailable': False, 'install_base': '/mnt/c/Users/Administrator/Documents/SLAM/Autonomous-Robot-Mapping-Localization-with-ROS-2-and-SLAM-1/navbot/install/navbot_controller', 'merge_install': False, 'path': '/mnt/c/Users/Administrator/Documents/SLAM/Autonomous-Robot-Mapping-Localization-with-ROS-2-and-SLAM-1/navbot/src/navbot_controller', 'symlink_install': False, 'test_result_base': None}
[0.792s] INFO:colcon.colcon_core.executor:Executing jobs using 'parallel' executor
[0.794s] DEBUG:colcon.colcon_parallel_executor.executor.parallel:run_until_complete
[0.795s] INFO:colcon.colcon_ros.task.ament_cmake.build:Building ROS package in '/mnt/c/Users/Administrator/Documents/SLAM/Autonomous-Robot-Mapping-Localization-with-ROS-2-and-SLAM-1/navbot/src/navbot_controller' with build type 'ament_cmake'
[0.795s] INFO:colcon.colcon_cmake.task.cmake.build:Building CMake package in '/mnt/c/Users/Administrator/Documents/SLAM/Autonomous-Robot-Mapping-Localization-with-ROS-2-and-SLAM-1/navbot/src/navbot_controller'
[0.803s] INFO:colcon.colcon_core.plugin_system:Skipping extension 'colcon_core.shell.bat': Not used on non-Windows systems
[0.803s] DEBUG:colcon.colcon_core.shell:Skip shell extension 'dsv' for command environment
[0.906s] DEBUG:colcon.colcon_core.event_handler.log_command:Invoking command in '/mnt/c/Users/Administrator/Documents/SLAM/Autonomous-Robot-Mapping-Localization-with-ROS-2-and-SLAM-1/navbot/build/navbot_controller': CMAKE_PREFIX_PATH=${CMAKE_PREFIX_PATH}:/opt/ros/jazzy /usr/bin/cmake --build /mnt/c/Users/Administrator/Documents/SLAM/Autonomous-Robot-Mapping-Localization-with-ROS-2-and-SLAM-1/navbot/build/navbot_controller -- -j8 -l8
[10.549s] DEBUG:colcon.colcon_core.event_handler.log_command:Invoked command in '/mnt/c/Users/Administrator/Documents/SLAM/Autonomous-Robot-Mapping-Localization-with-ROS-2-and-SLAM-1/navbot/build/navbot_controller' returned '2': CMAKE_PREFIX_PATH=${CMAKE_PREFIX_PATH}:/opt/ros/jazzy /usr/bin/cmake --build /mnt/c/Users/Administrator/Documents/SLAM/Autonomous-Robot-Mapping-Localization-with-ROS-2-and-SLAM-1/navbot/build/navbot_controller -- -j8 -l8
[10.565s] Level 1:colcon.colcon_core.environment:create_environment_scripts_only(navbot_controller)
[10.568s] Level 1:colcon.colcon_core.environment:checking '/mnt/c/Users/Administrator/Documents/SLAM/Autonomous-Robot-Mapping-Localization-with-ROS-2-and-SLAM-1/navbot/install/navbot_controller' for CMake module files
[10.680s] Level 1:colcon.colcon_core.environment:checking '/mnt/c/Users/Administrator/Documents/SLAM/Autonomous-Robot-Mapping-Localization-with-ROS-2-and-SLAM-1/navbot/install/navbot_controller' for CMake config files
[10.831s] Level 1:colcon.colcon_core.shell:create_environment_hook('navbot_controller', 'cmake_prefix_path')
[10.831s] INFO:colcon.colcon_core.shell:Creating environment descriptor '/mnt/c/Users/Administrator/Documents/SLAM/Autonomous-Robot-Mapping-Localization-with-ROS-2-and-SLAM-1/navbot/install/navbot_controller/share/navbot_controller/hook/cmake_prefix_path.dsv'
[10.847s] INFO:colcon.colcon_core.shell:Creating environment hook '/mnt/c/Users/Administrator/Documents/SLAM/Autonomous-Robot-Mapping-Localization-with-ROS-2-and-SLAM-1/navbot/install/navbot_controller/share/navbot_controller/hook/cmake_prefix_path.sh'
[10.873s] Level 1:colcon.colcon_core.environment:checking '/mnt/c/Users/Administrator/Documents/SLAM/Autonomous-Robot-Mapping-Localization-with-ROS-2-and-SLAM-1/navbot/install/navbot_controller/lib'
[10.878s] Level 1:colcon.colcon_core.environment:checking '/mnt/c/Users/Administrator/Documents/SLAM/Autonomous-Robot-Mapping-Localization-with-ROS-2-and-SLAM-1/navbot/install/navbot_controller/bin'
[10.879s] Level 1:colcon.colcon_core.environment:checking '/mnt/c/Users/Administrator/Documents/SLAM/Autonomous-Robot-Mapping-Localization-with-ROS-2-and-SLAM-1/navbot/install/navbot_controller/lib/pkgconfig/navbot_controller.pc'
[10.884s] Level 1:colcon.colcon_core.environment:checking '/mnt/c/Users/Administrator/Documents/SLAM/Autonomous-Robot-Mapping-Localization-with-ROS-2-and-SLAM-1/navbot/install/navbot_controller/lib/python3.12/site-packages'
[10.887s] Level 1:colcon.colcon_core.shell:create_environment_hook('navbot_controller', 'pythonpath')
[10.888s] INFO:colcon.colcon_core.shell:Creating environment descriptor '/mnt/c/Users/Administrator/Documents/SLAM/Autonomous-Robot-Mapping-Localization-with-ROS-2-and-SLAM-1/navbot/install/navbot_controller/share/navbot_controller/hook/pythonpath.dsv'
[10.906s] INFO:colcon.colcon_core.shell:Creating environment hook '/mnt/c/Users/Administrator/Documents/SLAM/Autonomous-Robot-Mapping-Localization-with-ROS-2-and-SLAM-1/navbot/install/navbot_controller/share/navbot_controller/hook/pythonpath.sh'
[10.933s] Level 1:colcon.colcon_core.environment:checking '/mnt/c/Users/Administrator/Documents/SLAM/Autonomous-Robot-Mapping-Localization-with-ROS-2-and-SLAM-1/navbot/install/navbot_controller/bin'
[10.935s] INFO:colcon.colcon_core.shell:Creating package descriptor '/mnt/c/Users/Administrator/Documents/SLAM/Autonomous-Robot-Mapping-Localization-with-ROS-2-and-SLAM-1/navbot/install/navbot_controller/share/navbot_controller/package.dsv'
[10.949s] INFO:colcon.colcon_core.shell:Creating package script '/mnt/c/Users/Administrator/Documents/SLAM/Autonomous-Robot-Mapping-Localization-with-ROS-2-and-SLAM-1/navbot/install/navbot_controller/share/navbot_controller/package.sh'
[10.966s] INFO:colcon.colcon_core.shell:Creating package script '/mnt/c/Users/Administrator/Documents/SLAM/Autonomous-Robot-Mapping-Localization-with-ROS-2-and-SLAM-1/navbot/install/navbot_controller/share/navbot_controller/package.bash'
[10.979s] INFO:colcon.colcon_core.shell:Creating package script '/mnt/c/Users/Administrator/Documents/SLAM/Autonomous-Robot-Mapping-Localization-with-ROS-2-and-SLAM-1/navbot/install/navbot_controller/share/navbot_controller/package.zsh'
[10.991s] Level 1:colcon.colcon_core.environment:create_file_with_runtime_dependencies(/mnt/c/Users/Administrator/Documents/SLAM/Autonomous-Robot-Mapping-Localization-with-ROS-2-and-SLAM-1/navbot/install/navbot_controller/share/colcon-core/packages/navbot_controller)
[11.010s] DEBUG:colcon.colcon_parallel_executor.executor.parallel:closing loop
[11.010s] DEBUG:colcon.colcon_parallel_executor.executor.parallel:loop closed
[11.011s] DEBUG:colcon.colcon_parallel_executor.executor.parallel:run_until_complete finished with '2'
[11.012s] DEBUG:colcon.colcon_core.event_reactor:joining thread
[11.183s] INFO:colcon.colcon_core.plugin_system:Skipping extension 'colcon_notification.desktop_notification.notify_send': Could not find 'notify-send'
[11.183s] INFO:colcon.colcon_core.plugin_system:Skipping extension 'colcon_notification.desktop_notification.terminal_notifier': Not used on non-Darwin systems
[11.183s] INFO:colcon.colcon_core.plugin_system:Skipping extension 'colcon_notification.desktop_notification.win32': Not used on non-Windows systems
[11.184s] INFO:colcon.colcon_notification.desktop_notification:Sending desktop notification using 'notify2'
[11.185s] DEBUG:colcon.colcon_notification.desktop_notification.notify2:Failed to initialize notify2: org.freedesktop.DBus.Error.ServiceUnknown: The name org.freedesktop.Notifications was not provided by any .service files
[11.186s] DEBUG:colcon.colcon_core.event_reactor:joined thread
[11.186s] INFO:colcon.colcon_core.shell:Creating prefix script '/mnt/c/Users/Administrator/Documents/SLAM/Autonomous-Robot-Mapping-Localization-with-ROS-2-and-SLAM-1/navbot/install/local_setup.sh'
[11.191s] INFO:colcon.colcon_core.shell:Creating prefix util module '/mnt/c/Users/Administrator/Documents/SLAM/Autonomous-Robot-Mapping-Localization-with-ROS-2-and-SLAM-1/navbot/install/_local_setup_util_sh.py'
[11.199s] INFO:colcon.colcon_core.shell:Creating prefix chain script '/mnt/c/Users/Administrator/Documents/SLAM/Autonomous-Robot-Mapping-Localization-with-ROS-2-and-SLAM-1/navbot/install/setup.sh'
[11.206s] INFO:colcon.colcon_core.shell:Creating prefix script '/mnt/c/Users/Administrator/Documents/SLAM/Autonomous-Robot-Mapping-Localization-with-ROS-2-and-SLAM-1/navbot/install/local_setup.bash'
[11.211s] INFO:colcon.colcon_core.shell:Creating prefix chain script '/mnt/c/Users/Administrator/Documents/SLAM/Autonomous-Robot-Mapping-Localization-with-ROS-2-and-SLAM-1/navbot/install/setup.bash'
[11.217s] INFO:colcon.colcon_core.shell:Creating prefix script '/mnt/c/Users/Administrator/Documents/SLAM/Autonomous-Robot-Mapping-Localization-with-ROS-2-and-SLAM-1/navbot/install/local_setup.zsh'
[11.222s] INFO:colcon.colcon_core.shell:Creating prefix chain script '/mnt/c/Users/Administrator/Documents/SLAM/Autonomous-Robot-Mapping-Localization-with-ROS-2-and-SLAM-1/navbot/install/setup.zsh'
