[10.734s] Invoking command in '/mnt/c/Users/Administrator/Documents/SLAM/Autonomous-Robot-Mapping-Localization-with-ROS-2-and-SLAM-1/navbot/src/navbot_examples': PYTHONPATH=/mnt/c/Users/Administrator/Documents/SLAM/Autonomous-Robot-Mapping-Localization-with-ROS-2-and-SLAM-1/navbot/build/navbot_examples/prefix_override:/usr/lib/python3/dist-packages/colcon_core/task/python/colcon_distutils_commands:/mnt/c/Users/Administrator/Documents/SLAM/Autonomous-Robot-Mapping-Localization-with-ROS-2-and-SLAM-1/navbot/install/navbot_examples/lib/python3.12/site-packages:${PYTHONPATH} /usr/bin/python3 -W ignore:setup.py install is deprecated -W ignore:easy_install command is deprecated setup.py egg_info --egg-base ../../build/navbot_examples build --build-base /mnt/c/Users/Administrator/Documents/SLAM/Autonomous-Robot-Mapping-Localization-with-ROS-2-and-SLAM-1/navbot/build/navbot_examples/build install --record /mnt/c/Users/Administrator/Documents/SLAM/Autonomous-Robot-Mapping-Localization-with-ROS-2-and-SLAM-1/navbot/build/navbot_examples/install.log --single-version-externally-managed install_data
[12.902s] running egg_info
[12.967s] writing ../../build/navbot_examples/navbot_examples.egg-info/PKG-INFO
[12.974s] writing dependency_links to ../../build/navbot_examples/navbot_examples.egg-info/dependency_links.txt
[12.980s] writing entry points to ../../build/navbot_examples/navbot_examples.egg-info/entry_points.txt
[12.986s] writing requirements to ../../build/navbot_examples/navbot_examples.egg-info/requires.txt
[12.991s] writing top-level names to ../../build/navbot_examples/navbot_examples.egg-info/top_level.txt
[13.208s] reading manifest file '../../build/navbot_examples/navbot_examples.egg-info/SOURCES.txt'
[13.315s] writing manifest file '../../build/navbot_examples/navbot_examples.egg-info/SOURCES.txt'
[13.319s] running build
[13.320s] running build_py
[13.354s] copying navbot_examples/simple_tf_kinematics.py -> /mnt/c/Users/Administrator/Documents/SLAM/Autonomous-Robot-Mapping-Localization-with-ROS-2-and-SLAM-1/navbot/build/navbot_examples/build/lib/navbot_examples
[13.465s] running install
[13.482s] running install_lib
[13.613s] copying /mnt/c/Users/Administrator/Documents/SLAM/Autonomous-Robot-Mapping-Localization-with-ROS-2-and-SLAM-1/navbot/build/navbot_examples/build/lib/navbot_examples/simple_tf_kinematics.py -> /mnt/c/Users/Administrator/Documents/SLAM/Autonomous-Robot-Mapping-Localization-with-ROS-2-and-SLAM-1/navbot/install/navbot_examples/lib/python3.12/site-packages/navbot_examples
[13.826s] byte-compiling /mnt/c/Users/Administrator/Documents/SLAM/Autonomous-Robot-Mapping-Localization-with-ROS-2-and-SLAM-1/navbot/install/navbot_examples/lib/python3.12/site-packages/navbot_examples/simple_tf_kinematics.py to simple_tf_kinematics.cpython-312.pyc
[13.978s] running install_data
[14.019s] running install_egg_info
[14.119s] removing '/mnt/c/Users/Administrator/Documents/SLAM/Autonomous-Robot-Mapping-Localization-with-ROS-2-and-SLAM-1/navbot/install/navbot_examples/lib/python3.12/site-packages/navbot_examples-0.0.0-py3.12.egg-info' (and everything under it)
[14.195s] Copying ../../build/navbot_examples/navbot_examples.egg-info to /mnt/c/Users/Administrator/Documents/SLAM/Autonomous-Robot-Mapping-Localization-with-ROS-2-and-SLAM-1/navbot/install/navbot_examples/lib/python3.12/site-packages/navbot_examples-0.0.0-py3.12.egg-info
[14.594s] running install_scripts
[15.496s] Installing simple_parameter script to /mnt/c/Users/Administrator/Documents/SLAM/Autonomous-Robot-Mapping-Localization-with-ROS-2-and-SLAM-1/navbot/install/navbot_examples/lib/navbot_examples
[15.512s] Installing simple_tf_kinematics script to /mnt/c/Users/Administrator/Documents/SLAM/Autonomous-Robot-Mapping-Localization-with-ROS-2-and-SLAM-1/navbot/install/navbot_examples/lib/navbot_examples
[15.526s] Installing simple_turtlesim_kinematics script to /mnt/c/Users/Administrator/Documents/SLAM/Autonomous-Robot-Mapping-Localization-with-ROS-2-and-SLAM-1/navbot/install/navbot_examples/lib/navbot_examples
[15.538s] Installing valen_pub script to /mnt/c/Users/Administrator/Documents/SLAM/Autonomous-Robot-Mapping-Localization-with-ROS-2-and-SLAM-1/navbot/install/navbot_examples/lib/navbot_examples
[15.550s] Installing valen_subscribing script to /mnt/c/Users/Administrator/Documents/SLAM/Autonomous-Robot-Mapping-Localization-with-ROS-2-and-SLAM-1/navbot/install/navbot_examples/lib/navbot_examples
[15.567s] writing list of installed files to '/mnt/c/Users/Administrator/Documents/SLAM/Autonomous-Robot-Mapping-Localization-with-ROS-2-and-SLAM-1/navbot/build/navbot_examples/install.log'
[15.920s] Invoked command in '/mnt/c/Users/Administrator/Documents/SLAM/Autonomous-Robot-Mapping-Localization-with-ROS-2-and-SLAM-1/navbot/src/navbot_examples' returned '0': PYTHONPATH=/mnt/c/Users/Administrator/Documents/SLAM/Autonomous-Robot-Mapping-Localization-with-ROS-2-and-SLAM-1/navbot/build/navbot_examples/prefix_override:/usr/lib/python3/dist-packages/colcon_core/task/python/colcon_distutils_commands:/mnt/c/Users/Administrator/Documents/SLAM/Autonomous-Robot-Mapping-Localization-with-ROS-2-and-SLAM-1/navbot/install/navbot_examples/lib/python3.12/site-packages:${PYTHONPATH} /usr/bin/python3 -W ignore:setup.py install is deprecated -W ignore:easy_install command is deprecated setup.py egg_info --egg-base ../../build/navbot_examples build --build-base /mnt/c/Users/Administrator/Documents/SLAM/Autonomous-Robot-Mapping-Localization-with-ROS-2-and-SLAM-1/navbot/build/navbot_examples/build install --record /mnt/c/Users/Administrator/Documents/SLAM/Autonomous-Robot-Mapping-Localization-with-ROS-2-and-SLAM-1/navbot/build/navbot_examples/install.log --single-version-externally-managed install_data
